[0.011s] Invoking command in '/home/dsh/Documents/work_logs/code/SFUISE/sfuise_ws/build/isas_msgs': CMAKE_PREFIX_PATH=/opt/ros/humble /usr/bin/cmake --build /home/dsh/Documents/work_logs/code/SFUISE/sfuise_ws/build/isas_msgs -- -j20 -l20
[0.045s] -- Found ament_cmake: 1.3.11 (/opt/ros/humble/share/ament_cmake/cmake)
[0.188s] -- Found ament_lint_auto: 0.12.11 (/opt/ros/humble/share/ament_lint_auto/cmake)
[0.269s] -- Found geometry_msgs: 4.2.4 (/opt/ros/humble/share/geometry_msgs/cmake)
[0.296s] -- Found rosidl_generator_c: 3.1.6 (/opt/ros/humble/share/rosidl_generator_c/cmake)
[0.299s] -- Found rosidl_adapter: 3.1.6 (/opt/ros/humble/share/rosidl_adapter/cmake)
[0.305s] -- Found rosidl_generator_cpp: 3.1.6 (/opt/ros/humble/share/rosidl_generator_cpp/cmake)
[0.316s] -- Using all available rosidl_typesupport_c: rosidl_typesupport_fastrtps_c;rosidl_typesupport_introspection_c
[0.333s] -- Using all available rosidl_typesupport_cpp: rosidl_typesupport_fastrtps_cpp;rosidl_typesupport_introspection_cpp
[0.389s] -- Found rosidl_default_generators: 1.2.0 (/opt/ros/humble/share/rosidl_default_generators/cmake)
[0.723s] -- Found ament_cmake_ros: 0.10.0 (/opt/ros/humble/share/ament_cmake_ros/cmake)
[1.199s] -- Using all available rosidl_typesupport_c: rosidl_typesupport_fastrtps_c;rosidl_typesupport_introspection_c
[1.384s] -- Using all available rosidl_typesupport_cpp: rosidl_typesupport_fastrtps_cpp;rosidl_typesupport_introspection_cpp
[1.408s] -- Found python_cmake_module: 0.10.0 (/opt/ros/humble/share/python_cmake_module/cmake)
[1.433s] -- Using PYTHON_EXECUTABLE: /usr/bin/python3
[1.433s] -- Using PYTHON_INCLUDE_DIRS: /usr/include/python3.10
[1.433s] -- Using PYTHON_LIBRARIES: /usr/lib/x86_64-linux-gnu/libpython3.10.so
[1.477s] -- Added test 'lint_cmake' to check CMake code style
[1.478s] -- Added test 'xmllint' to check XML markup files
[1.481s] -- Configuring done
[1.528s] -- Generating done
[1.546s] -- Build files have been written to: /home/dsh/Documents/work_logs/code/SFUISE/sfuise_ws/build/isas_msgs
[1.586s] [35m[1mConsolidate compiler generated dependencies of target isas_msgs__rosidl_generator_c[0m
[1.601s] [  1%] Built target isas_msgs__cpp
[1.604s] [  3%] [32mBuilding C object CMakeFiles/isas_msgs__rosidl_generator_c.dir/rosidl_generator_c/isas_msgs/msg/detail/rtls_stick__functions.c.o[0m
[1.611s] [  3%] Built target ament_cmake_python_copy_isas_msgs
[1.618s] [35m[1mConsolidate compiler generated dependencies of target isas_msgs__rosidl_typesupport_fastrtps_cpp[0m
[1.621s] [35m[1mConsolidate compiler generated dependencies of target isas_msgs__rosidl_typesupport_cpp[0m
[1.621s] [35m[1mConsolidate compiler generated dependencies of target isas_msgs__rosidl_typesupport_introspection_cpp[0m
[1.626s] In file included from [01m[K/home/dsh/Documents/work_logs/code/SFUISE/sfuise_ws/build/isas_msgs/rosidl_generator_c/isas_msgs/msg/detail/rtls_stick__functions.h:19[m[K,
[1.626s]                  from [01m[K/home/dsh/Documents/work_logs/code/SFUISE/sfuise_ws/build/isas_msgs/rosidl_generator_c/isas_msgs/msg/detail/rtls_stick__functions.c:4[m[K:
[1.626s] [01m[K/home/dsh/Documents/work_logs/code/SFUISE/sfuise_ws/build/isas_msgs/rosidl_generator_c/isas_msgs/msg/detail/rtls_stick__struct.h:22:10:[m[K [01;31m[Kfatal error: [m[Kisas_msgs/msg/detail/header__struct.h: No such file or directory
[1.627s]    22 | #include [01;31m[K"isas_msgs/msg/detail/header__struct.h"[m[K
[1.627s]       |          [01;31m[K^~~~~~~~~~~~~~~~~~~~~~~~~~~~~~~~~~~~~~~[m[K
[1.627s] compilation terminated.
[1.627s] gmake[2]: *** [CMakeFiles/isas_msgs__rosidl_generator_c.dir/build.make:257: CMakeFiles/isas_msgs__rosidl_generator_c.dir/rosidl_generator_c/isas_msgs/msg/detail/rtls_stick__functions.c.o] Error 1
[1.628s] gmake[1]: *** [CMakeFiles/Makefile2:213: CMakeFiles/isas_msgs__rosidl_generator_c.dir/all] Error 2
[1.628s] gmake[1]: *** Waiting for unfinished jobs....
[1.645s] [  5%] [32mBuilding CXX object CMakeFiles/isas_msgs__rosidl_typesupport_fastrtps_cpp.dir/rosidl_typesupport_fastrtps_cpp/isas_msgs/msg/detail/dds_fastrtps/rtls_stick__type_support.cpp.o[0m
[1.650s] [  7%] [32mBuilding CXX object CMakeFiles/isas_msgs__rosidl_typesupport_introspection_cpp.dir/rosidl_typesupport_introspection_cpp/isas_msgs/msg/detail/rtls_stick__type_support.cpp.o[0m
[1.650s] [  9%] [32mBuilding CXX object CMakeFiles/isas_msgs__rosidl_typesupport_cpp.dir/rosidl_typesupport_cpp/isas_msgs/msg/rtls_stick__type_support.cpp.o[0m
[1.729s] In file included from [01m[K/home/dsh/Documents/work_logs/code/SFUISE/sfuise_ws/build/isas_msgs/rosidl_typesupport_fastrtps_cpp/isas_msgs/msg/detail/rtls_stick__rosidl_typesupport_fastrtps_cpp.hpp:11[m[K,
[1.729s]                  from [01m[K/home/dsh/Documents/work_logs/code/SFUISE/sfuise_ws/build/isas_msgs/rosidl_typesupport_fastrtps_cpp/isas_msgs/msg/detail/dds_fastrtps/rtls_stick__type_support.cpp:4[m[K:
[1.729s] [01m[K/home/dsh/Documents/work_logs/code/SFUISE/sfuise_ws/build/isas_msgs/rosidl_generator_cpp/isas_msgs/msg/detail/rtls_stick__struct.hpp:20:10:[m[K [01;31m[Kfatal error: [m[Kisas_msgs/msg/detail/header__struct.hpp: No such file or directory
[1.729s]    20 | #include [01;31m[K"isas_msgs/msg/detail/header__struct.hpp"[m[K
[1.729s]       |          [01;31m[K^~~~~~~~~~~~~~~~~~~~~~~~~~~~~~~~~~~~~~~~~[m[K
[1.729s] compilation terminated.
[1.731s] gmake[2]: *** [CMakeFiles/isas_msgs__rosidl_typesupport_fastrtps_cpp.dir/build.make:216: CMakeFiles/isas_msgs__rosidl_typesupport_fastrtps_cpp.dir/rosidl_typesupport_fastrtps_cpp/isas_msgs/msg/detail/dds_fastrtps/rtls_stick__type_support.cpp.o] Error 1
[1.732s] gmake[1]: *** [CMakeFiles/Makefile2:291: CMakeFiles/isas_msgs__rosidl_typesupport_fastrtps_cpp.dir/all] Error 2
[1.732s] In file included from [01m[K/home/dsh/Documents/work_logs/code/SFUISE/sfuise_ws/build/isas_msgs/rosidl_typesupport_cpp/isas_msgs/msg/rtls_stick__type_support.cpp:7[m[K:
[1.732s] [01m[K/home/dsh/Documents/work_logs/code/SFUISE/sfuise_ws/build/isas_msgs/rosidl_generator_cpp/isas_msgs/msg/detail/rtls_stick__struct.hpp:20:10:[m[K [01;31m[Kfatal error: [m[Kisas_msgs/msg/detail/header__struct.hpp: No such file or directory
[1.732s]    20 | #include [01;31m[K"isas_msgs/msg/detail/header__struct.hpp"[m[K
[1.733s]       |          [01;31m[K^~~~~~~~~~~~~~~~~~~~~~~~~~~~~~~~~~~~~~~~~[m[K
[1.733s] compilation terminated.
[1.734s] gmake[2]: *** [CMakeFiles/isas_msgs__rosidl_typesupport_cpp.dir/build.make:202: CMakeFiles/isas_msgs__rosidl_typesupport_cpp.dir/rosidl_typesupport_cpp/isas_msgs/msg/rtls_stick__type_support.cpp.o] Error 1
[1.735s] gmake[1]: *** [CMakeFiles/Makefile2:395: CMakeFiles/isas_msgs__rosidl_typesupport_cpp.dir/all] Error 2
[1.740s] In file included from [01m[K/home/dsh/Documents/work_logs/code/SFUISE/sfuise_ws/build/isas_msgs/rosidl_typesupport_introspection_cpp/isas_msgs/msg/detail/rtls_stick__type_support.cpp:12[m[K:
[1.740s] [01m[K/home/dsh/Documents/work_logs/code/SFUISE/sfuise_ws/build/isas_msgs/rosidl_generator_cpp/isas_msgs/msg/detail/rtls_stick__struct.hpp:20:10:[m[K [01;31m[Kfatal error: [m[Kisas_msgs/msg/detail/header__struct.hpp: No such file or directory
[1.740s]    20 | #include [01;31m[K"isas_msgs/msg/detail/header__struct.hpp"[m[K
[1.740s]       |          [01;31m[K^~~~~~~~~~~~~~~~~~~~~~~~~~~~~~~~~~~~~~~~~[m[K
[1.741s] compilation terminated.
[1.742s] gmake[2]: *** [CMakeFiles/isas_msgs__rosidl_typesupport_introspection_cpp.dir/build.make:216: CMakeFiles/isas_msgs__rosidl_typesupport_introspection_cpp.dir/rosidl_typesupport_introspection_cpp/isas_msgs/msg/detail/rtls_stick__type_support.cpp.o] Error 1
[1.742s] gmake[1]: *** [CMakeFiles/Makefile2:369: CMakeFiles/isas_msgs__rosidl_typesupport_introspection_cpp.dir/all] Error 2
[1.949s] running egg_info
[1.950s] writing isas_msgs.egg-info/PKG-INFO
[1.950s] writing dependency_links to isas_msgs.egg-info/dependency_links.txt
[1.950s] writing top-level names to isas_msgs.egg-info/top_level.txt
[1.953s] reading manifest file 'isas_msgs.egg-info/SOURCES.txt'
[1.953s] writing manifest file 'isas_msgs.egg-info/SOURCES.txt'
[1.989s] [  9%] Built target ament_cmake_python_build_isas_msgs_egg
[1.991s] gmake: *** [Makefile:146: all] Error 2
[1.994s] Invoked command in '/home/dsh/Documents/work_logs/code/SFUISE/sfuise_ws/build/isas_msgs' returned '2': CMAKE_PREFIX_PATH=/opt/ros/humble /usr/bin/cmake --build /home/dsh/Documents/work_logs/code/SFUISE/sfuise_ws/build/isas_msgs -- -j20 -l20
