[0.029s] Invoking command in '/home/dsh/Documents/work_logs/code/SFUISE/sfuise_ws/build/sfuise': AMENT_PREFIX_PATH=/home/dsh/Documents/work_logs/code/SFUISE/sfuise_ws/install/sfuise_msgs:/home/dsh/Documents/work_logs/code/SFUISE/sfuise_ws/install/isas_msgs:/home/dsh/Documents/work_logs/code/SFUISE/sfuise_ws/install/cf_msgs:${AMENT_PREFIX_PATH} CMAKE_PREFIX_PATH=/home/dsh/Documents/work_logs/code/SFUISE/sfuise_ws/install/sfuise_msgs:/home/dsh/Documents/work_logs/code/SFUISE/sfuise_ws/install/isas_msgs:/home/dsh/Documents/work_logs/code/SFUISE/sfuise_ws/install/cf_msgs:/opt/ros/humble LD_LIBRARY_PATH=/home/dsh/Documents/work_logs/code/SFUISE/sfuise_ws/install/sfuise_msgs/lib:/home/dsh/Documents/work_logs/code/SFUISE/sfuise_ws/install/isas_msgs/lib:/home/dsh/Documents/work_logs/code/SFUISE/sfuise_ws/install/cf_msgs/lib:${LD_LIBRARY_PATH} PYTHONPATH=/home/dsh/Documents/work_logs/code/SFUISE/sfuise_ws/install/sfuise_msgs/local/lib/python3.10/dist-packages:/home/dsh/Documents/work_logs/code/SFUISE/sfuise_ws/install/isas_msgs/local/lib/python3.10/dist-packages:/home/dsh/Documents/work_logs/code/SFUISE/sfuise_ws/install/cf_msgs/local/lib/python3.10/dist-packages:${PYTHONPATH} /usr/bin/cmake --build /home/dsh/Documents/work_logs/code/SFUISE/sfuise_ws/build/sfuise -- -j20 -l20
[0.129s] [35m[1mConsolidate compiler generated dependencies of target EstimationInterface[0m
[0.130s] [35m[1mConsolidate compiler generated dependencies of target SplineFusion[0m
[0.188s] [ 25%] [32mBuilding CXX object CMakeFiles/SplineFusion.dir/src/SplineFusion.cpp.o[0m
[0.189s] [ 50%] [32mBuilding CXX object CMakeFiles/EstimationInterface.dir/src/EstimationInterface.cpp.o[0m
[7.762s] [01m[K/home/dsh/Documents/work_logs/code/SFUISE/sfuise_ws/src/sfuise/src/EstimationInterface.cpp:[m[K In member function ‚Äò[01m[Kvoid EstimationInterface::getToaISASCallback(isas_msgs::msg::RTLSStick_<std::allocator<void> >::SharedPtr)[m[K‚Äô:
[7.763s] [01m[K/home/dsh/Documents/work_logs/code/SFUISE/sfuise_ws/src/sfuise/src/EstimationInterface.cpp:309:22:[m[K [01;31m[Kerror: [m[K‚Äò[01m[Kusing element_type = class rclcpp::PublisherBase[m[K‚Äô {aka ‚Äò[01m[Kclass rclcpp::PublisherBase[m[K‚Äô} has no member named ‚Äò[01m[Kpublish[m[K‚Äô
[7.763s]   309 |             pub_uwb->[01;31m[Kpublish[m[K(*uwb_msg); // ÂèëÂ∏ÉUWBÊï∞ÊçÆ
[7.763s]       |                      [01;31m[K^~~~~~~[m[K
[7.766s] [01m[K/home/dsh/Documents/work_logs/code/SFUISE/sfuise_ws/src/sfuise/src/EstimationInterface.cpp:[m[K In member function ‚Äò[01m[Kvoid EstimationInterface::getTdoaUTILCallback(cf_msgs::msg::Tdoa_<std::allocator<void> >::SharedPtr)[m[K‚Äô:
[7.767s] [01m[K/home/dsh/Documents/work_logs/code/SFUISE/sfuise_ws/src/sfuise/src/EstimationInterface.cpp:322:35:[m[K [01;31m[Kerror: [m[K‚Äò[01m[Kusing element_type = class rclcpp::PublisherBase[m[K‚Äô {aka ‚Äò[01m[Kclass rclcpp::PublisherBase[m[K‚Äô} has no member named ‚Äò[01m[Kpublish[m[K‚Äô
[7.767s]   322 |             if (pub_uwb) pub_uwb->[01;31m[Kpublish[m[K(*msg); // ÂèëÂ∏ÉTDOAÊï∞ÊçÆ
[7.767s]       |                                   [01;31m[K^~~~~~~[m[K
[25.765s] gmake[2]: *** [CMakeFiles/EstimationInterface.dir/build.make:76: CMakeFiles/EstimationInterface.dir/src/EstimationInterface.cpp.o] Error 1
[25.765s] gmake[1]: *** [CMakeFiles/Makefile2:139: CMakeFiles/EstimationInterface.dir/all] Error 2
[25.765s] gmake[1]: *** Waiting for unfinished jobs....
[57.653s] [ 75%] [32m[1mLinking CXX executable SplineFusion[0m
[58.004s] /usr/bin/ld: CMakeFiles/SplineFusion.dir/src/SplineFusion.cpp.o: in function `Eigen::CholmodBase<Eigen::SparseMatrix<double, 0, int>, 1, Eigen::CholmodSupernodalLLT<Eigen::SparseMatrix<double, 0, int>, 1> >::~CholmodBase()':
[58.004s] SplineFusion.cpp:(.text._ZN5Eigen11CholmodBaseINS_12SparseMatrixIdLi0EiEELi1ENS_20CholmodSupernodalLLTIS2_Li1EEEED2Ev[_ZN5Eigen11CholmodBaseINS_12SparseMatrixIdLi0EiEELi1ENS_20CholmodSupernodalLLTIS2_Li1EEEED5Ev]+0x1e): undefined reference to `cholmod_free_factor'
[58.004s] /usr/bin/ld: SplineFusion.cpp:(.text._ZN5Eigen11CholmodBaseINS_12SparseMatrixIdLi0EiEELi1ENS_20CholmodSupernodalLLTIS2_Li1EEEED2Ev[_ZN5Eigen11CholmodBaseINS_12SparseMatrixIdLi0EiEELi1ENS_20CholmodSupernodalLLTIS2_Li1EEEED5Ev]+0x26): undefined reference to `cholmod_finish'
[58.005s] /usr/bin/ld: CMakeFiles/SplineFusion.dir/src/SplineFusion.cpp.o: in function `SplineFusion::optimize(int)':
[58.006s] SplineFusion.cpp:(.text._ZN12SplineFusion8optimizeEi[_ZN12SplineFusion8optimizeEi]+0x7d8): undefined reference to `cholmod_start'
[58.006s] /usr/bin/ld: SplineFusion.cpp:(.text._ZN12SplineFusion8optimizeEi[_ZN12SplineFusion8optimizeEi]+0x80f): undefined reference to `cholmod_free_factor'
[58.006s] /usr/bin/ld: SplineFusion.cpp:(.text._ZN12SplineFusion8optimizeEi[_ZN12SplineFusion8optimizeEi]+0x864): undefined reference to `cholmod_analyze'
[58.006s] /usr/bin/ld: SplineFusion.cpp:(.text._ZN12SplineFusion8optimizeEi[_ZN12SplineFusion8optimizeEi]+0x8dc): undefined reference to `cholmod_factorize_p'
[58.006s] /usr/bin/ld: SplineFusion.cpp:(.text._ZN12SplineFusion8optimizeEi[_ZN12SplineFusion8optimizeEi]+0x9ea): undefined reference to `cholmod_solve'
[58.006s] /usr/bin/ld: SplineFusion.cpp:(.text._ZN12SplineFusion8optimizeEi[_ZN12SplineFusion8optimizeEi]+0xa49): undefined reference to `cholmod_free_dense'
[58.006s] /usr/bin/ld: SplineFusion.cpp:(.text._ZN12SplineFusion8optimizeEi[_ZN12SplineFusion8optimizeEi]+0xa69): undefined reference to `cholmod_free_factor'
[58.006s] /usr/bin/ld: SplineFusion.cpp:(.text._ZN12SplineFusion8optimizeEi[_ZN12SplineFusion8optimizeEi]+0xa71): undefined reference to `cholmod_finish'
[58.034s] collect2: error: ld returned 1 exit status
[58.036s] gmake[2]: *** [CMakeFiles/SplineFusion.dir/build.make:215: SplineFusion] Error 1
[58.037s] gmake[1]: *** [CMakeFiles/Makefile2:165: CMakeFiles/SplineFusion.dir/all] Error 2
[58.037s] gmake: *** [Makefile:146: all] Error 2
[58.040s] Invoked command in '/home/dsh/Documents/work_logs/code/SFUISE/sfuise_ws/build/sfuise' returned '2': AMENT_PREFIX_PATH=/home/dsh/Documents/work_logs/code/SFUISE/sfuise_ws/install/sfuise_msgs:/home/dsh/Documents/work_logs/code/SFUISE/sfuise_ws/install/isas_msgs:/home/dsh/Documents/work_logs/code/SFUISE/sfuise_ws/install/cf_msgs:${AMENT_PREFIX_PATH} CMAKE_PREFIX_PATH=/home/dsh/Documents/work_logs/code/SFUISE/sfuise_ws/install/sfuise_msgs:/home/dsh/Documents/work_logs/code/SFUISE/sfuise_ws/install/isas_msgs:/home/dsh/Documents/work_logs/code/SFUISE/sfuise_ws/install/cf_msgs:/opt/ros/humble LD_LIBRARY_PATH=/home/dsh/Documents/work_logs/code/SFUISE/sfuise_ws/install/sfuise_msgs/lib:/home/dsh/Documents/work_logs/code/SFUISE/sfuise_ws/install/isas_msgs/lib:/home/dsh/Documents/work_logs/code/SFUISE/sfuise_ws/install/cf_msgs/lib:${LD_LIBRARY_PATH} PYTHONPATH=/home/dsh/Documents/work_logs/code/SFUISE/sfuise_ws/install/sfuise_msgs/local/lib/python3.10/dist-packages:/home/dsh/Documents/work_logs/code/SFUISE/sfuise_ws/install/isas_msgs/local/lib/python3.10/dist-packages:/home/dsh/Documents/work_logs/code/SFUISE/sfuise_ws/install/cf_msgs/local/lib/python3.10/dist-packages:${PYTHONPATH} /usr/bin/cmake --build /home/dsh/Documents/work_logs/code/SFUISE/sfuise_ws/build/sfuise -- -j20 -l20
