[35m[1mConsolidate compiler generated dependencies of target SplineFusion[0m
[ 50%] Built target EstimationInterface
[ 75%] [32mBuilding CXX object CMakeFiles/SplineFusion.dir/src/SplineFusion.cpp.o[0m
[01m[K/home/dsh/Documents/work_logs/code/SFUISE/sfuise_ws/src/sfuise/src/SplineFusion.cpp:[m[K In member function â€˜[01m[Kvoid SplineFusion::displayControlPoints()[m[Kâ€™:
[01m[K/home/dsh/Documents/work_logs/code/SFUISE/sfuise_ws/src/sfuise/src/SplineFusion.cpp:637:24:[m[K [01;31m[Kerror: [m[Kâ€˜[01m[KPoint[m[Kâ€™ is not a member of â€˜[01m[Kgeometry_msgs[m[Kâ€™; did you mean â€˜[01m[Kgeometry_msgs::msg::Point[m[Kâ€™?
  637 |         geometry_msgs::[01;31m[KPoint[m[K point = getPointMsg(spline_local.getIdlePos(0));
      |                        [01;31m[K^~~~~[m[K
In file included from [01m[K/opt/ros/humble/include/geometry_msgs/geometry_msgs/msg/detail/pose__struct.hpp:20[m[K,
                 from [01m[K/opt/ros/humble/include/geometry_msgs/geometry_msgs/msg/detail/pose_stamped__struct.hpp:22[m[K,
                 from [01m[K/opt/ros/humble/include/geometry_msgs/geometry_msgs/msg/pose_stamped.hpp:7[m[K,
                 from [01m[K/home/dsh/Documents/work_logs/code/SFUISE/sfuise_ws/src/sfuise/src/../include/utils/common_utils.h:10[m[K,
                 from [01m[K/home/dsh/Documents/work_logs/code/SFUISE/sfuise_ws/src/sfuise/src/../include/Linearizer.h:3[m[K,
                 from [01m[K/home/dsh/Documents/work_logs/code/SFUISE/sfuise_ws/src/sfuise/src/SplineFusion.cpp:2[m[K:
[01m[K/opt/ros/humble/include/geometry_msgs/geometry_msgs/msg/detail/point__struct.hpp:150:7:[m[K [01;36m[Knote: [m[Kâ€˜[01m[Kgeometry_msgs::msg::Point[m[Kâ€™ declared here
  150 | using [01;36m[KPoint[m[K =
      |       [01;36m[K^~~~~[m[K
[01m[K/home/dsh/Documents/work_logs/code/SFUISE/sfuise_ws/src/sfuise/src/SplineFusion.cpp:640:20:[m[K [01;31m[Kerror: [m[Kâ€˜[01m[Kpoint[m[Kâ€™ was not declared in this scope
  640 |                 << [01;31m[Kpoint[m[K.x << ", "
      |                    [01;31m[K^~~~~[m[K
gmake[2]: *** [CMakeFiles/SplineFusion.dir/build.make:76: CMakeFiles/SplineFusion.dir/src/SplineFusion.cpp.o] Error 1
gmake[1]: *** [CMakeFiles/Makefile2:165: CMakeFiles/SplineFusion.dir/all] Error 2
gmake: *** [Makefile:146: all] Error 2
