[0.032s] Invoking command in '/home/dsh/Documents/work_logs/code/SFUISE/sfuise_ws/build/sfuise': CMAKE_PREFIX_PATH=/home/dsh/Documents/work_logs/code/SFUISE/sfuise_ws/install/sfuise_msgs:/home/dsh/Documents/work_logs/code/SFUISE/sfuise_ws/install/isas_msgs:/home/dsh/Documents/work_logs/code/SFUISE/sfuise_ws/install/cf_msgs:/home/dsh/Documents/work_logs/code/SFUISE/sfuise_ws/install/sfuise:/opt/ros/humble /usr/bin/cmake --build /home/dsh/Documents/work_logs/code/SFUISE/sfuise_ws/build/sfuise -- -j20 -l20
[0.117s] [35m[1mConsolidate compiler generated dependencies of target EstimationInterface[0m
[0.149s] [ 50%] Built target SplineFusion
[0.157s] [ 75%] [32mBuilding CXX object CMakeFiles/EstimationInterface.dir/src/EstimationInterface.cpp.o[0m
[6.800s] [01m[K/home/dsh/Documents/work_logs/code/SFUISE/sfuise_ws/src/sfuise/src/EstimationInterface.cpp:[m[K In member function â€˜[01m[Kvoid EstimationInterface::getImuCallback(sensor_msgs::msg::Imu_<std::allocator<void> >::SharedPtr)[m[Kâ€™:
[6.800s] [01m[K/home/dsh/Documents/work_logs/code/SFUISE/sfuise_ws/src/sfuise/src/EstimationInterface.cpp:94:45:[m[K [01;31m[Kerror: [m[Kâ€˜[01m[Kimg_msg[m[Kâ€™ was not declared in this scope; did you mean â€˜[01m[Kimu_msg[m[Kâ€™?
[6.800s]    94 |         imu_ds_msg->linear_acceleration.x = [01;31m[Kimg_msg[m[K->linear_acceleration.x;
[6.800s]       |                                             [01;31m[K^~~~~~~[m[K
[6.800s]       |                                             [32m[Kimu_msg[m[K
[6.811s] [01m[K/home/dsh/Documents/work_logs/code/SFUISE/sfuise_ws/src/sfuise/src/EstimationInterface.cpp:100:27:[m[K [01;31m[Kerror: [m[Kâ€˜[01m[Kimg_ds_msg[m[Kâ€™ was not declared in this scope; did you mean â€˜[01m[Kimu_ds_msg[m[Kâ€™?
[6.811s]   100 |         pub_imu->publish(*[01;31m[Kimg_ds_msg[m[K);
[6.811s]       |                           [01;31m[K^~~~~~~~~~[m[K
[6.812s]       |                           [32m[Kimu_ds_msg[m[K
[12.419s] gmake[2]: *** [CMakeFiles/EstimationInterface.dir/build.make:76: CMakeFiles/EstimationInterface.dir/src/EstimationInterface.cpp.o] Error 1
[12.419s] gmake[1]: *** [CMakeFiles/Makefile2:139: CMakeFiles/EstimationInterface.dir/all] Error 2
[12.419s] gmake: *** [Makefile:146: all] Error 2
[12.424s] Invoked command in '/home/dsh/Documents/work_logs/code/SFUISE/sfuise_ws/build/sfuise' returned '2': CMAKE_PREFIX_PATH=/home/dsh/Documents/work_logs/code/SFUISE/sfuise_ws/install/sfuise_msgs:/home/dsh/Documents/work_logs/code/SFUISE/sfuise_ws/install/isas_msgs:/home/dsh/Documents/work_logs/code/SFUISE/sfuise_ws/install/cf_msgs:/home/dsh/Documents/work_logs/code/SFUISE/sfuise_ws/install/sfuise:/opt/ros/humble /usr/bin/cmake --build /home/dsh/Documents/work_logs/code/SFUISE/sfuise_ws/build/sfuise -- -j20 -l20
