[0.009s] Invoking command in '/home/dsh/Documents/work_logs/code/SFUISE/sfuise_ws/build/isas_msgs': CMAKE_PREFIX_PATH=/opt/ros/humble /usr/bin/cmake /home/dsh/Documents/work_logs/code/SFUISE/sfuise_ws/src/isas_msgs -DCMAKE_INSTALL_PREFIX=/home/dsh/Documents/work_logs/code/SFUISE/sfuise_ws/install/isas_msgs
[0.071s] -- The C compiler identification is GNU 11.4.0
[0.134s] -- The CXX compiler identification is GNU 11.4.0
[0.144s] -- Detecting C compiler ABI info
[0.233s] -- Detecting C compiler ABI info - done
[0.242s] -- Check for working C compiler: /usr/bin/cc - skipped
[0.243s] -- Detecting C compile features
[0.243s] -- Detecting C compile features - done
[0.247s] -- Detecting CXX compiler ABI info
[0.348s] -- Detecting CXX compiler ABI info - done
[0.359s] -- Check for working CXX compiler: /usr/bin/c++ - skipped
[0.360s] -- Detecting CXX compile features
[0.360s] -- Detecting CXX compile features - done
[0.364s] -- Found ament_cmake: 1.3.11 (/opt/ros/humble/share/ament_cmake/cmake)
[0.617s] -- Found Python3: /usr/bin/python3 (found version "3.10.12") found components: Interpreter 
[0.711s] -- Found ament_lint_auto: 0.12.11 (/opt/ros/humble/share/ament_lint_auto/cmake)
[0.803s] -- Found geometry_msgs: 4.2.4 (/opt/ros/humble/share/geometry_msgs/cmake)
[0.843s] -- Found rosidl_generator_c: 3.1.6 (/opt/ros/humble/share/rosidl_generator_c/cmake)
[0.849s] -- Found rosidl_adapter: 3.1.6 (/opt/ros/humble/share/rosidl_adapter/cmake)
[0.858s] -- Found rosidl_generator_cpp: 3.1.6 (/opt/ros/humble/share/rosidl_generator_cpp/cmake)
[0.871s] -- Using all available rosidl_typesupport_c: rosidl_typesupport_fastrtps_c;rosidl_typesupport_introspection_c
[0.892s] -- Using all available rosidl_typesupport_cpp: rosidl_typesupport_fastrtps_cpp;rosidl_typesupport_introspection_cpp
[0.961s] -- Found rosidl_default_generators: 1.2.0 (/opt/ros/humble/share/rosidl_default_generators/cmake)
[1.270s] -- Found ament_cmake_ros: 0.10.0 (/opt/ros/humble/share/ament_cmake_ros/cmake)
[1.735s] -- Using all available rosidl_typesupport_c: rosidl_typesupport_fastrtps_c;rosidl_typesupport_introspection_c
[1.907s] -- Using all available rosidl_typesupport_cpp: rosidl_typesupport_fastrtps_cpp;rosidl_typesupport_introspection_cpp
[1.931s] -- Found PythonInterp: /usr/bin/python3 (found suitable version "3.10.12", minimum required is "3.6") 
[1.933s] -- Found python_cmake_module: 0.10.0 (/opt/ros/humble/share/python_cmake_module/cmake)
[1.970s] -- Found PythonLibs: /usr/lib/x86_64-linux-gnu/libpython3.10.so (found suitable version "3.10.12", minimum required is "3.5") 
[1.970s] -- Using PYTHON_EXECUTABLE: /usr/bin/python3
[1.970s] -- Using PYTHON_INCLUDE_DIRS: /usr/include/python3.10
[1.970s] -- Using PYTHON_LIBRARIES: /usr/lib/x86_64-linux-gnu/libpython3.10.so
[1.999s] -- Found PythonExtra: .so  
[2.066s] -- Added test 'lint_cmake' to check CMake code style
[2.068s] -- Added test 'xmllint' to check XML markup files
[2.074s] -- Configuring done
[2.122s] -- Generating done
[2.139s] -- Build files have been written to: /home/dsh/Documents/work_logs/code/SFUISE/sfuise_ws/build/isas_msgs
[2.153s] Invoked command in '/home/dsh/Documents/work_logs/code/SFUISE/sfuise_ws/build/isas_msgs' returned '0': CMAKE_PREFIX_PATH=/opt/ros/humble /usr/bin/cmake /home/dsh/Documents/work_logs/code/SFUISE/sfuise_ws/src/isas_msgs -DCMAKE_INSTALL_PREFIX=/home/dsh/Documents/work_logs/code/SFUISE/sfuise_ws/install/isas_msgs
[2.156s] Invoking command in '/home/dsh/Documents/work_logs/code/SFUISE/sfuise_ws/build/isas_msgs': CMAKE_PREFIX_PATH=/opt/ros/humble /usr/bin/cmake --build /home/dsh/Documents/work_logs/code/SFUISE/sfuise_ws/build/isas_msgs -- -j20 -l20
[2.209s] [  1%] [34m[1mGenerating C code for ROS interfaces[0m
[2.223s] [  3%] [34m[1mGenerating C++ code for ROS interfaces[0m
[2.232s] [  3%] Built target ament_cmake_python_copy_isas_msgs
[2.566s] running egg_info
[2.566s] creating isas_msgs.egg-info
[2.567s] writing isas_msgs.egg-info/PKG-INFO
[2.567s] writing dependency_links to isas_msgs.egg-info/dependency_links.txt
[2.567s] writing top-level names to isas_msgs.egg-info/top_level.txt
[2.567s] writing manifest file 'isas_msgs.egg-info/SOURCES.txt'
[2.571s] reading manifest file 'isas_msgs.egg-info/SOURCES.txt'
[2.572s] writing manifest file 'isas_msgs.egg-info/SOURCES.txt'
[2.617s] [  3%] Built target ament_cmake_python_build_isas_msgs_egg
[2.969s] [  3%] Built target isas_msgs__cpp
[2.984s] [  5%] [32mBuilding C object CMakeFiles/isas_msgs__rosidl_generator_c.dir/rosidl_generator_c/isas_msgs/msg/detail/anchor_position__functions.c.o[0m
[2.984s] [  9%] [32mBuilding C object CMakeFiles/isas_msgs__rosidl_generator_c.dir/rosidl_generator_c/isas_msgs/msg/detail/rtls_range__functions.c.o[0m
[2.984s] [  9%] [32mBuilding C object CMakeFiles/isas_msgs__rosidl_generator_c.dir/rosidl_generator_c/isas_msgs/msg/detail/rtls_stick__functions.c.o[0m
[2.987s] [ 10%] [32mBuilding C object CMakeFiles/isas_msgs__rosidl_generator_c.dir/rosidl_generator_c/isas_msgs/msg/detail/anchorlist__functions.c.o[0m
[2.988s] [ 12%] [34m[1mGenerating C++ type support dispatch for ROS interfaces[0m
[2.988s] [ 14%] [34m[1mGenerating C++ type support for eProsima Fast-RTPS[0m
[2.989s] [ 16%] [34m[1mGenerating C++ introspection for ROS interfaces[0m
[3.006s] In file included from [01m[K/home/dsh/Documents/work_logs/code/SFUISE/sfuise_ws/build/isas_msgs/rosidl_generator_c/isas_msgs/msg/detail/rtls_stick__functions.h:19[m[K,
[3.006s]                  from [01m[K/home/dsh/Documents/work_logs/code/SFUISE/sfuise_ws/build/isas_msgs/rosidl_generator_c/isas_msgs/msg/detail/rtls_stick__functions.c:4[m[K:
[3.006s] [01m[K/home/dsh/Documents/work_logs/code/SFUISE/sfuise_ws/build/isas_msgs/rosidl_generator_c/isas_msgs/msg/detail/rtls_stick__struct.h:22:10:[m[K [01;31m[Kfatal error: [m[Kisas_msgs/msg/detail/header__struct.h: No such file or directory
[3.007s]    22 | #include [01;31m[K"isas_msgs/msg/detail/header__struct.h"[m[K
[3.007s]       |          [01;31m[K^~~~~~~~~~~~~~~~~~~~~~~~~~~~~~~~~~~~~~~[m[K
[3.007s] compilation terminated.
[3.007s] gmake[2]: *** [CMakeFiles/isas_msgs__rosidl_generator_c.dir/build.make:255: CMakeFiles/isas_msgs__rosidl_generator_c.dir/rosidl_generator_c/isas_msgs/msg/detail/rtls_stick__functions.c.o] Error 1
[3.007s] gmake[2]: *** Waiting for unfinished jobs....
[3.058s] gmake[1]: *** [CMakeFiles/Makefile2:213: CMakeFiles/isas_msgs__rosidl_generator_c.dir/all] Error 2
[3.058s] gmake[1]: *** Waiting for unfinished jobs....
[3.626s] [ 18%] [32mBuilding CXX object CMakeFiles/isas_msgs__rosidl_typesupport_cpp.dir/rosidl_typesupport_cpp/isas_msgs/msg/anchorlist__type_support.cpp.o[0m
[3.627s] [ 20%] [32mBuilding CXX object CMakeFiles/isas_msgs__rosidl_typesupport_cpp.dir/rosidl_typesupport_cpp/isas_msgs/msg/rtls_stick__type_support.cpp.o[0m
[3.629s] [ 21%] [32mBuilding CXX object CMakeFiles/isas_msgs__rosidl_typesupport_cpp.dir/rosidl_typesupport_cpp/isas_msgs/msg/anchor_position__type_support.cpp.o[0m
[3.629s] [ 23%] [32mBuilding CXX object CMakeFiles/isas_msgs__rosidl_typesupport_cpp.dir/rosidl_typesupport_cpp/isas_msgs/msg/rtls_range__type_support.cpp.o[0m
[3.680s] [ 25%] [32mBuilding CXX object CMakeFiles/isas_msgs__rosidl_typesupport_introspection_cpp.dir/rosidl_typesupport_introspection_cpp/isas_msgs/msg/detail/anchor_position__type_support.cpp.o[0m
[3.681s] [ 27%] [32mBuilding CXX object CMakeFiles/isas_msgs__rosidl_typesupport_introspection_cpp.dir/rosidl_typesupport_introspection_cpp/isas_msgs/msg/detail/anchorlist__type_support.cpp.o[0m
[3.682s] [ 29%] [32mBuilding CXX object CMakeFiles/isas_msgs__rosidl_typesupport_introspection_cpp.dir/rosidl_typesupport_introspection_cpp/isas_msgs/msg/detail/rtls_stick__type_support.cpp.o[0m
[3.682s] [ 30%] [32mBuilding CXX object CMakeFiles/isas_msgs__rosidl_typesupport_introspection_cpp.dir/rosidl_typesupport_introspection_cpp/isas_msgs/msg/detail/rtls_range__type_support.cpp.o[0m
[3.720s] In file included from [01m[K/home/dsh/Documents/work_logs/code/SFUISE/sfuise_ws/build/isas_msgs/rosidl_typesupport_cpp/isas_msgs/msg/rtls_stick__type_support.cpp:7[m[K:
[3.720s] [01m[K/home/dsh/Documents/work_logs/code/SFUISE/sfuise_ws/build/isas_msgs/rosidl_generator_cpp/isas_msgs/msg/detail/rtls_stick__struct.hpp:20:10:[m[K [01;31m[Kfatal error: [m[Kisas_msgs/msg/detail/header__struct.hpp: No such file or directory
[3.720s]    20 | #include [01;31m[K"isas_msgs/msg/detail/header__struct.hpp"[m[K
[3.720s]       |          [01;31m[K^~~~~~~~~~~~~~~~~~~~~~~~~~~~~~~~~~~~~~~~~[m[K
[3.720s] compilation terminated.
[3.724s] gmake[2]: *** [CMakeFiles/isas_msgs__rosidl_typesupport_cpp.dir/build.make:200: CMakeFiles/isas_msgs__rosidl_typesupport_cpp.dir/rosidl_typesupport_cpp/isas_msgs/msg/rtls_stick__type_support.cpp.o] Error 1
[3.724s] gmake[2]: *** Waiting for unfinished jobs....
[3.734s] [ 32%] [32mBuilding CXX object CMakeFiles/isas_msgs__rosidl_typesupport_fastrtps_cpp.dir/rosidl_typesupport_fastrtps_cpp/isas_msgs/msg/detail/dds_fastrtps/anchorlist__type_support.cpp.o[0m
[3.735s] [ 34%] [32mBuilding CXX object CMakeFiles/isas_msgs__rosidl_typesupport_fastrtps_cpp.dir/rosidl_typesupport_fastrtps_cpp/isas_msgs/msg/detail/dds_fastrtps/rtls_stick__type_support.cpp.o[0m
[3.735s] [ 36%] [32mBuilding CXX object CMakeFiles/isas_msgs__rosidl_typesupport_fastrtps_cpp.dir/rosidl_typesupport_fastrtps_cpp/isas_msgs/msg/detail/dds_fastrtps/anchor_position__type_support.cpp.o[0m
[3.737s] [ 38%] [32mBuilding CXX object CMakeFiles/isas_msgs__rosidl_typesupport_fastrtps_cpp.dir/rosidl_typesupport_fastrtps_cpp/isas_msgs/msg/detail/dds_fastrtps/rtls_range__type_support.cpp.o[0m
[3.804s] In file included from [01m[K/home/dsh/Documents/work_logs/code/SFUISE/sfuise_ws/build/isas_msgs/rosidl_typesupport_introspection_cpp/isas_msgs/msg/detail/rtls_stick__type_support.cpp:12[m[K:
[3.804s] [01m[K/home/dsh/Documents/work_logs/code/SFUISE/sfuise_ws/build/isas_msgs/rosidl_generator_cpp/isas_msgs/msg/detail/rtls_stick__struct.hpp:20:10:[m[K [01;31m[Kfatal error: [m[Kisas_msgs/msg/detail/header__struct.hpp: No such file or directory
[3.804s]    20 | #include [01;31m[K"isas_msgs/msg/detail/header__struct.hpp"[m[K
[3.805s]       |          [01;31m[K^~~~~~~~~~~~~~~~~~~~~~~~~~~~~~~~~~~~~~~~~[m[K
[3.805s] compilation terminated.
[3.807s] gmake[2]: *** [CMakeFiles/isas_msgs__rosidl_typesupport_introspection_cpp.dir/build.make:214: CMakeFiles/isas_msgs__rosidl_typesupport_introspection_cpp.dir/rosidl_typesupport_introspection_cpp/isas_msgs/msg/detail/rtls_stick__type_support.cpp.o] Error 1
[3.807s] gmake[2]: *** Waiting for unfinished jobs....
[3.825s] In file included from [01m[K/home/dsh/Documents/work_logs/code/SFUISE/sfuise_ws/build/isas_msgs/rosidl_typesupport_fastrtps_cpp/isas_msgs/msg/detail/rtls_stick__rosidl_typesupport_fastrtps_cpp.hpp:11[m[K,
[3.825s]                  from [01m[K/home/dsh/Documents/work_logs/code/SFUISE/sfuise_ws/build/isas_msgs/rosidl_typesupport_fastrtps_cpp/isas_msgs/msg/detail/dds_fastrtps/rtls_stick__type_support.cpp:4[m[K:
[3.825s] [01m[K/home/dsh/Documents/work_logs/code/SFUISE/sfuise_ws/build/isas_msgs/rosidl_generator_cpp/isas_msgs/msg/detail/rtls_stick__struct.hpp:20:10:[m[K [01;31m[Kfatal error: [m[Kisas_msgs/msg/detail/header__struct.hpp: No such file or directory
[3.825s]    20 | #include [01;31m[K"isas_msgs/msg/detail/header__struct.hpp"[m[K
[3.826s]       |          [01;31m[K^~~~~~~~~~~~~~~~~~~~~~~~~~~~~~~~~~~~~~~~~[m[K
[3.826s] compilation terminated.
[3.827s] gmake[2]: *** [CMakeFiles/isas_msgs__rosidl_typesupport_fastrtps_cpp.dir/build.make:214: CMakeFiles/isas_msgs__rosidl_typesupport_fastrtps_cpp.dir/rosidl_typesupport_fastrtps_cpp/isas_msgs/msg/detail/dds_fastrtps/rtls_stick__type_support.cpp.o] Error 1
[3.827s] gmake[2]: *** Waiting for unfinished jobs....
[4.197s] gmake[1]: *** [CMakeFiles/Makefile2:395: CMakeFiles/isas_msgs__rosidl_typesupport_cpp.dir/all] Error 2
[4.367s] gmake[1]: *** [CMakeFiles/Makefile2:369: CMakeFiles/isas_msgs__rosidl_typesupport_introspection_cpp.dir/all] Error 2
[4.455s] gmake[1]: *** [CMakeFiles/Makefile2:291: CMakeFiles/isas_msgs__rosidl_typesupport_fastrtps_cpp.dir/all] Error 2
[4.455s] gmake: *** [Makefile:146: all] Error 2
[4.459s] Invoked command in '/home/dsh/Documents/work_logs/code/SFUISE/sfuise_ws/build/isas_msgs' returned '2': CMAKE_PREFIX_PATH=/opt/ros/humble /usr/bin/cmake --build /home/dsh/Documents/work_logs/code/SFUISE/sfuise_ws/build/isas_msgs -- -j20 -l20
