[35m[1mConsolidate compiler generated dependencies of target SplineFusion[0m
[ 50%] Built target EstimationInterface
[ 75%] [32mBuilding CXX object CMakeFiles/SplineFusion.dir/src/SplineFusion.cpp.o[0m
[01m[K/home/dsh/Documents/work_logs/code/SFUISE/sfuise_ws/src/sfuise/src/SplineFusion.cpp:[m[K In constructor â€˜[01m[KSplineFusion::SplineFusion()[m[Kâ€™:
[01m[K/home/dsh/Documents/work_logs/code/SFUISE/sfuise_ws/src/sfuise/src/SplineFusion.cpp:64:9:[m[K [01;31m[Kerror: [m[Kunable to find numeric literal operator â€˜[01m[Koperator""ms[m[Kâ€™
   64 |         [01;31m[K500ms[m[K, std::bind(&SplineFusion::run, this));
      |         [01;31m[K^~~~~[m[K
gmake[2]: *** [CMakeFiles/SplineFusion.dir/build.make:76: CMakeFiles/SplineFusion.dir/src/SplineFusion.cpp.o] Error 1
gmake[1]: *** [CMakeFiles/Makefile2:165: CMakeFiles/SplineFusion.dir/all] Error 2
gmake: *** [Makefile:146: all] Error 2
