In file included from [01m[K/opt/ros/humble/include/rclcpp/rclcpp/client.hpp:40[m[K,
                 from [01m[K/opt/ros/humble/include/rclcpp/rclcpp/callback_group.hpp:24[m[K,
                 from [01m[K/opt/ros/humble/include/rclcpp/rclcpp/any_executable.hpp:20[m[K,
                 from [01m[K/opt/ros/humble/include/rclcpp/rclcpp/memory_strategy.hpp:25[m[K,
                 from [01m[K/opt/ros/humble/include/rclcpp/rclcpp/memory_strategies.hpp:18[m[K,
                 from [01m[K/opt/ros/humble/include/rclcpp/rclcpp/executor_options.hpp:20[m[K,
                 from [01m[K/opt/ros/humble/include/rclcpp/rclcpp/executor.hpp:37[m[K,
                 from [01m[K/opt/ros/humble/include/rclcpp/rclcpp/executors/multi_threaded_executor.hpp:25[m[K,
                 from [01m[K/opt/ros/humble/include/rclcpp/rclcpp/executors.hpp:21[m[K,
                 from [01m[K/opt/ros/humble/include/rclcpp/rclcpp/rclcpp.hpp:155[m[K,
                 from [01m[K/home/dsh/Documents/work_logs/code/SFUISE/sfuise_ws/src/sfuise/src/EstimationInterface.cpp:1[m[K:
[01m[K/home/dsh/Documents/work_logs/code/SFUISE/sfuise_ws/src/sfuise/src/EstimationInterface.cpp:[m[K In member function â€˜[01m[Kvoid EstimationInterface::getImuCallback(sensor_msgs::msg::Imu_<std::allocator<void> >::SharedPtr)[m[Kâ€™:
[01m[K/home/dsh/Documents/work_logs/code/SFUISE/sfuise_ws/src/sfuise/src/EstimationInterface.cpp:275:25:[m[K [01;31m[Kerror: [m[Kâ€˜[01m[Knode[m[Kâ€™ was not declared in this scope; did you mean â€˜[01m[KNode[m[Kâ€™?
  275 |             RCLCPP_INFO([01;31m[Knode[m[K->get_logger(), "pub_uwb @@@@@@@@@@@@@@@@@@@@@@@@@!");
      |                         [01;31m[K^~~~[m[K
[01m[K/home/dsh/Documents/work_logs/code/SFUISE/sfuise_ws/src/sfuise/src/EstimationInterface.cpp:275:13:[m[K [01;31m[Kerror: [m[Ktemplate argument 1 is invalid
  275 |             [01;31m[KRCLCPP_INFO[m[K(node->get_logger(), "pub_uwb @@@@@@@@@@@@@@@@@@@@@@@@@!");
      |             [01;31m[K^~~~~~~~~~~[m[K
[01m[K/home/dsh/Documents/work_logs/code/SFUISE/sfuise_ws/src/sfuise/src/EstimationInterface.cpp:275:13:[m[K [01;31m[Kerror: [m[Ktemplate argument 1 is invalid
  275 |             [01;31m[KRCLCPP_INFO[m[K(node->get_logger(), "pub_uwb @@@@@@@@@@@@@@@@@@@@@@@@@!");
      |             [01;31m[K^~~~~~~~~~~[m[K
[01m[K/home/dsh/Documents/work_logs/code/SFUISE/sfuise_ws/src/sfuise/src/EstimationInterface.cpp:275:13:[m[K [01;31m[Kerror: [m[Ktemplate argument 1 is invalid
  275 |             [01;31m[KRCLCPP_INFO[m[K(node->get_logger(), "pub_uwb @@@@@@@@@@@@@@@@@@@@@@@@@!");
      |             [01;31m[K^~~~~~~~~~~[m[K
[01m[K/home/dsh/Documents/work_logs/code/SFUISE/sfuise_ws/src/sfuise/src/EstimationInterface.cpp:285:25:[m[K [01;31m[Kerror: [m[Kâ€˜[01m[Knode[m[Kâ€™ was not declared in this scope; did you mean â€˜[01m[KNode[m[Kâ€™?
  285 |             RCLCPP_INFO([01;31m[Knode[m[K->get_logger(),  "pub_uwb---------------------------");
      |                         [01;31m[K^~~~[m[K
[01m[K/home/dsh/Documents/work_logs/code/SFUISE/sfuise_ws/src/sfuise/src/EstimationInterface.cpp:285:13:[m[K [01;31m[Kerror: [m[Ktemplate argument 1 is invalid
  285 |             [01;31m[KRCLCPP_INFO[m[K(node->get_logger(),  "pub_uwb---------------------------");
      |             [01;31m[K^~~~~~~~~~~[m[K
[01m[K/home/dsh/Documents/work_logs/code/SFUISE/sfuise_ws/src/sfuise/src/EstimationInterface.cpp:285:13:[m[K [01;31m[Kerror: [m[Ktemplate argument 1 is invalid
  285 |             [01;31m[KRCLCPP_INFO[m[K(node->get_logger(),  "pub_uwb---------------------------");
      |             [01;31m[K^~~~~~~~~~~[m[K
[01m[K/home/dsh/Documents/work_logs/code/SFUISE/sfuise_ws/src/sfuise/src/EstimationInterface.cpp:285:13:[m[K [01;31m[Kerror: [m[Ktemplate argument 1 is invalid
  285 |             [01;31m[KRCLCPP_INFO[m[K(node->get_logger(),  "pub_uwb---------------------------");
      |             [01;31m[K^~~~~~~~~~~[m[K
gmake[2]: *** [CMakeFiles/EstimationInterface.dir/build.make:76: CMakeFiles/EstimationInterface.dir/src/EstimationInterface.cpp.o] Error 1
gmake[1]: *** [CMakeFiles/Makefile2:139: CMakeFiles/EstimationInterface.dir/all] Error 2
gmake: *** [Makefile:146: all] Error 2
