In file included from [01m[K/home/dsh/Documents/work_logs/code/SFUISE/sfuise_ws/src/sfuise/src/EstimationInterface.cpp:4[m[K:
[01m[K/home/dsh/Documents/work_logs/code/SFUISE/sfuise_ws/src/sfuise/src/../include/utils/PoseVisualization.h:5:10:[m[K [01;31m[Kfatal error: [m[Kvisualization_msgs/msg/marker.hpp: No such file or directory
    5 | #include [01;31m[K<visualization_msgs/msg/marker.hpp>[m[K
      |          [01;31m[K^~~~~~~~~~~~~~~~~~~~~~~~~~~~~~~~~~~[m[K
compilation terminated.
gmake[2]: *** [CMakeFiles/EstimationInterface.dir/build.make:76: CMakeFiles/EstimationInterface.dir/src/EstimationInterface.cpp.o] Error 1
gmake[1]: *** [CMakeFiles/Makefile2:139: CMakeFiles/EstimationInterface.dir/all] Error 2
gmake[1]: *** Waiting for unfinished jobs....
In file included from [01m[K/home/dsh/Documents/work_logs/code/SFUISE/sfuise_ws/src/sfuise/src/../include/Linearizer.h:6[m[K,
                 from [01m[K/home/dsh/Documents/work_logs/code/SFUISE/sfuise_ws/src/sfuise/src/SplineFusion.cpp:2[m[K:
[01m[K/home/dsh/Documents/work_logs/code/SFUISE/sfuise_ws/src/sfuise/src/../include/SplineState.h:387:23:[m[K [01;31m[Kerror: [m[K‘[01m[Ksfuise_msgs::Spline[m[K’ has not been declared
  387 |     void getSplineMsg([01;31m[Ksfuise_msgs[m[K::Spline& spline_msg)
      |                       [01;31m[K^~~~~~~~~~~[m[K
[01m[K/home/dsh/Documents/work_logs/code/SFUISE/sfuise_ws/src/sfuise/src/../include/SplineState.h:[m[K In member function ‘[01m[Kvoid SplineState::getSplineMsg(int&)[m[K’:
[01m[K/home/dsh/Documents/work_logs/code/SFUISE/sfuise_ws/src/sfuise/src/../include/SplineState.h:389:20:[m[K [01;31m[Kerror: [m[Krequest for member ‘[01m[Kdt[m[K’ in ‘[01m[Kspline_msg[m[K’, which is of non-class type ‘[01m[Kint[m[K’
  389 |         spline_msg.[01;31m[Kdt[m[K = dt_ns;
      |                    [01;31m[K^~[m[K
[01m[K/home/dsh/Documents/work_logs/code/SFUISE/sfuise_ws/src/sfuise/src/../include/SplineState.h:390:20:[m[K [01;31m[Kerror: [m[Krequest for member ‘[01m[Kstart_t[m[K’ in ‘[01m[Kspline_msg[m[K’, which is of non-class type ‘[01m[Kint[m[K’
  390 |         spline_msg.[01;31m[Kstart_t[m[K = start_t_ns;
      |                    [01;31m[K^~~~~~~[m[K
[01m[K/home/dsh/Documents/work_logs/code/SFUISE/sfuise_ws/src/sfuise/src/../include/SplineState.h:391:20:[m[K [01;31m[Kerror: [m[Krequest for member ‘[01m[Kstart_idx[m[K’ in ‘[01m[Kspline_msg[m[K’, which is of non-class type ‘[01m[Kint[m[K’
  391 |         spline_msg.[01;31m[Kstart_idx[m[K = start_i;
      |                    [01;31m[K^~~~~~~~~[m[K
[01m[K/home/dsh/Documents/work_logs/code/SFUISE/sfuise_ws/src/sfuise/src/../include/SplineState.h:393:26:[m[K [01;31m[Kerror: [m[K‘[01m[KKnot[m[K’ is not a member of ‘[01m[Ksfuise_msgs[m[K’; did you mean ‘[01m[Ksfuise_msgs::msg::Knot[m[K’?
  393 |             sfuise_msgs::[01;31m[KKnot[m[K knot_msg;
      |                          [01;31m[K^~~~[m[K
In file included from [01m[K/home/dsh/Documents/work_logs/code/SFUISE/sfuise_ws/install/sfuise_msgs/include/sfuise_msgs/sfuise_msgs/msg/detail/spline__struct.hpp:21[m[K,
                 from [01m[K/home/dsh/Documents/work_logs/code/SFUISE/sfuise_ws/install/sfuise_msgs/include/sfuise_msgs/sfuise_msgs/msg/spline.hpp:7[m[K,
                 from [01m[K/home/dsh/Documents/work_logs/code/SFUISE/sfuise_ws/src/sfuise/src/../include/SplineState.h:5[m[K,
                 from [01m[K/home/dsh/Documents/work_logs/code/SFUISE/sfuise_ws/src/sfuise/src/../include/Linearizer.h:6[m[K,
                 from [01m[K/home/dsh/Documents/work_logs/code/SFUISE/sfuise_ws/src/sfuise/src/SplineFusion.cpp:2[m[K:
[01m[K/home/dsh/Documents/work_logs/code/SFUISE/sfuise_ws/install/sfuise_msgs/include/sfuise_msgs/sfuise_msgs/msg/detail/knot__struct.hpp:165:7:[m[K [01;36m[Knote: [m[K‘[01m[Ksfuise_msgs::msg::Knot[m[K’ declared here
  165 | using [01;36m[KKnot[m[K =
      |       [01;36m[K^~~~[m[K
In file included from [01m[K/home/dsh/Documents/work_logs/code/SFUISE/sfuise_ws/src/sfuise/src/../include/Linearizer.h:6[m[K,
                 from [01m[K/home/dsh/Documents/work_logs/code/SFUISE/sfuise_ws/src/sfuise/src/SplineFusion.cpp:2[m[K:
[01m[K/home/dsh/Documents/work_logs/code/SFUISE/sfuise_ws/src/sfuise/src/../include/SplineState.h:394:13:[m[K [01;31m[Kerror: [m[K‘[01m[Kknot_msg[m[K’ was not declared in this scope
  394 |             [01;31m[Kknot_msg[m[K.position.x = t_knots[i].x();
      |             [01;31m[K^~~~~~~~[m[K
[01m[K/home/dsh/Documents/work_logs/code/SFUISE/sfuise_ws/src/sfuise/src/../include/SplineState.h:408:24:[m[K [01;31m[Kerror: [m[Krequest for member ‘[01m[Kknots[m[K’ in ‘[01m[Kspline_msg[m[K’, which is of non-class type ‘[01m[Kint[m[K’
  408 |             spline_msg.[01;31m[Kknots[m[K.push_back(knot_msg);
      |                        [01;31m[K^~~~~[m[K
[01m[K/home/dsh/Documents/work_logs/code/SFUISE/sfuise_ws/src/sfuise/src/../include/SplineState.h:411:26:[m[K [01;31m[Kerror: [m[K‘[01m[KKnot[m[K’ is not a member of ‘[01m[Ksfuise_msgs[m[K’; did you mean ‘[01m[Ksfuise_msgs::msg::Knot[m[K’?
  411 |             sfuise_msgs::[01;31m[KKnot[m[K idle_msg;
      |                          [01;31m[K^~~~[m[K
In file included from [01m[K/home/dsh/Documents/work_logs/code/SFUISE/sfuise_ws/install/sfuise_msgs/include/sfuise_msgs/sfuise_msgs/msg/detail/spline__struct.hpp:21[m[K,
                 from [01m[K/home/dsh/Documents/work_logs/code/SFUISE/sfuise_ws/install/sfuise_msgs/include/sfuise_msgs/sfuise_msgs/msg/spline.hpp:7[m[K,
                 from [01m[K/home/dsh/Documents/work_logs/code/SFUISE/sfuise_ws/src/sfuise/src/../include/SplineState.h:5[m[K,
                 from [01m[K/home/dsh/Documents/work_logs/code/SFUISE/sfuise_ws/src/sfuise/src/../include/Linearizer.h:6[m[K,
                 from [01m[K/home/dsh/Documents/work_logs/code/SFUISE/sfuise_ws/src/sfuise/src/SplineFusion.cpp:2[m[K:
[01m[K/home/dsh/Documents/work_logs/code/SFUISE/sfuise_ws/install/sfuise_msgs/include/sfuise_msgs/sfuise_msgs/msg/detail/knot__struct.hpp:165:7:[m[K [01;36m[Knote: [m[K‘[01m[Ksfuise_msgs::msg::Knot[m[K’ declared here
  165 | using [01;36m[KKnot[m[K =
      |       [01;36m[K^~~~[m[K
In file included from [01m[K/home/dsh/Documents/work_logs/code/SFUISE/sfuise_ws/src/sfuise/src/../include/Linearizer.h:6[m[K,
                 from [01m[K/home/dsh/Documents/work_logs/code/SFUISE/sfuise_ws/src/sfuise/src/SplineFusion.cpp:2[m[K:
[01m[K/home/dsh/Documents/work_logs/code/SFUISE/sfuise_ws/src/sfuise/src/../include/SplineState.h:412:13:[m[K [01;31m[Kerror: [m[K‘[01m[Kidle_msg[m[K’ was not declared in this scope
  412 |             [01;31m[Kidle_msg[m[K.position.x = t_idle[i].x();
      |             [01;31m[K^~~~~~~~[m[K
[01m[K/home/dsh/Documents/work_logs/code/SFUISE/sfuise_ws/src/sfuise/src/../include/SplineState.h:426:24:[m[K [01;31m[Kerror: [m[Krequest for member ‘[01m[Kidles[m[K’ in ‘[01m[Kspline_msg[m[K’, which is of non-class type ‘[01m[Kint[m[K’
  426 |             spline_msg.[01;31m[Kidles[m[K.push_back(idle_msg);
      |                        [01;31m[K^~~~~[m[K
[01m[K/home/dsh/Documents/work_logs/code/SFUISE/sfuise_ws/src/sfuise/src/SplineFusion.cpp:[m[K In constructor ‘[01m[KSplineFusion::SplineFusion(std::shared_ptr<rclcpp::Node>)[m[K’:
[01m[K/home/dsh/Documents/work_logs/code/SFUISE/sfuise_ws/src/sfuise/src/SplineFusion.cpp:26:9:[m[K [01;31m[Kerror: [m[K‘[01m[Kif_anchor_ini[m[K’ was not declared in this scope; did you mean ‘[01m[Kif_anchor_ini_[m[K’?
   26 |         [01;31m[Kif_anchor_ini[m[K = false;  // 初始化锚点标志
      |         [01;31m[K^~~~~~~~~~~~~[m[K
      |         [32m[Kif_anchor_ini_[m[K
[01m[K/home/dsh/Documents/work_logs/code/SFUISE/sfuise_ws/src/sfuise/src/SplineFusion.cpp:27:9:[m[K [01;31m[Kerror: [m[K‘[01m[Kaverage_runtime[m[K’ was not declared in this scope; did you mean ‘[01m[Kaverage_runtime_[m[K’?
   27 |         [01;31m[Kaverage_runtime[m[K = 0;  // 初始化平均运行时间
      |         [01;31m[K^~~~~~~~~~~~~~~[m[K
      |         [32m[Kaverage_runtime_[m[K
[01m[K/home/dsh/Documents/work_logs/code/SFUISE/sfuise_ws/src/sfuise/src/SplineFusion.cpp:28:9:[m[K [01;31m[Kerror: [m[K‘[01m[Kwindow_count[m[K’ was not declared in this scope; did you mean ‘[01m[Kwindow_count_[m[K’?
   28 |         [01;31m[Kwindow_count[m[K = 0;  // 初始化窗口计数
      |         [01;31m[K^~~~~~~~~~~~[m[K
      |         [32m[Kwindow_count_[m[K
[01m[K/home/dsh/Documents/work_logs/code/SFUISE/sfuise_ws/src/sfuise/src/SplineFusion.cpp:29:9:[m[K [01;31m[Kerror: [m[K‘[01m[Ksolver_flag[m[K’ was not declared in this scope; did you mean ‘[01m[Ksolver_flag_[m[K’?
   29 |         [01;31m[Ksolver_flag[m[K = INITIAL;  // 初始化求解器标志
      |         [01;31m[K^~~~~~~~~~~[m[K
      |         [32m[Ksolver_flag_[m[K
[01m[K/home/dsh/Documents/work_logs/code/SFUISE/sfuise_ws/src/sfuise/src/SplineFusion.cpp:29:23:[m[K [01;31m[Kerror: [m[K‘[01m[KINITIAL[m[K’ was not declared in this scope
   29 |         solver_flag = [01;31m[KINITIAL[m[K;  // 初始化求解器标志
      |                       [01;31m[K^~~~~~~[m[K
[01m[K/home/dsh/Documents/work_logs/code/SFUISE/sfuise_ws/src/sfuise/src/SplineFusion.cpp:33:9:[m[K [01;31m[Kerror: [m[K‘[01m[Ksub_imu[m[K’ was not declared in this scope; did you mean ‘[01m[Ksub_imu_[m[K’?
   33 |         [01;31m[Ksub_imu[m[K = node->create_subscription<sensor_msgs::msg::Imu>(
      |         [01;31m[K^~~~~~~[m[K
      |         [32m[Ksub_imu_[m[K
[01m[K/home/dsh/Documents/work_logs/code/SFUISE/sfuise_ws/src/sfuise/src/SplineFusion.cpp:36:9:[m[K [01;31m[Kerror: [m[K‘[01m[Ksub_anchor[m[K’ was not declared in this scope; did you mean ‘[01m[Ksub_anchor_[m[K’?
   36 |         [01;31m[Ksub_anchor[m[K = node->create_subscription<isas_msgs::msg::Anchorlist>(
      |         [01;31m[K^~~~~~~~~~[m[K
      |         [32m[Ksub_anchor_[m[K
[01m[K/home/dsh/Documents/work_logs/code/SFUISE/sfuise_ws/src/sfuise/src/SplineFusion.cpp:40:13:[m[K [01;31m[Kerror: [m[K‘[01m[Kif_tdoa[m[K’ was not declared in this scope; did you mean ‘[01m[Kif_tdoa_[m[K’?
   40 |         if ([01;31m[Kif_tdoa[m[K) {
      |             [01;31m[K^~~~~~~[m[K
      |             [32m[Kif_tdoa_[m[K
[01m[K/home/dsh/Documents/work_logs/code/SFUISE/sfuise_ws/src/sfuise/src/SplineFusion.cpp:41:13:[m[K [01;31m[Kerror: [m[K‘[01m[Ksub_uwb[m[K’ was not declared in this scope; did you mean ‘[01m[Ksub_uwb_[m[K’?
   41 |             [01;31m[Ksub_uwb[m[K = node->create_subscription<cf_msgs::msg::Tdoa>(
      |             [01;31m[K^~~~~~~[m[K
      |             [32m[Ksub_uwb_[m[K
[01m[K/home/dsh/Documents/work_logs/code/SFUISE/sfuise_ws/src/sfuise/src/SplineFusion.cpp:44:13:[m[K [01;31m[Kerror: [m[K‘[01m[Ksub_uwb[m[K’ was not declared in this scope; did you mean ‘[01m[Ksub_uwb_[m[K’?
   44 |             [01;31m[Ksub_uwb[m[K = node->create_subscription<cf_msgs::msg::Toa>(
      |             [01;31m[K^~~~~~~[m[K
      |             [32m[Ksub_uwb_[m[K
[01m[K/home/dsh/Documents/work_logs/code/SFUISE/sfuise_ws/src/sfuise/src/SplineFusion.cpp:44:63:[m[K [01;31m[Kerror: [m[K‘[01m[KToa[m[K’ is not a member of ‘[01m[Kcf_msgs::msg[m[K’; did you mean ‘[01m[KTdoa[m[K’?
   44 |             sub_uwb = node->create_subscription<cf_msgs::msg::[01;31m[KToa[m[K>(
      |                                                               [01;31m[K^~~[m[K
      |                                                               [32m[KTdoa[m[K
[01m[K/home/dsh/Documents/work_logs/code/SFUISE/sfuise_ws/src/sfuise/src/SplineFusion.cpp:44:67:[m[K [01;31m[Kerror: [m[Kno matching function for call to ‘[01m[Krclcpp::Node::create_subscription<<expression error> >(const char [28], rclcpp::QoS, std::_Bind_helper<false, void (SplineFusion::*)(std::shared_ptr<isas_msgs::msg::RTLSStick_<std::allocator<void> > >), SplineFusion*, const std::_Placeholder<1>&>::type)[m[K’
   44 |             sub_uwb = [01;31m[Knode->create_subscription<cf_msgs::msg::Toa>([m[K
      |                       [01;31m[K~~~~~~~~~~~~~~~~~~~~~~~~~~~~~~~~~~~~~~~~~~~~^[m[K
   45 | [01;31m[K                "/EstimationInterface/toa_ds", rclcpp::QoS(1000), std::bind(&SplineFusion::getToaCallback, this, std::placeholders::_1))[m[K;
      |                 [01;31m[K~~~~~~~~~~~~~~~~~~~~~~~~~~~~~~~~~~~~~~~~~~~~~~~~~~~~~~~~~~~~~~~~~~~~~~~~~~~~~~~~~~~~~~~~~~~~~~~~~~~~~~~~~~~~~~~~~~~~~~~~[m[K
In file included from [01m[K/opt/ros/humble/include/rclcpp/rclcpp/node.hpp:1321[m[K,
                 from [01m[K/opt/ros/humble/include/rclcpp/rclcpp/executors/single_threaded_executor.hpp:28[m[K,
                 from [01m[K/opt/ros/humble/include/rclcpp/rclcpp/executors.hpp:22[m[K,
                 from [01m[K/opt/ros/humble/include/rclcpp/rclcpp/rclcpp.hpp:155[m[K,
                 from [01m[K/home/dsh/Documents/work_logs/code/SFUISE/sfuise_ws/src/sfuise/src/SplineFusion.cpp:1[m[K:
[01m[K/opt/ros/humble/include/rclcpp/rclcpp/node_impl.hpp:92:1:[m[K [01;36m[Knote: [m[Kcandidate: ‘[01m[Ktemplate<class MessageT, class CallbackT, class AllocatorT, class SubscriptionT, class MessageMemoryStrategyT> std::shared_ptr<ROSMessageT> rclcpp::Node::create_subscription(const string&, const rclcpp::QoS&, CallbackT&&, const rclcpp::SubscriptionOptionsWithAllocator<AllocatorT>&, typename MessageMemoryStrategyT::SharedPtr)[m[K’
   92 | [01;36m[KNode[m[K::create_subscription(
      | [01;36m[K^~~~[m[K
[01m[K/opt/ros/humble/include/rclcpp/rclcpp/node_impl.hpp:92:1:[m[K [01;36m[Knote: [m[K  template argument deduction/substitution failed:
[01m[K/home/dsh/Documents/work_logs/code/SFUISE/sfuise_ws/src/sfuise/src/SplineFusion.cpp:44:67:[m[K [01;31m[Kerror: [m[Ktemplate argument 1 is invalid
   44 |             sub_uwb = [01;31m[Knode->create_subscription<cf_msgs::msg::Toa>([m[K
      |                       [01;31m[K~~~~~~~~~~~~~~~~~~~~~~~~~~~~~~~~~~~~~~~~~~~~^[m[K
   45 | [01;31m[K                "/EstimationInterface/toa_ds", rclcpp::QoS(1000), std::bind(&SplineFusion::getToaCallback, this, std::placeholders::_1))[m[K;
      |                 [01;31m[K~~~~~~~~~~~~~~~~~~~~~~~~~~~~~~~~~~~~~~~~~~~~~~~~~~~~~~~~~~~~~~~~~~~~~~~~~~~~~~~~~~~~~~~~~~~~~~~~~~~~~~~~~~~~~~~~~~~~~~~~[m[K
[01m[K/home/dsh/Documents/work_logs/code/SFUISE/sfuise_ws/src/sfuise/src/SplineFusion.cpp:49:9:[m[K [01;31m[Kerror: [m[K‘[01m[Kpub_knots_active[m[K’ was not declared in this scope; did you mean ‘[01m[Kpub_knots_active_[m[K’?
   49 |         [01;31m[Kpub_knots_active[m[K = node->create_publisher<sensor_msgs::msg::PointCloud>(
      |         [01;31m[K^~~~~~~~~~~~~~~~[m[K
      |         [32m[Kpub_knots_active_[m[K
[01m[K/home/dsh/Documents/work_logs/code/SFUISE/sfuise_ws/src/sfuise/src/SplineFusion.cpp:52:9:[m[K [01;31m[Kerror: [m[K‘[01m[Kpub_knots_inactive[m[K’ was not declared in this scope; did you mean ‘[01m[Kpub_knots_inactive_[m[K’?
   52 |         [01;31m[Kpub_knots_inactive[m[K = node->create_publisher<sensor_msgs::msg::PointCloud>(
      |         [01;31m[K^~~~~~~~~~~~~~~~~~[m[K
      |         [32m[Kpub_knots_inactive_[m[K
[01m[K/home/dsh/Documents/work_logs/code/SFUISE/sfuise_ws/src/sfuise/src/SplineFusion.cpp:55:9:[m[K [01;31m[Kerror: [m[K‘[01m[Kpub_calib[m[K’ was not declared in this scope; did you mean ‘[01m[Kpub_calib_[m[K’?
   55 |         [01;31m[Kpub_calib[m[K = node->create_publisher<sfuise_msgs::msg::Calib>(
      |         [01;31m[K^~~~~~~~~[m[K
      |         [32m[Kpub_calib_[m[K
[01m[K/home/dsh/Documents/work_logs/code/SFUISE/sfuise_ws/src/sfuise/src/SplineFusion.cpp:58:9:[m[K [01;31m[Kerror: [m[K‘[01m[Kpub_est[m[K’ was not declared in this scope; did you mean ‘[01m[Kpub_est_[m[K’?
   58 |         [01;31m[Kpub_est[m[K = node->create_publisher<sfuise_msgs::msg::Estimate>(
      |         [01;31m[K^~~~~~~[m[K
      |         [32m[Kpub_est_[m[K
[01m[K/home/dsh/Documents/work_logs/code/SFUISE/sfuise_ws/src/sfuise/src/SplineFusion.cpp:61:9:[m[K [01;31m[Kerror: [m[K‘[01m[Kpub_start_time[m[K’ was not declared in this scope; did you mean ‘[01m[Kpub_start_time_[m[K’?
   61 |         [01;31m[Kpub_start_time[m[K = node->create_publisher<std_msgs::msg::Int64>(
      |         [01;31m[K^~~~~~~~~~~~~~[m[K
      |         [32m[Kpub_start_time_[m[K
[01m[K/home/dsh/Documents/work_logs/code/SFUISE/sfuise_ws/src/sfuise/src/SplineFusion.cpp:[m[K In member function ‘[01m[Kvoid SplineFusion::run()[m[K’:
[01m[K/home/dsh/Documents/work_logs/code/SFUISE/sfuise_ws/src/sfuise/src/SplineFusion.cpp:68:39:[m[K [01;31m[Kerror: [m[K‘[01m[Knode_[m[K’ was not declared in this scope; did you mean ‘[01m[Kmode_t[m[K’?
   68 |         rclcpp::Time t_window_start = [01;31m[Knode_[m[K->get_clock()->now();  // 获取当前时间
      |                                       [01;31m[K^~~~~[m[K
      |                                       [32m[Kmode_t[m[K
[01m[K/home/dsh/Documents/work_logs/code/SFUISE/sfuise_ws/src/sfuise/src/SplineFusion.cpp:75:13:[m[K [01;31m[Kerror: [m[K‘[01m[Kaverage_runtime[m[K’ was not declared in this scope; did you mean ‘[01m[Kaverage_runtime_[m[K’?
   75 |             [01;31m[Kaverage_runtime[m[K = (t_consum + double(num_window) * average_runtime) / double(num_window + 1);  // 更新平均运行时间
      |             [01;31m[K^~~~~~~~~~~~~~~[m[K
      |             [32m[Kaverage_runtime_[m[K
[01m[K/home/dsh/Documents/work_logs/code/SFUISE/sfuise_ws/src/sfuise/src/SplineFusion.cpp:78:22:[m[K [01;31m[Kerror: [m[K‘[01m[Kwindow_count[m[K’ was not declared in this scope; did you mean ‘[01m[Kwindow_count_[m[K’?
   78 |             if ((int)[01;31m[Kwindow_count[m[K <= n_window_calib) {  // 如果窗口计数小于等于校准窗口数
      |                      [01;31m[K^~~~~~~~~~~~[m[K
      |                      [32m[Kwindow_count_[m[K
[01m[K/home/dsh/Documents/work_logs/code/SFUISE/sfuise_ws/src/sfuise/src/SplineFusion.cpp:78:38:[m[K [01;31m[Kerror: [m[K‘[01m[Kn_window_calib[m[K’ was not declared in this scope; did you mean ‘[01m[Kn_window_calib_[m[K’?
   78 |             if ((int)window_count <= [01;31m[Kn_window_calib[m[K) {  // 如果窗口计数小于等于校准窗口数
      |                                      [01;31m[K^~~~~~~~~~~~~~[m[K
      |                                      [32m[Kn_window_calib_[m[K
[01m[K/home/dsh/Documents/work_logs/code/SFUISE/sfuise_ws/src/sfuise/src/SplineFusion.cpp:81:41:[m[K [01;31m[Kerror: [m[K‘[01m[Kcalib_param[m[K’ was not declared in this scope; did you mean ‘[01m[Kcalib_param_[m[K’?
   81 |                 calib_msg.q_nav_uwb.w = [01;31m[Kcalib_param[m[K.q_nav_uwb.w();
      |                                         [01;31m[K^~~~~~~~~~~[m[K
      |                                         [32m[Kcalib_param_[m[K
[01m[K/home/dsh/Documents/work_logs/code/SFUISE/sfuise_ws/src/sfuise/src/SplineFusion.cpp:98:17:[m[K [01;31m[Kerror: [m[K‘[01m[Kspline_local[m[K’ was not declared in this scope; did you mean ‘[01m[Kspline_local_[m[K’?
   98 |             if ([01;31m[Kspline_local[m[K.numKnots() >= (size_t)window_size) {  // 如果样条节点数达到窗口大小
      |                 [01;31m[K^~~~~~~~~~~~[m[K
      |                 [32m[Kspline_local_[m[K
[01m[K/home/dsh/Documents/work_logs/code/SFUISE/sfuise_ws/src/sfuise/src/SplineFusion.cpp:98:52:[m[K [01;31m[Kerror: [m[K‘[01m[Kwindow_size[m[K’ was not declared in this scope; did you mean ‘[01m[Kwindow_size_[m[K’?
   98 |             if (spline_local.numKnots() >= (size_t)[01;31m[Kwindow_size[m[K) {  // 如果样条节点数达到窗口大小
      |                                                    [01;31m[K^~~~~~~~~~~[m[K
      |                                                    [32m[Kwindow_size_[m[K
[01m[K/home/dsh/Documents/work_logs/code/SFUISE/sfuise_ws/src/sfuise/src/SplineFusion.cpp:99:17:[m[K [01;31m[Kerror: [m[K‘[01m[Kwindow_count[m[K’ was not declared in this scope; did you mean ‘[01m[Kwindow_count_[m[K’?
   99 |                 [01;31m[Kwindow_count[m[K++;  // 增加窗口计数
      |                 [01;31m[K^~~~~~~~~~~~[m[K
      |                 [32m[Kwindow_count_[m[K
[01m[K/home/dsh/Documents/work_logs/code/SFUISE/sfuise_ws/src/sfuise/src/SplineFusion.cpp:100:21:[m[K [01;31m[Kerror: [m[K‘[01m[Ksolver_flag[m[K’ was not declared in this scope; did you mean ‘[01m[Ksolver_flag_[m[K’?
  100 |                 if ([01;31m[Ksolver_flag[m[K == INITIAL) {  // 如果求解器标志为初始状态
      |                     [01;31m[K^~~~~~~~~~~[m[K
      |                     [32m[Ksolver_flag_[m[K
[01m[K/home/dsh/Documents/work_logs/code/SFUISE/sfuise_ws/src/sfuise/src/SplineFusion.cpp:100:36:[m[K [01;31m[Kerror: [m[K‘[01m[KINITIAL[m[K’ was not declared in this scope
  100 |                 if (solver_flag == [01;31m[KINITIAL[m[K) {  // 如果求解器标志为初始状态
      |                                    [01;31m[K^~~~~~~[m[K
[01m[K/home/dsh/Documents/work_logs/code/SFUISE/sfuise_ws/src/sfuise/src/SplineFusion.cpp:101:35:[m[K [01;31m[Kerror: [m[K‘[01m[KFULLSIZE[m[K’ was not declared in this scope
  101 |                     solver_flag = [01;31m[KFULLSIZE[m[K;  // 设置为全尺寸状态
      |                                   [01;31m[K^~~~~~~~[m[K
[01m[K/home/dsh/Documents/work_logs/code/SFUISE/sfuise_ws/src/sfuise/src/SplineFusion.cpp:106:13:[m[K [01;31m[Kerror: [m[K‘[01m[Kspline_local[m[K’ was not declared in this scope; did you mean ‘[01m[Kspline_local_[m[K’?
  106 |             [01;31m[Kspline_local[m[K.getSplineMsg(spline_msg);  // 获取样条消息
      |             [01;31m[K^~~~~~~~~~~~[m[K
      |             [32m[Kspline_local_[m[K
[01m[K/home/dsh/Documents/work_logs/code/SFUISE/sfuise_ws/src/sfuise/src/SplineFusion.cpp:110:44:[m[K [01;31m[Kerror: [m[K‘[01m[Ksolver_flag[m[K’ was not declared in this scope; did you mean ‘[01m[Ksolver_flag_[m[K’?
  110 |             est_msg.if_full_window.data = ([01;31m[Ksolver_flag[m[K != INITIAL);  // 设置是否为全窗口
      |                                            [01;31m[K^~~~~~~~~~~[m[K
      |                                            [32m[Ksolver_flag_[m[K
[01m[K/home/dsh/Documents/work_logs/code/SFUISE/sfuise_ws/src/sfuise/src/SplineFusion.cpp:110:59:[m[K [01;31m[Kerror: [m[K‘[01m[KINITIAL[m[K’ was not declared in this scope
  110 |             est_msg.if_full_window.data = (solver_flag != [01;31m[KINITIAL[m[K);  // 设置是否为全窗口
      |                                                           [01;31m[K^~~~~~~[m[K
[01m[K/home/dsh/Documents/work_logs/code/SFUISE/sfuise_ws/src/sfuise/src/SplineFusion.cpp:116:32:[m[K [01;31m[Kerror: [m[K‘[01m[KFULLSIZE[m[K’ was not declared in this scope
  116 |             if (solver_flag == [01;31m[KFULLSIZE[m[K) {
      |                                [01;31m[K^~~~~~~~[m[K
[01m[K/home/dsh/Documents/work_logs/code/SFUISE/sfuise_ws/src/sfuise/src/SplineFusion.cpp:[m[K In member function ‘[01m[Kvoid SplineFusion::readParameters(rclcpp::Node::SharedPtr)[m[K’:
[01m[K/home/dsh/Documents/work_logs/code/SFUISE/sfuise_ws/src/sfuise/src/SplineFusion.cpp:182:13:[m[K [01;31m[Kerror: [m[K‘[01m[Kif_uwb_only[m[K’ was not declared in this scope; did you mean ‘[01m[Kif_uwb_only_[m[K’?
  182 |             [01;31m[Kif_uwb_only[m[K = true; // 如果系数为0，则仅使用UWB
      |             [01;31m[K^~~~~~~~~~~[m[K
      |             [32m[Kif_uwb_only_[m[K
[01m[K/home/dsh/Documents/work_logs/code/SFUISE/sfuise_ws/src/sfuise/src/SplineFusion.cpp:184:13:[m[K [01;31m[Kerror: [m[K‘[01m[Kif_uwb_only[m[K’ was not declared in this scope; did you mean ‘[01m[Kif_uwb_only_[m[K’?
  184 |             [01;31m[Kif_uwb_only[m[K = false; // 否则不只使用UWB
      |             [01;31m[K^~~~~~~~~~~[m[K
      |             [32m[Kif_uwb_only_[m[K
[01m[K/home/dsh/Documents/work_logs/code/SFUISE/sfuise_ws/src/sfuise/src/SplineFusion.cpp:187:9:[m[K [01;31m[Kerror: [m[K‘[01m[Kparam[m[K’ was not declared in this scope; did you mean ‘[01m[Kparam_[m[K’?
  187 |         [01;31m[Kparam[m[K.if_opt_g = true; // 设置优化重力标志
      |         [01;31m[K^~~~~[m[K
      |         [32m[Kparam_[m[K
[01m[K/home/dsh/Documents/work_logs/code/SFUISE/sfuise_ws/src/sfuise/src/SplineFusion.cpp:190:9:[m[K [01;31m[Kerror: [m[K‘[01m[Kmax_iter[m[K’ was not declared in this scope; did you mean ‘[01m[Kmax_iter_[m[K’?
  190 |         [01;31m[Kmax_iter[m[K = CommonUtils::readParam<int>(node, "max_iter"); // 读取最大迭代次数
      |         [01;31m[K^~~~~~~~[m[K
      |         [32m[Kmax_iter_[m[K
[01m[K/home/dsh/Documents/work_logs/code/SFUISE/sfuise_ws/src/sfuise/src/SplineFusion.cpp:191:9:[m[K [01;31m[Kerror: [m[K‘[01m[Kdt_ns[m[K’ was not declared in this scope; did you mean ‘[01m[Kdt_ns_[m[K’?
  191 |         [01;31m[Kdt_ns[m[K = 1e9 / CommonUtils::readParam<int>(node, "control_point_fps"); // 计算时间间隔
      |         [01;31m[K^~~~~[m[K
      |         [32m[Kdt_ns_[m[K
[01m[K/home/dsh/Documents/work_logs/code/SFUISE/sfuise_ws/src/sfuise/src/SplineFusion.cpp:192:9:[m[K [01;31m[Kerror: [m[K‘[01m[Kif_tdoa[m[K’ was not declared in this scope; did you mean ‘[01m[Kif_tdoa_[m[K’?
  192 |         [01;31m[Kif_tdoa[m[K = CommonUtils::readParam<bool>(node, "if_tdoa"); // 读取是否使用TDOA标志
      |         [01;31m[K^~~~~~~[m[K
      |         [32m[Kif_tdoa_[m[K
[01m[K/home/dsh/Documents/work_logs/code/SFUISE/sfuise_ws/src/sfuise/src/SplineFusion.cpp:193:9:[m[K [01;31m[Kerror: [m[K‘[01m[Kbag_start_time[m[K’ was not declared in this scope; did you mean ‘[01m[Kbag_start_time_[m[K’?
  193 |         [01;31m[Kbag_start_time[m[K = 0; // 初始化行李开始时间
      |         [01;31m[K^~~~~~~~~~~~~~[m[K
      |         [32m[Kbag_start_time_[m[K
[01m[K/home/dsh/Documents/work_logs/code/SFUISE/sfuise_ws/src/sfuise/src/SplineFusion.cpp:194:9:[m[K [01;31m[Kerror: [m[K‘[01m[Kn_window_calib[m[K’ was not declared in this scope; did you mean ‘[01m[Kn_window_calib_[m[K’?
  194 |         [01;31m[Kn_window_calib[m[K = CommonUtils::readParam<int>(node, "n_window_calib"); // 读取校准窗口数
      |         [01;31m[K^~~~~~~~~~~~~~[m[K
      |         [32m[Kn_window_calib_[m[K
[01m[K/home/dsh/Documents/work_logs/code/SFUISE/sfuise_ws/src/sfuise/src/SplineFusion.cpp:195:9:[m[K [01;31m[Kerror: [m[K‘[01m[Kwindow_size[m[K’ was not declared in this scope; did you mean ‘[01m[Kwindow_size_[m[K’?
  195 |         [01;31m[Kwindow_size[m[K = CommonUtils::readParam<int>(node, "window_size"); // 读取窗口大小
      |         [01;31m[K^~~~~~~~~~~[m[K
      |         [32m[Kwindow_size_[m[K
[01m[K/home/dsh/Documents/work_logs/code/SFUISE/sfuise_ws/src/sfuise/src/SplineFusion.cpp:232:9:[m[K [01;31m[Kerror: [m[K‘[01m[Kcalib_param[m[K’ was not declared in this scope; did you mean ‘[01m[Kcalib_param_[m[K’?
  232 |         [01;31m[Kcalib_param[m[K.offset = Eigen::Vector3d(v_offset.at(0), v_offset.at(1), v_offset.at(2)); // 设置校准偏移
      |         [01;31m[K^~~~~~~~~~~[m[K
      |         [32m[Kcalib_param_[m[K
[01m[K/home/dsh/Documents/work_logs/code/SFUISE/sfuise_ws/src/sfuise/src/SplineFusion.cpp:235:13:[m[K [01;31m[Kerror: [m[K‘[01m[Kv_toa_offset[m[K’ was not declared in this scope; did you mean ‘[01m[Kv_toa_offset_[m[K’?
  235 |             [01;31m[Kv_toa_offset[m[K = CommonUtils::readParam<std::vector<double>>(node, "toa_offset"); // 读取TOA偏移量
      |             [01;31m[K^~~~~~~~~~~~[m[K
      |             [32m[Kv_toa_offset_[m[K
[01m[K/home/dsh/Documents/work_logs/code/SFUISE/sfuise_ws/src/sfuise/src/SplineFusion.cpp:[m[K In member function ‘[01m[Kvoid SplineFusion::getImuCallback(sensor_msgs::msg::Imu_<std::allocator<void> >::SharedPtr)[m[K’:
[01m[K/home/dsh/Documents/work_logs/code/SFUISE/sfuise_ws/src/sfuise/src/SplineFusion.cpp:246:9:[m[K [01;31m[Kerror: [m[K‘[01m[Kimu_buff[m[K’ was not declared in this scope; did you mean ‘[01m[Kimu_buff_[m[K’?
  246 |         [01;31m[Kimu_buff[m[K.push_back(imu); // 将IMU数据添加到缓冲区
      |         [01;31m[K^~~~~~~~[m[K
      |         [32m[Kimu_buff_[m[K
[01m[K/home/dsh/Documents/work_logs/code/SFUISE/sfuise_ws/src/sfuise/src/SplineFusion.cpp:[m[K In member function ‘[01m[Kvoid SplineFusion::getTdoaCallback(cf_msgs::msg::Tdoa_<std::allocator<void> >::SharedPtr)[m[K’:
[01m[K/home/dsh/Documents/work_logs/code/SFUISE/sfuise_ws/src/sfuise/src/SplineFusion.cpp:252:54:[m[K [01;31m[Kerror: [m[K‘[01m[Kusing element_type = struct cf_msgs::msg::Tdoa_<std::allocator<void> >[m[K’ {aka ‘[01m[Kstruct cf_msgs::msg::Tdoa_<std::allocator<void> >[m[K’} has no member named ‘[01m[KidA[m[K’
  252 |         TDOAData uwb(msg->header.stamp.nanosec, msg->[01;31m[KidA[m[K, msg->idB, msg->data); // 创建TDOA数据对象
      |                                                      [01;31m[K^~~[m[K
[01m[K/home/dsh/Documents/work_logs/code/SFUISE/sfuise_ws/src/sfuise/src/SplineFusion.cpp:252:64:[m[K [01;31m[Kerror: [m[K‘[01m[Kusing element_type = struct cf_msgs::msg::Tdoa_<std::allocator<void> >[m[K’ {aka ‘[01m[Kstruct cf_msgs::msg::Tdoa_<std::allocator<void> >[m[K’} has no member named ‘[01m[KidB[m[K’
  252 |         TDOAData uwb(msg->header.stamp.nanosec, msg->idA, msg->[01;31m[KidB[m[K, msg->data); // 创建TDOA数据对象
      |                                                                [01;31m[K^~~[m[K
[01m[K/home/dsh/Documents/work_logs/code/SFUISE/sfuise_ws/src/sfuise/src/SplineFusion.cpp:253:9:[m[K [01;31m[Kerror: [m[K‘[01m[Ktdoa_buff[m[K’ was not declared in this scope; did you mean ‘[01m[Ktdoa_buff_[m[K’?
  253 |         [01;31m[Ktdoa_buff[m[K.push_back(uwb); // 将TDOA数据添加到缓冲区
      |         [01;31m[K^~~~~~~~~[m[K
      |         [32m[Ktdoa_buff_[m[K
[01m[K/home/dsh/Documents/work_logs/code/SFUISE/sfuise_ws/src/sfuise/src/SplineFusion.cpp:[m[K In member function ‘[01m[Kvoid SplineFusion::getToaCallback(isas_msgs::msg::RTLSStick_<std::allocator<void> >::SharedPtr)[m[K’:
[01m[K/home/dsh/Documents/work_logs/code/SFUISE/sfuise_ws/src/sfuise/src/SplineFusion.cpp:263:13:[m[K [01;31m[Kerror: [m[K‘[01m[Ktoa_buff[m[K’ was not declared in this scope; did you mean ‘[01m[Ktoa_buff_[m[K’?
  263 |             [01;31m[Ktoa_buff[m[K.push_back(uwb); // 将TOA数据添加到缓冲区
      |             [01;31m[K^~~~~~~~[m[K
      |             [32m[Ktoa_buff_[m[K
[01m[K/home/dsh/Documents/work_logs/code/SFUISE/sfuise_ws/src/sfuise/src/SplineFusion.cpp:[m[K In member function ‘[01m[Kvoid SplineFusion::getAnchorCallback(isas_msgs::msg::Anchorlist_<std::allocator<void> >::SharedPtr)[m[K’:
[01m[K/home/dsh/Documents/work_logs/code/SFUISE/sfuise_ws/src/sfuise/src/SplineFusion.cpp:270:13:[m[K [01;31m[Kerror: [m[K‘[01m[Kif_anchor_ini[m[K’ was not declared in this scope; did you mean ‘[01m[Kif_anchor_ini_[m[K’?
  270 |         if ([01;31m[Kif_anchor_ini[m[K) return; // 如果锚点已初始化，返回
      |             [01;31m[K^~~~~~~~~~~~~[m[K
      |             [32m[Kif_anchor_ini_[m[K
[01m[K/home/dsh/Documents/work_logs/code/SFUISE/sfuise_ws/src/sfuise/src/SplineFusion.cpp:272:13:[m[K [01;31m[Kerror: [m[K‘[01m[Kparam[m[K’ was not declared in this scope; did you mean ‘[01m[Kparam_[m[K’?
  272 |             [01;31m[Kparam[m[K.anchor_list[anchor.id] = Eigen::Vector3d(anchor.position.x, anchor.position.y, anchor.position.z); // 添加锚点到列表
      |             [01;31m[K^~~~~[m[K
      |             [32m[Kparam_[m[K
[01m[K/home/dsh/Documents/work_logs/code/SFUISE/sfuise_ws/src/sfuise/src/SplineFusion.cpp:274:9:[m[K [01;31m[Kerror: [m[K‘[01m[Kif_anchor_ini[m[K’ was not declared in this scope; did you mean ‘[01m[Kif_anchor_ini_[m[K’?
  274 |         [01;31m[Kif_anchor_ini[m[K = true; // 设置锚点初始化标志
      |         [01;31m[K^~~~~~~~~~~~~[m[K
      |         [32m[Kif_anchor_ini_[m[K
[01m[K/home/dsh/Documents/work_logs/code/SFUISE/sfuise_ws/src/sfuise/src/SplineFusion.cpp:275:14:[m[K [01;31m[Kerror: [m[K‘[01m[Kif_tdoa[m[K’ was not declared in this scope; did you mean ‘[01m[Kif_tdoa_[m[K’?
  275 |         if (![01;31m[Kif_tdoa[m[K) { // 如果不使用TDOA
      |              [01;31m[K^~~~~~~[m[K
      |              [32m[Kif_tdoa_[m[K
[01m[K/home/dsh/Documents/work_logs/code/SFUISE/sfuise_ws/src/sfuise/src/SplineFusion.cpp:277:28:[m[K [01;31m[Kerror: [m[K‘[01m[Kparam[m[K’ was not declared in this scope; did you mean ‘[01m[Kparam_[m[K’?
  277 |             for (auto it = [01;31m[Kparam[m[K.anchor_list.begin(); it != param.anchor_list.end(); it++) { // 遍历锚点列表
      |                            [01;31m[K^~~~~[m[K
      |                            [32m[Kparam_[m[K
[01m[K/home/dsh/Documents/work_logs/code/SFUISE/sfuise_ws/src/sfuise/src/SplineFusion.cpp:278:47:[m[K [01;31m[Kerror: [m[K‘[01m[Kv_toa_offset[m[K’ was not declared in this scope; did you mean ‘[01m[Kv_toa_offset_[m[K’?
  278 |                 param.toa_offset[it->first] = [01;31m[Kv_toa_offset[m[K[i]; // 设置TOA偏移
      |                                               [01;31m[K^~~~~~~~~~~~[m[K
      |                                               [32m[Kv_toa_offset_[m[K
[01m[K/home/dsh/Documents/work_logs/code/SFUISE/sfuise_ws/src/sfuise/src/SplineFusion.cpp:[m[K In member function ‘[01m[Kvoid SplineFusion::updateMeasurements(Eigen::aligned_deque<_KnotT>&, Eigen::aligned_deque<_KnotT>&)[m[K’:
[01m[K/home/dsh/Documents/work_logs/code/SFUISE/sfuise_ws/src/sfuise/src/SplineFusion.cpp:288:30:[m[K [01;31m[Kerror: [m[K‘[01m[Kspline_local[m[K’ was not declared in this scope; did you mean ‘[01m[Kspline_local_[m[K’?
  288 |         int64_t t_window_l = [01;31m[Kspline_local[m[K.minTimeNs(); // 获取窗口左边界
      |                              [01;31m[K^~~~~~~~~~~~[m[K
      |                              [32m[Kspline_local_[m[K
[01m[K/home/dsh/Documents/work_logs/code/SFUISE/sfuise_ws/src/sfuise/src/SplineFusion.cpp:[m[K In member function ‘[01m[Kbool SplineFusion::initialization()[m[K’:
[01m[K/home/dsh/Documents/work_logs/code/SFUISE/sfuise_ws/src/sfuise/src/SplineFusion.cpp:315:18:[m[K [01;31m[Kerror: [m[K‘[01m[Kimu_buff[m[K’ was not declared in this scope; did you mean ‘[01m[Kimu_buff_[m[K’?
  315 |             if (![01;31m[Kimu_buff[m[K.empty()) min_time = imu_buff.back().time_ns; // 获取IMU缓冲区的时间
      |                  [01;31m[K^~~~~~~~[m[K
      |                  [32m[Kimu_buff_[m[K
[01m[K/home/dsh/Documents/work_logs/code/SFUISE/sfuise_ws/src/sfuise/src/SplineFusion.cpp:316:18:[m[K [01;31m[Kerror: [m[K‘[01m[Ktoa_buff[m[K’ was not declared in this scope; did you mean ‘[01m[Ktoa_buff_[m[K’?
  316 |             if (![01;31m[Ktoa_buff[m[K.empty()) min_time = std::min(toa_buff.back().time_ns, min_time); // 获取TOA缓冲区的时间
      |                  [01;31m[K^~~~~~~~[m[K
      |                  [32m[Ktoa_buff_[m[K
[01m[K/home/dsh/Documents/work_logs/code/SFUISE/sfuise_ws/src/sfuise/src/SplineFusion.cpp:317:18:[m[K [01;31m[Kerror: [m[K‘[01m[Ktdoa_buff[m[K’ was not declared in this scope; did you mean ‘[01m[Ktdoa_buff_[m[K’?
  317 |             if (![01;31m[Ktdoa_buff[m[K.empty()) min_time = std::min(tdoa_buff.back().time_ns, min_time); // 获取TDOA缓冲区的时间
      |                  [01;31m[K^~~~~~~~~[m[K
      |                  [32m[Ktdoa_buff_[m[K
[01m[K/home/dsh/Documents/work_logs/code/SFUISE/sfuise_ws/src/sfuise/src/SplineFusion.cpp:318:28:[m[K [01;31m[Kerror: [m[K‘[01m[Kspline_local[m[K’ was not declared in this scope; did you mean ‘[01m[Kspline_local_[m[K’?
  318 |             if (min_time > [01;31m[Kspline_local[m[K.nextMaxTimeNs()) { // 如果最小时间大于样条的最大时间
      |                            [01;31m[K^~~~~~~~~~~~[m[K
      |                            [32m[Kspline_local_[m[K
[01m[K/home/dsh/Documents/work_logs/code/SFUISE/sfuise_ws/src/sfuise/src/SplineFusion.cpp:323:22:[m[K [01;31m[Kerror: [m[K‘[01m[Kif_uwb_only[m[K’ was not declared in this scope; did you mean ‘[01m[Kif_uwb_only_[m[K’?
  323 |                 if (![01;31m[Kif_uwb_only[m[K) { // 如果不只使用UWB
      |                      [01;31m[K^~~~~~~~~~~[m[K
      |                      [32m[Kif_uwb_only_[m[K
[01m[K/home/dsh/Documents/work_logs/code/SFUISE/sfuise_ws/src/sfuise/src/SplineFusion.cpp:325:25:[m[K [01;31m[Kerror: [m[K‘[01m[Klast_imu_t_ns[m[K’ was not declared in this scope; did you mean ‘[01m[Klast_imu_t_ns_[m[K’?
  325 |                         [01;31m[Klast_imu_t_ns[m[K = bag_start_time; // 设置最后IMU时间为行李开始时间
      |                         [01;31m[K^~~~~~~~~~~~~[m[K
      |                         [32m[Klast_imu_t_ns_[m[K
[01m[K/home/dsh/Documents/work_logs/code/SFUISE/sfuise_ws/src/sfuise/src/SplineFusion.cpp:325:41:[m[K [01;31m[Kerror: [m[K‘[01m[Kbag_start_time[m[K’ was not declared in this scope; did you mean ‘[01m[Kbag_start_time_[m[K’?
  325 |                         last_imu_t_ns = [01;31m[Kbag_start_time[m[K; // 设置最后IMU时间为行李开始时间
      |                                         [01;31m[K^~~~~~~~~~~~~~[m[K
      |                                         [32m[Kbag_start_time_[m[K
[01m[K/home/dsh/Documents/work_logs/code/SFUISE/sfuise_ws/src/sfuise/src/SplineFusion.cpp:327:25:[m[K [01;31m[Kerror: [m[K‘[01m[Klast_imu_t_ns[m[K’ was not declared in this scope; did you mean ‘[01m[Klast_imu_t_ns_[m[K’?
  327 |                         [01;31m[Klast_imu_t_ns[m[K = imu_window.back().time_ns; // 获取IMU窗口的最后时间
      |                         [01;31m[K^~~~~~~~~~~~~[m[K
      |                         [32m[Klast_imu_t_ns_[m[K
[01m[K/home/dsh/Documents/work_logs/code/SFUISE/sfuise_ws/src/sfuise/src/SplineFusion.cpp:327:41:[m[K [01;31m[Kerror: [m[K‘[01m[Kimu_window[m[K’ was not declared in this scope; did you mean ‘[01m[Kimu_window_[m[K’?
  327 |                         last_imu_t_ns = [01;31m[Kimu_window[m[K.back().time_ns; // 获取IMU窗口的最后时间
      |                                         [01;31m[K^~~~~~~~~~[m[K
      |                                         [32m[Kimu_window_[m[K
[01m[K/home/dsh/Documents/work_logs/code/SFUISE/sfuise_ws/src/sfuise/src/SplineFusion.cpp:329:33:[m[K [01;31m[Kerror: [m[K‘[01m[Knext_knot_TimeNs[m[K’ was not declared in this scope; did you mean ‘[01m[Knext_knot_time_ns_[m[K’?
  329 |                     integration([01;31m[Knext_knot_TimeNs[m[K, q_ini, pos_ini); // 执行积分
      |                                 [01;31m[K^~~~~~~~~~~~~~~~[m[K
      |                                 [32m[Knext_knot_time_ns_[m[K
[01m[K/home/dsh/Documents/work_logs/code/SFUISE/sfuise_ws/src/sfuise/src/SplineFusion.cpp:331:25:[m[K [01;31m[Kerror: [m[K‘[01m[Kif_tdoa[m[K’ was not declared in this scope; did you mean ‘[01m[Kif_tdoa_[m[K’?
  331 |                     if ([01;31m[Kif_tdoa[m[K) { // 如果使用TDOA
      |                         [01;31m[K^~~~~~~[m[K
      |                         [32m[Kif_tdoa_[m[K
[01m[K/home/dsh/Documents/work_logs/code/SFUISE/sfuise_ws/src/sfuise/src/SplineFusion.cpp:332:55:[m[K [01;31m[Kerror: [m[K‘[01m[Knext_knot_TimeNs[m[K’ was not declared in this scope; did you mean ‘[01m[Knext_knot_time_ns_[m[K’?
  332 |                         pos_ini = tdoaMultilateration([01;31m[Knext_knot_TimeNs[m[K * NS_TO_S); // 执行TDOA多边定位
      |                                                       [01;31m[K^~~~~~~~~~~~~~~~[m[K
      |                                                       [32m[Knext_knot_time_ns_[m[K
In file included from [01m[K/opt/ros/humble/include/rclcpp/rclcpp/client.hpp:40[m[K,
                 from [01m[K/opt/ros/humble/include/rclcpp/rclcpp/callback_group.hpp:24[m[K,
                 from [01m[K/opt/ros/humble/include/rclcpp/rclcpp/any_executable.hpp:20[m[K,
                 from [01m[K/opt/ros/humble/include/rclcpp/rclcpp/memory_strategy.hpp:25[m[K,
                 from [01m[K/opt/ros/humble/include/rclcpp/rclcpp/memory_strategies.hpp:18[m[K,
                 from [01m[K/opt/ros/humble/include/rclcpp/rclcpp/executor_options.hpp:20[m[K,
                 from [01m[K/opt/ros/humble/include/rclcpp/rclcpp/executor.hpp:37[m[K,
                 from [01m[K/opt/ros/humble/include/rclcpp/rclcpp/executors/multi_threaded_executor.hpp:25[m[K,
                 from [01m[K/opt/ros/humble/include/rclcpp/rclcpp/executors.hpp:21[m[K,
                 from [01m[K/opt/ros/humble/include/rclcpp/rclcpp/rclcpp.hpp:155[m[K,
                 from [01m[K/home/dsh/Documents/work_logs/code/SFUISE/sfuise_ws/src/sfuise/src/SplineFusion.cpp:1[m[K:
[01m[K/home/dsh/Documents/work_logs/code/SFUISE/sfuise_ws/src/sfuise/src/SplineFusion.cpp:335:44:[m[K [01;31m[Kerror: [m[K‘[01m[Kclass SplineFusion[m[K’ has no member named ‘[01m[Kget_logger[m[K’
  335 |                         RCLCPP_ERROR(this->[01;31m[Kget_logger[m[K(), "UWB-only tracking only supported for TDOA data!"); // 输出错误信息
      |                                            [01;31m[K^~~~~~~~~~[m[K
[01m[K/home/dsh/Documents/work_logs/code/SFUISE/sfuise_ws/src/sfuise/src/SplineFusion.cpp:335:44:[m[K [01;31m[Kerror: [m[K‘[01m[Kclass SplineFusion[m[K’ has no member named ‘[01m[Kget_logger[m[K’
[01m[K/home/dsh/Documents/work_logs/code/SFUISE/sfuise_ws/src/sfuise/src/SplineFusion.cpp:335:25:[m[K [01;31m[Kerror: [m[Ktemplate argument 1 is invalid
  335 |                         [01;31m[KRCLCPP_ERROR[m[K(this->get_logger(), "UWB-only tracking only supported for TDOA data!"); // 输出错误信息
      |                         [01;31m[K^~~~~~~~~~~~[m[K
[01m[K/home/dsh/Documents/work_logs/code/SFUISE/sfuise_ws/src/sfuise/src/SplineFusion.cpp:335:25:[m[K [01;31m[Kerror: [m[Ktemplate argument 1 is invalid
  335 |                         [01;31m[KRCLCPP_ERROR[m[K(this->get_logger(), "UWB-only tracking only supported for TDOA data!"); // 输出错误信息
      |                         [01;31m[K^~~~~~~~~~~~[m[K
[01m[K/home/dsh/Documents/work_logs/code/SFUISE/sfuise_ws/src/sfuise/src/SplineFusion.cpp:335:25:[m[K [01;31m[Kerror: [m[Ktemplate argument 1 is invalid
  335 |                         [01;31m[KRCLCPP_ERROR[m[K(this->get_logger(), "UWB-only tracking only supported for TDOA data!"); // 输出错误信息
      |                         [01;31m[K^~~~~~~~~~~~[m[K
In file included from [01m[K/opt/ros/humble/include/rclcpp/rclcpp/logging.hpp:24[m[K,
                 from [01m[K/opt/ros/humble/include/rclcpp/rclcpp/client.hpp:40[m[K,
                 from [01m[K/opt/ros/humble/include/rclcpp/rclcpp/callback_group.hpp:24[m[K,
                 from [01m[K/opt/ros/humble/include/rclcpp/rclcpp/any_executable.hpp:20[m[K,
                 from [01m[K/opt/ros/humble/include/rclcpp/rclcpp/memory_strategy.hpp:25[m[K,
                 from [01m[K/opt/ros/humble/include/rclcpp/rclcpp/memory_strategies.hpp:18[m[K,
                 from [01m[K/opt/ros/humble/include/rclcpp/rclcpp/executor_options.hpp:20[m[K,
                 from [01m[K/opt/ros/humble/include/rclcpp/rclcpp/executor.hpp:37[m[K,
                 from [01m[K/opt/ros/humble/include/rclcpp/rclcpp/executors/multi_threaded_executor.hpp:25[m[K,
                 from [01m[K/opt/ros/humble/include/rclcpp/rclcpp/executors.hpp:21[m[K,
                 from [01m[K/opt/ros/humble/include/rclcpp/rclcpp/rclcpp.hpp:155[m[K,
                 from [01m[K/home/dsh/Documents/work_logs/code/SFUISE/sfuise_ws/src/sfuise/src/SplineFusion.cpp:1[m[K:
[01m[K/home/dsh/Documents/work_logs/code/SFUISE/sfuise_ws/src/sfuise/src/SplineFusion.cpp:335:44:[m[K [01;31m[Kerror: [m[K‘[01m[Kclass SplineFusion[m[K’ has no member named ‘[01m[Kget_logger[m[K’
  335 |                         RCLCPP_ERROR(this->[01;31m[Kget_logger[m[K(), "UWB-only tracking only supported for TDOA data!"); // 输出错误信息
      |                                            [01;31m[K^~~~~~~~~~[m[K
[01m[K/home/dsh/Documents/work_logs/code/SFUISE/sfuise_ws/src/sfuise/src/SplineFusion.cpp:335:44:[m[K [01;31m[Kerror: [m[K‘[01m[Kclass SplineFusion[m[K’ has no member named ‘[01m[Kget_logger[m[K’
  335 |                         RCLCPP_ERROR(this->[01;31m[Kget_logger[m[K(), "UWB-only tracking only supported for TDOA data!"); // 输出错误信息
      |                                            [01;31m[K^~~~~~~~~~[m[K
[01m[K/home/dsh/Documents/work_logs/code/SFUISE/sfuise_ws/src/sfuise/src/SplineFusion.cpp:341:17:[m[K [01;31m[Kerror: [m[K‘[01m[Knext_knot_TimeNs[m[K’ was not declared in this scope; did you mean ‘[01m[Knext_knot_time_ns_[m[K’?
  341 |                 [01;31m[Knext_knot_TimeNs[m[K += dt_ns; // 更新下一个节点时间
      |                 [01;31m[K^~~~~~~~~~~~~~~~[m[K
      |                 [32m[Knext_knot_time_ns_[m[K
[01m[K/home/dsh/Documents/work_logs/code/SFUISE/sfuise_ws/src/sfuise/src/SplineFusion.cpp:341:37:[m[K [01;31m[Kerror: [m[K‘[01m[Kdt_ns[m[K’ was not declared in this scope; did you mean ‘[01m[Kdt_ns_[m[K’?
  341 |                 next_knot_TimeNs += [01;31m[Kdt_ns[m[K; // 更新下一个节点时间
      |                                     [01;31m[K^~~~~[m[K
      |                                     [32m[Kdt_ns_[m[K
[01m[K/home/dsh/Documents/work_logs/code/SFUISE/sfuise_ws/src/sfuise/src/SplineFusion.cpp:350:35:[m[K [01;31m[Kerror: [m[K‘[01m[Kbag_start_time[m[K’ was not declared in this scope; did you mean ‘[01m[Kbag_start_time_[m[K’?
  350 |                 start_time.data = [01;31m[Kbag_start_time[m[K; // 设置启动时间
      |                                   [01;31m[K^~~~~~~~~~~~~~[m[K
      |                                   [32m[Kbag_start_time_[m[K
[01m[K/home/dsh/Documents/work_logs/code/SFUISE/sfuise_ws/src/sfuise/src/SplineFusion.cpp:353:30:[m[K [01;31m[Kerror: [m[K‘[01m[Kif_anchor_ini[m[K’ was not declared in this scope; did you mean ‘[01m[Kif_anchor_ini_[m[K’?
  353 |             if (param_set && [01;31m[Kif_anchor_ini[m[K) { // 如果参数已设置且锚点已初始化
      |                              [01;31m[K^~~~~~~~~~~~~[m[K
      |                              [32m[Kif_anchor_ini_[m[K
[01m[K/home/dsh/Documents/work_logs/code/SFUISE/sfuise_ws/src/sfuise/src/SplineFusion.cpp:354:17:[m[K [01;31m[Kerror: [m[K‘[01m[Kspline_local[m[K’ was not declared in this scope; did you mean ‘[01m[Kspline_local_[m[K’?
  354 |                 [01;31m[Kspline_local[m[K.init(dt_ns, 0, bag_start_time); // 初始化样条
      |                 [01;31m[K^~~~~~~~~~~~[m[K
      |                 [32m[Kspline_local_[m[K
[01m[K/home/dsh/Documents/work_logs/code/SFUISE/sfuise_ws/src/sfuise/src/SplineFusion.cpp:354:35:[m[K [01;31m[Kerror: [m[K‘[01m[Kdt_ns[m[K’ was not declared in this scope; did you mean ‘[01m[Kdt_ns_[m[K’?
  354 |                 spline_local.init([01;31m[Kdt_ns[m[K, 0, bag_start_time); // 初始化样条
      |                                   [01;31m[K^~~~~[m[K
      |                                   [32m[Kdt_ns_[m[K
[01m[K/home/dsh/Documents/work_logs/code/SFUISE/sfuise_ws/src/sfuise/src/SplineFusion.cpp:354:45:[m[K [01;31m[Kerror: [m[K‘[01m[Kbag_start_time[m[K’ was not declared in this scope; did you mean ‘[01m[Kbag_start_time_[m[K’?
  354 |                 spline_local.init(dt_ns, 0, [01;31m[Kbag_start_time[m[K); // 初始化样条
      |                                             [01;31m[K^~~~~~~~~~~~~~[m[K
      |                                             [32m[Kbag_start_time_[m[K
[01m[K/home/dsh/Documents/work_logs/code/SFUISE/sfuise_ws/src/sfuise/src/SplineFusion.cpp:355:22:[m[K [01;31m[Kerror: [m[K‘[01m[Kif_uwb_only[m[K’ was not declared in this scope; did you mean ‘[01m[Kif_uwb_only_[m[K’?
  355 |                 if (![01;31m[Kif_uwb_only[m[K) { // 如果不只使用UWB
      |                      [01;31m[K^~~~~~~~~~~[m[K
      |                      [32m[Kif_uwb_only_[m[K
[01m[K/home/dsh/Documents/work_logs/code/SFUISE/sfuise_ws/src/sfuise/src/SplineFusion.cpp:357:36:[m[K [01;31m[Kerror: [m[K‘[01m[Kimu_buff[m[K’ was not declared in this scope; did you mean ‘[01m[Kimu_buff_[m[K’?
  357 |                     size_t n_imu = [01;31m[Kimu_buff[m[K.size(); // 获取IMU缓冲区大小
      |                                    [01;31m[K^~~~~~~~[m[K
      |                                    [32m[Kimu_buff_[m[K
[01m[K/home/dsh/Documents/work_logs/code/SFUISE/sfuise_ws/src/sfuise/src/SplineFusion.cpp:363:21:[m[K [01;31m[Kerror: [m[K‘[01m[Kcalib_param[m[K’ was not declared in this scope; did you mean ‘[01m[Kcalib_param_[m[K’?
  363 |                     [01;31m[Kcalib_param[m[K.gravity = gravity_ave; // 设置校准重力
      |                     [01;31m[K^~~~~~~~~~~[m[K
      |                     [32m[Kcalib_param_[m[K
[01m[K/home/dsh/Documents/work_logs/code/SFUISE/sfuise_ws/src/sfuise/src/SplineFusion.cpp:365:17:[m[K [01;31m[Kerror: [m[K‘[01m[Kcalib_param[m[K’ was not declared in this scope; did you mean ‘[01m[Kcalib_param_[m[K’?
  365 |                 [01;31m[Kcalib_param[m[K.q_nav_uwb = param.q_nav_uwb_init; // 设置导航四元数
      |                 [01;31m[K^~~~~~~~~~~[m[K
      |                 [32m[Kcalib_param_[m[K
[01m[K/home/dsh/Documents/work_logs/code/SFUISE/sfuise_ws/src/sfuise/src/SplineFusion.cpp:365:41:[m[K [01;31m[Kerror: [m[K‘[01m[Kparam[m[K’ was not declared in this scope; did you mean ‘[01m[Kparam_[m[K’?
  365 |                 calib_param.q_nav_uwb = [01;31m[Kparam[m[K.q_nav_uwb_init; // 设置导航四元数
      |                                         [01;31m[K^~~~~[m[K
      |                                         [32m[Kparam_[m[K
[01m[K/home/dsh/Documents/work_logs/code/SFUISE/sfuise_ws/src/sfuise/src/SplineFusion.cpp:374:21:[m[K [01;31m[Kerror: [m[K‘[01m[Knext_knot_TimeNs[m[K’ was not declared in this scope; did you mean ‘[01m[Knext_knot_time_ns_[m[K’?
  374 |                     [01;31m[Knext_knot_TimeNs[m[K += dt_ns; // 更新下一个节点时间
      |                     [01;31m[K^~~~~~~~~~~~~~~~[m[K
      |                     [32m[Knext_knot_time_ns_[m[K
[01m[K/home/dsh/Documents/work_logs/code/SFUISE/sfuise_ws/src/sfuise/src/SplineFusion.cpp:[m[K In member function ‘[01m[KEigen::Vector3d SplineFusion::tdoaMultilateration(double) const[m[K’:
[01m[K/home/dsh/Documents/work_logs/code/SFUISE/sfuise_ws/src/sfuise/src/SplineFusion.cpp:390:35:[m[K [01;31m[Kerror: [m[K‘[01m[Kparam[m[K’ was not declared in this scope; did you mean ‘[01m[Kparam_[m[K’?
  390 |         Eigen::Vector3d anchor0 = [01;31m[Kparam[m[K.anchor_list.at(0); // 获取第一个锚点
      |                                   [01;31m[K^~~~~[m[K
      |                                   [32m[Kparam_[m[K
[01m[K/home/dsh/Documents/work_logs/code/SFUISE/sfuise_ws/src/sfuise/src/SplineFusion.cpp:392:25:[m[K [01;31m[Kerror: [m[K‘[01m[Ktdoa_buff[m[K’ was not declared in this scope; did you mean ‘[01m[Ktdoa_buff_[m[K’?
  392 |         range.push_back([01;31m[Ktdoa_buff[m[K.at(idx[0]).data); // 添加第一个范围
      |                         [01;31m[K^~~~~~~~~[m[K
      |                         [32m[Ktdoa_buff_[m[K
[01m[K/home/dsh/Documents/work_logs/code/SFUISE/sfuise_ws/src/sfuise/src/SplineFusion.cpp:406:14:[m[K [01;31m[Kerror: [m[K‘[01m[Kset_origin[m[K’ was not declared in this scope; did you mean ‘[01m[Ksetlogin[m[K’?
  406 |         if (![01;31m[Kset_origin[m[K) { // 如果未设置原点
      |              [01;31m[K^~~~~~~~~~[m[K
      |              [32m[Ksetlogin[m[K
[01m[K/home/dsh/Documents/work_logs/code/SFUISE/sfuise_ws/src/sfuise/src/SplineFusion.cpp:410:19:[m[K [01;31m[Kerror: [m[K‘[01m[Kcalib_param[m[K’ was not declared in this scope; did you mean ‘[01m[Kcalib_param_[m[K’?
  410 |             pos = [01;31m[Kcalib_param[m[K.q_nav_uwb.inverse() * (pos - calib_param.t_nav_uwb); // 计算最终位置
      |                   [01;31m[K^~~~~~~~~~~[m[K
      |                   [32m[Kcalib_param_[m[K
[01m[K/home/dsh/Documents/work_logs/code/SFUISE/sfuise_ws/src/sfuise/src/SplineFusion.cpp:[m[K In member function ‘[01m[Kvoid SplineFusion::findClosestNWithOrderedID(double, int, size_t*) const[m[K’:
[01m[K/home/dsh/Documents/work_logs/code/SFUISE/sfuise_ws/src/sfuise/src/SplineFusion.cpp:418:24:[m[K [01;31m[Kerror: [m[K‘[01m[Ktdoa_buff[m[K’ was not declared in this scope; did you mean ‘[01m[Ktdoa_buff_[m[K’?
  418 |         for (auto it = [01;31m[Ktdoa_buff[m[K.begin(); it != tdoa_buff.end(); it++) { // 遍历TDOA缓冲区
      |                        [01;31m[K^~~~~~~~~[m[K
      |                        [32m[Ktdoa_buff_[m[K
[01m[K/home/dsh/Documents/work_logs/code/SFUISE/sfuise_ws/src/sfuise/src/SplineFusion.cpp:[m[K In member function ‘[01m[Kbool SplineFusion::optimization()[m[K’:
[01m[K/home/dsh/Documents/work_logs/code/SFUISE/sfuise_ws/src/sfuise/src/SplineFusion.cpp:443:13:[m[K [01;31m[Kerror: [m[K‘[01m[Kspline_local[m[K’ was not declared in this scope; did you mean ‘[01m[Kspline_local_[m[K’?
  443 |         if ([01;31m[Kspline_local[m[K.numKnots() < 2) return false; // 如果样条节点数小于2，返回失败
      |             [01;31m[K^~~~~~~~~~~~[m[K
      |             [32m[Kspline_local_[m[K
[01m[K/home/dsh/Documents/work_logs/code/SFUISE/sfuise_ws/src/sfuise/src/SplineFusion.cpp:445:13:[m[K [01;31m[Kerror: [m[K‘[01m[Kparam[m[K’ was not declared in this scope; did you mean ‘[01m[Kparam_[m[K’?
  445 |         if ([01;31m[Kparam[m[K.if_reject_uwb) { // 如果需要拒绝UWB
      |             [01;31m[K^~~~~[m[K
      |             [32m[Kparam_[m[K
[01m[K/home/dsh/Documents/work_logs/code/SFUISE/sfuise_ws/src/sfuise/src/SplineFusion.cpp:446:17:[m[K [01;31m[Kerror: [m[K‘[01m[Ksolver_flag[m[K’ was not declared in this scope; did you mean ‘[01m[Ksolver_flag_[m[K’?
  446 |             if ([01;31m[Ksolver_flag[m[K == INITIAL && spline_local.numKnots() < int(param.reject_uwb_window_width * window_size))
      |                 [01;31m[K^~~~~~~~~~~[m[K
      |                 [32m[Ksolver_flag_[m[K
[01m[K/home/dsh/Documents/work_logs/code/SFUISE/sfuise_ws/src/sfuise/src/SplineFusion.cpp:446:32:[m[K [01;31m[Kerror: [m[K‘[01m[KINITIAL[m[K’ was not declared in this scope
  446 |             if (solver_flag == [01;31m[KINITIAL[m[K && spline_local.numKnots() < int(param.reject_uwb_window_width * window_size))
      |                                [01;31m[K^~~~~~~[m[K
[01m[K/home/dsh/Documents/work_logs/code/SFUISE/sfuise_ws/src/sfuise/src/SplineFusion.cpp:446:43:[m[K [01;31m[Kerror: [m[K‘[01m[Kspline_local[m[K’ was not declared in this scope; did you mean ‘[01m[Kspline_local_[m[K’?
  446 |             if (solver_flag == INITIAL && [01;31m[Kspline_local[m[K.numKnots() < int(param.reject_uwb_window_width * window_size))
      |                                           [01;31m[K^~~~~~~~~~~~[m[K
      |                                           [32m[Kspline_local_[m[K
[01m[K/home/dsh/Documents/work_logs/code/SFUISE/sfuise_ws/src/sfuise/src/SplineFusion.cpp:446:105:[m[K [01;31m[Kerror: [m[K‘[01m[Kwindow_size[m[K’ was not declared in this scope; did you mean ‘[01m[Kwindow_size_[m[K’?
  446 |             if (solver_flag == INITIAL && spline_local.numKnots() < int(param.reject_uwb_window_width * [01;31m[Kwindow_size[m[K))
      |                                                                                                         [01;31m[K^~~~~~~~~~~[m[K
      |                                                                                                         [32m[Kwindow_size_[m[K
[01m[K/home/dsh/Documents/work_logs/code/SFUISE/sfuise_ws/src/sfuise/src/SplineFusion.cpp:454:18:[m[K [01;31m[Kerror: [m[K‘[01m[Kwindow_count[m[K’ was not declared in this scope; did you mean ‘[01m[Kwindow_count_[m[K’?
  454 |         if ((int)[01;31m[Kwindow_count[m[K >= n_window_calib) { // 如果窗口计数达到校准窗口数
      |                  [01;31m[K^~~~~~~~~~~~[m[K
      |                  [32m[Kwindow_count_[m[K
[01m[K/home/dsh/Documents/work_logs/code/SFUISE/sfuise_ws/src/sfuise/src/SplineFusion.cpp:454:34:[m[K [01;31m[Kerror: [m[K‘[01m[Kn_window_calib[m[K’ was not declared in this scope; did you mean ‘[01m[Kn_window_calib_[m[K’?
  454 |         if ((int)window_count >= [01;31m[Kn_window_calib[m[K) { // 如果窗口计数达到校准窗口数
      |                                  [01;31m[K^~~~~~~~~~~~~~[m[K
      |                                  [32m[Kn_window_calib_[m[K
[01m[K/home/dsh/Documents/work_logs/code/SFUISE/sfuise_ws/src/sfuise/src/SplineFusion.cpp:455:13:[m[K [01;31m[Kerror: [m[K‘[01m[Kparam[m[K’ was not declared in this scope; did you mean ‘[01m[Kparam_[m[K’?
  455 |             [01;31m[Kparam[m[K.if_opt_g = false; // 不优化重力
      |             [01;31m[K^~~~~[m[K
      |             [32m[Kparam_[m[K
[01m[K/home/dsh/Documents/work_logs/code/SFUISE/sfuise_ws/src/sfuise/src/SplineFusion.cpp:459:14:[m[K [01;31m[Kerror: [m[K‘[01m[Kif_uwb_only[m[K’ was not declared in this scope; did you mean ‘[01m[Kif_uwb_only_[m[K’?
  459 |         if (![01;31m[Kif_uwb_only[m[K) updateMeasurements(imu_window, imu_buff); // 更新IMU测量
      |              [01;31m[K^~~~~~~~~~~[m[K
      |              [32m[Kif_uwb_only_[m[K
[01m[K/home/dsh/Documents/work_logs/code/SFUISE/sfuise_ws/src/sfuise/src/SplineFusion.cpp:459:46:[m[K [01;31m[Kerror: [m[K‘[01m[Kimu_window[m[K’ was not declared in this scope; did you mean ‘[01m[Kimu_window_[m[K’?
  459 |         if (!if_uwb_only) updateMeasurements([01;31m[Kimu_window[m[K, imu_buff); // 更新IMU测量
      |                                              [01;31m[K^~~~~~~~~~[m[K
      |                                              [32m[Kimu_window_[m[K
[01m[K/home/dsh/Documents/work_logs/code/SFUISE/sfuise_ws/src/sfuise/src/SplineFusion.cpp:459:58:[m[K [01;31m[Kerror: [m[K‘[01m[Kimu_buff[m[K’ was not declared in this scope; did you mean ‘[01m[Kimu_buff_[m[K’?
  459 |         if (!if_uwb_only) updateMeasurements(imu_window, [01;31m[Kimu_buff[m[K); // 更新IMU测量
      |                                                          [01;31m[K^~~~~~~~[m[K
      |                                                          [32m[Kimu_buff_[m[K
[01m[K/home/dsh/Documents/work_logs/code/SFUISE/sfuise_ws/src/sfuise/src/SplineFusion.cpp:460:13:[m[K [01;31m[Kerror: [m[K‘[01m[Kif_tdoa[m[K’ was not declared in this scope; did you mean ‘[01m[Kif_tdoa_[m[K’?
  460 |         if ([01;31m[Kif_tdoa[m[K) {
      |             [01;31m[K^~~~~~~[m[K
      |             [32m[Kif_tdoa_[m[K
[01m[K/home/dsh/Documents/work_logs/code/SFUISE/sfuise_ws/src/sfuise/src/SplineFusion.cpp:461:32:[m[K [01;31m[Kerror: [m[K‘[01m[Ktdoa_window[m[K’ was not declared in this scope; did you mean ‘[01m[Ktdoa_window_[m[K’?
  461 |             updateMeasurements([01;31m[Ktdoa_window[m[K, tdoa_buff); // 更新TDOA测量
      |                                [01;31m[K^~~~~~~~~~~[m[K
      |                                [32m[Ktdoa_window_[m[K
[01m[K/home/dsh/Documents/work_logs/code/SFUISE/sfuise_ws/src/sfuise/src/SplineFusion.cpp:461:45:[m[K [01;31m[Kerror: [m[K‘[01m[Ktdoa_buff[m[K’ was not declared in this scope; did you mean ‘[01m[Ktdoa_buff_[m[K’?
  461 |             updateMeasurements(tdoa_window, [01;31m[Ktdoa_buff[m[K); // 更新TDOA测量
      |                                             [01;31m[K^~~~~~~~~[m[K
      |                                             [32m[Ktdoa_buff_[m[K
[01m[K/home/dsh/Documents/work_logs/code/SFUISE/sfuise_ws/src/sfuise/src/SplineFusion.cpp:463:32:[m[K [01;31m[Kerror: [m[K‘[01m[Ktoa_window[m[K’ was not declared in this scope; did you mean ‘[01m[Ktoa_window_[m[K’?
  463 |             updateMeasurements([01;31m[Ktoa_window[m[K, toa_buff); // 更新TOA测量
      |                                [01;31m[K^~~~~~~~~~[m[K
      |                                [32m[Ktoa_window_[m[K
[01m[K/home/dsh/Documents/work_logs/code/SFUISE/sfuise_ws/src/sfuise/src/SplineFusion.cpp:463:44:[m[K [01;31m[Kerror: [m[K‘[01m[Ktoa_buff[m[K’ was not declared in this scope; did you mean ‘[01m[Ktoa_buff_[m[K’?
  463 |             updateMeasurements(toa_window, [01;31m[Ktoa_buff[m[K); // 更新TOA测量
      |                                            [01;31m[K^~~~~~~~[m[K
      |                                            [32m[Ktoa_buff_[m[K
[01m[K/home/dsh/Documents/work_logs/code/SFUISE/sfuise_ws/src/sfuise/src/SplineFusion.cpp:468:9:[m[K [01;31m[Kerror: [m[K‘[01m[Kpose_fixed[m[K’ was not declared in this scope; did you mean ‘[01m[Kpose_fixed_[m[K’?
  468 |         [01;31m[Kpose_fixed[m[K = false; // 位姿固定标志
      |         [01;31m[K^~~~~~~~~~[m[K
      |         [32m[Kpose_fixed_[m[K
[01m[K/home/dsh/Documents/work_logs/code/SFUISE/sfuise_ws/src/sfuise/src/SplineFusion.cpp:470:13:[m[K [01;31m[Kerror: [m[K‘[01m[Ksolver_flag[m[K’ was not declared in this scope; did you mean ‘[01m[Ksolver_flag_[m[K’?
  470 |         if ([01;31m[Ksolver_flag[m[K == INITIAL) {
      |             [01;31m[K^~~~~~~~~~~[m[K
      |             [32m[Ksolver_flag_[m[K
[01m[K/home/dsh/Documents/work_logs/code/SFUISE/sfuise_ws/src/sfuise/src/SplineFusion.cpp:470:28:[m[K [01;31m[Kerror: [m[K‘[01m[KINITIAL[m[K’ was not declared in this scope
  470 |         if (solver_flag == [01;31m[KINITIAL[m[K) {
      |                            [01;31m[K^~~~~~~[m[K
[01m[K/home/dsh/Documents/work_logs/code/SFUISE/sfuise_ws/src/sfuise/src/SplineFusion.cpp:473:9:[m[K [01;31m[Kerror: [m[K‘[01m[Klambda[m[K’ was not declared in this scope; did you mean ‘[01m[Kboost::mpl::lambda[m[K’?
  473 |         [01;31m[Klambda[m[K = 1e-6; // 初始化步长
      |         [01;31m[K^~~~~~[m[K
      |         [32m[Kboost::mpl::lambda[m[K
In file included from [01m[K/usr/include/boost/mpl/aux_/na_spec.hpp:18[m[K,
                 from [01m[K/usr/include/boost/mpl/if.hpp:19[m[K,
                 from [01m[K/usr/include/boost/math/tools/precision.hpp:18[m[K,
                 from [01m[K/usr/include/boost/math/special_functions/sinc.hpp:19[m[K,
                 from [01m[K/home/dsh/Documents/work_logs/code/SFUISE/sfuise_ws/src/sfuise/src/../include/utils/math_tools.h:5[m[K,
                 from [01m[K/home/dsh/Documents/work_logs/code/SFUISE/sfuise_ws/src/sfuise/src/../include/Linearizer.h:4[m[K,
                 from [01m[K/home/dsh/Documents/work_logs/code/SFUISE/sfuise_ws/src/sfuise/src/SplineFusion.cpp:2[m[K:
[01m[K/usr/include/boost/mpl/lambda_fwd.hpp:36:8:[m[K [01;36m[Knote: [m[K‘[01m[Kboost::mpl::lambda[m[K’ declared here
   36 | struct [01;36m[Klambda[m[K;
      |        [01;36m[K^~~~~~[m[K
[01m[K/home/dsh/Documents/work_logs/code/SFUISE/sfuise_ws/src/sfuise/src/SplineFusion.cpp:474:9:[m[K [01;31m[Kerror: [m[K‘[01m[Klambda_vee[m[K’ was not declared in this scope; did you mean ‘[01m[Klambda_vee_[m[K’?
  474 |         [01;31m[Klambda_vee[m[K = 2; // 初始化步长倍增因子
      |         [01;31m[K^~~~~~~~~~[m[K
      |         [32m[Klambda_vee_[m[K
[01m[K/home/dsh/Documents/work_logs/code/SFUISE/sfuise_ws/src/sfuise/src/SplineFusion.cpp:477:41:[m[K [01;31m[Kerror: [m[K‘[01m[Kmax_iter[m[K’ was not declared in this scope; did you mean ‘[01m[Kmax_iter_[m[K’?
  477 |         while (!converged && opt_iter < [01;31m[Kmax_iter[m[K) { // 迭代优化
      |                                         [01;31m[K^~~~~~~~[m[K
      |                                         [32m[Kmax_iter_[m[K
[01m[K/home/dsh/Documents/work_logs/code/SFUISE/sfuise_ws/src/sfuise/src/SplineFusion.cpp:[m[K In member function ‘[01m[Kbool SplineFusion::setParameters()[m[K’:
[01m[K/home/dsh/Documents/work_logs/code/SFUISE/sfuise_ws/src/sfuise/src/SplineFusion.cpp:487:13:[m[K [01;31m[Kerror: [m[K‘[01m[Kimu_buff[m[K’ was not declared in this scope; did you mean ‘[01m[Kimu_buff_[m[K’?
  487 |         if ([01;31m[Kimu_buff[m[K.empty() && !if_uwb_only) return false; // 如果IMU缓冲区为空且不只使用UWB，返回失败
      |             [01;31m[K^~~~~~~~[m[K
      |             [32m[Kimu_buff_[m[K
[01m[K/home/dsh/Documents/work_logs/code/SFUISE/sfuise_ws/src/sfuise/src/SplineFusion.cpp:487:34:[m[K [01;31m[Kerror: [m[K‘[01m[Kif_uwb_only[m[K’ was not declared in this scope; did you mean ‘[01m[Kif_uwb_only_[m[K’?
  487 |         if (imu_buff.empty() && ![01;31m[Kif_uwb_only[m[K) return false; // 如果IMU缓冲区为空且不只使用UWB，返回失败
      |                                  [01;31m[K^~~~~~~~~~~[m[K
      |                                  [32m[Kif_uwb_only_[m[K
[01m[K/home/dsh/Documents/work_logs/code/SFUISE/sfuise_ws/src/sfuise/src/SplineFusion.cpp:488:13:[m[K [01;31m[Kerror: [m[K‘[01m[Kimu_buff[m[K’ was not declared in this scope; did you mean ‘[01m[Kimu_buff_[m[K’?
  488 |         if ([01;31m[Kimu_buff[m[K.empty() && toa_buff.empty() && tdoa_buff.empty()) { // 如果所有缓冲区都为空
      |             [01;31m[K^~~~~~~~[m[K
      |             [32m[Kimu_buff_[m[K
[01m[K/home/dsh/Documents/work_logs/code/SFUISE/sfuise_ws/src/sfuise/src/SplineFusion.cpp:488:33:[m[K [01;31m[Kerror: [m[K‘[01m[Ktoa_buff[m[K’ was not declared in this scope; did you mean ‘[01m[Ktoa_buff_[m[K’?
  488 |         if (imu_buff.empty() && [01;31m[Ktoa_buff[m[K.empty() && tdoa_buff.empty()) { // 如果所有缓冲区都为空
      |                                 [01;31m[K^~~~~~~~[m[K
      |                                 [32m[Ktoa_buff_[m[K
[01m[K/home/dsh/Documents/work_logs/code/SFUISE/sfuise_ws/src/sfuise/src/SplineFusion.cpp:488:53:[m[K [01;31m[Kerror: [m[K‘[01m[Ktdoa_buff[m[K’ was not declared in this scope; did you mean ‘[01m[Ktdoa_buff_[m[K’?
  488 |         if (imu_buff.empty() && toa_buff.empty() && [01;31m[Ktdoa_buff[m[K.empty()) { // 如果所有缓冲区都为空
      |                                                     [01;31m[K^~~~~~~~~[m[K
      |                                                     [32m[Ktdoa_buff_[m[K
[01m[K/home/dsh/Documents/work_logs/code/SFUISE/sfuise_ws/src/sfuise/src/SplineFusion.cpp:492:17:[m[K [01;31m[Kerror: [m[K‘[01m[Kbag_start_time[m[K’ was not declared in this scope; did you mean ‘[01m[Kbag_start_time_[m[K’?
  492 |                 [01;31m[Kbag_start_time[m[K += imu_buff.front().time_ns; // 更新行李开始时间
      |                 [01;31m[K^~~~~~~~~~~~~~[m[K
      |                 [32m[Kbag_start_time_[m[K
[01m[K/home/dsh/Documents/work_logs/code/SFUISE/sfuise_ws/src/sfuise/src/SplineFusion.cpp:494:17:[m[K [01;31m[Kerror: [m[K‘[01m[Kbag_start_time[m[K’ was not declared in this scope; did you mean ‘[01m[Kbag_start_time_[m[K’?
  494 |                 [01;31m[Kbag_start_time[m[K += toa_buff.front().time_ns; // 更新行李开始时间
      |                 [01;31m[K^~~~~~~~~~~~~~[m[K
      |                 [32m[Kbag_start_time_[m[K
[01m[K/home/dsh/Documents/work_logs/code/SFUISE/sfuise_ws/src/sfuise/src/SplineFusion.cpp:496:17:[m[K [01;31m[Kerror: [m[K‘[01m[Kbag_start_time[m[K’ was not declared in this scope; did you mean ‘[01m[Kbag_start_time_[m[K’?
  496 |                 [01;31m[Kbag_start_time[m[K += tdoa_buff.front().time_ns; // 更新行李开始时间
      |                 [01;31m[K^~~~~~~~~~~~~~[m[K
      |                 [32m[Kbag_start_time_[m[K
[01m[K/home/dsh/Documents/work_logs/code/SFUISE/sfuise_ws/src/sfuise/src/SplineFusion.cpp:499:9:[m[K [01;31m[Kerror: [m[K‘[01m[Knext_knot_TimeNs[m[K’ was not declared in this scope; did you mean ‘[01m[Knext_knot_time_ns_[m[K’?
  499 |         [01;31m[Knext_knot_TimeNs[m[K = bag_start_time; // 设置下一个节点时间
      |         [01;31m[K^~~~~~~~~~~~~~~~[m[K
      |         [32m[Knext_knot_time_ns_[m[K
[01m[K/home/dsh/Documents/work_logs/code/SFUISE/sfuise_ws/src/sfuise/src/SplineFusion.cpp:499:28:[m[K [01;31m[Kerror: [m[K‘[01m[Kbag_start_time[m[K’ was not declared in this scope; did you mean ‘[01m[Kbag_start_time_[m[K’?
  499 |         next_knot_TimeNs = [01;31m[Kbag_start_time[m[K; // 设置下一个节点时间
      |                            [01;31m[K^~~~~~~~~~~~~~[m[K
      |                            [32m[Kbag_start_time_[m[K
[01m[K/home/dsh/Documents/work_logs/code/SFUISE/sfuise_ws/src/sfuise/src/SplineFusion.cpp:[m[K In member function ‘[01m[Kvoid SplineFusion::integrateStep(int64_t, int64_t, const ImuData&, Eigen::Matrix3d&, Eigen::Vector3d&, Eigen::Vector3d&)[m[K’:
[01m[K/home/dsh/Documents/work_logs/code/SFUISE/sfuise_ws/src/sfuise/src/SplineFusion.cpp:517:29:[m[K [01;31m[Kerror: [m[K‘[01m[Kcalib_param[m[K’ was not declared in this scope; did you mean ‘[01m[Kcalib_param_[m[K’?
  517 |         Eigen::Vector3d g = [01;31m[Kcalib_param[m[K.gravity; // 获取重力
      |                             [01;31m[K^~~~~~~~~~~[m[K
      |                             [32m[Kcalib_param_[m[K
[01m[K/home/dsh/Documents/work_logs/code/SFUISE/sfuise_ws/src/sfuise/src/SplineFusion.cpp:520:44:[m[K [01;31m[Kerror: [m[K‘[01m[Kspline_local[m[K’ was not declared in this scope; did you mean ‘[01m[Kspline_local_[m[K’?
  520 |         Eigen::Matrix<double, 6, 1> bias = [01;31m[Kspline_local[m[K.itpBias(prevTime); // 获取偏差
      |                                            [01;31m[K^~~~~~~~~~~~[m[K
      |                                            [32m[Kspline_local_[m[K
[01m[K/home/dsh/Documents/work_logs/code/SFUISE/sfuise_ws/src/sfuise/src/SplineFusion.cpp:[m[K In member function ‘[01m[Kvoid SplineFusion::integration(int64_t, Eigen::Quaterniond&, Eigen::Vector3d&)[m[K’:
[01m[K/home/dsh/Documents/work_logs/code/SFUISE/sfuise_ws/src/sfuise/src/SplineFusion.cpp:542:24:[m[K [01;31m[Kerror: [m[K‘[01m[Klast_imu_t_ns[m[K’ was not declared in this scope; did you mean ‘[01m[Klast_imu_t_ns_[m[K’?
  542 |         getIMUInterval([01;31m[Klast_imu_t_ns[m[K, curTime, imu_vec); // 获取IMU时间区间数据
      |                        [01;31m[K^~~~~~~~~~~~~[m[K
      |                        [32m[Klast_imu_t_ns_[m[K
[01m[K/home/dsh/Documents/work_logs/code/SFUISE/sfuise_ws/src/sfuise/src/SplineFusion.cpp:546:13:[m[K [01;31m[Kerror: [m[K‘[01m[Kspline_local[m[K’ was not declared in this scope; did you mean ‘[01m[Kspline_local_[m[K’?
  546 |             [01;31m[Kspline_local[m[K.itpQuaternion(last_imu_t_ns, &qs0); // 获取插值四元数
      |             [01;31m[K^~~~~~~~~~~~[m[K
      |             [32m[Kspline_local_[m[K
[01m[K/home/dsh/Documents/work_logs/code/SFUISE/sfuise_ws/src/sfuise/src/SplineFusion.cpp:564:18:[m[K [01;31m[Kerror: [m[K‘[01m[Kspline_local[m[K’ was not declared in this scope; did you mean ‘[01m[Kspline_local_[m[K’?
  564 |             qs = [01;31m[Kspline_local[m[K.extrapolateOrtKnot(1); // 外推四元数
      |                  [01;31m[K^~~~~~~~~~~~[m[K
      |                  [32m[Kspline_local_[m[K
[01m[K/home/dsh/Documents/work_logs/code/SFUISE/sfuise_ws/src/sfuise/src/SplineFusion.cpp:[m[K In member function ‘[01m[Kbool SplineFusion::getIMUInterval(int64_t, int64_t, std::vector<ImuData>&)[m[K’:
[01m[K/home/dsh/Documents/work_logs/code/SFUISE/sfuise_ws/src/sfuise/src/SplineFusion.cpp:571:13:[m[K [01;31m[Kerror: [m[K‘[01m[Kimu_buff[m[K’ was not declared in this scope; did you mean ‘[01m[Kimu_buff_[m[K’?
  571 |         if ([01;31m[Kimu_buff[m[K.empty()) { // 如果IMU缓冲区为空
      |             [01;31m[K^~~~~~~~[m[K
      |             [32m[Kimu_buff_[m[K
In file included from [01m[K/opt/ros/humble/include/rclcpp/rclcpp/client.hpp:40[m[K,
                 from [01m[K/opt/ros/humble/include/rclcpp/rclcpp/callback_group.hpp:24[m[K,
                 from [01m[K/opt/ros/humble/include/rclcpp/rclcpp/any_executable.hpp:20[m[K,
                 from [01m[K/opt/ros/humble/include/rclcpp/rclcpp/memory_strategy.hpp:25[m[K,
                 from [01m[K/opt/ros/humble/include/rclcpp/rclcpp/memory_strategies.hpp:18[m[K,
                 from [01m[K/opt/ros/humble/include/rclcpp/rclcpp/executor_options.hpp:20[m[K,
                 from [01m[K/opt/ros/humble/include/rclcpp/rclcpp/executor.hpp:37[m[K,
                 from [01m[K/opt/ros/humble/include/rclcpp/rclcpp/executors/multi_threaded_executor.hpp:25[m[K,
                 from [01m[K/opt/ros/humble/include/rclcpp/rclcpp/executors.hpp:21[m[K,
                 from [01m[K/opt/ros/humble/include/rclcpp/rclcpp/rclcpp.hpp:155[m[K,
                 from [01m[K/home/dsh/Documents/work_logs/code/SFUISE/sfuise_ws/src/sfuise/src/SplineFusion.cpp:1[m[K:
[01m[K/home/dsh/Documents/work_logs/code/SFUISE/sfuise_ws/src/sfuise/src/SplineFusion.cpp:572:32:[m[K [01;31m[Kerror: [m[K‘[01m[Kclass SplineFusion[m[K’ has no member named ‘[01m[Kget_logger[m[K’
  572 |             RCLCPP_ERROR(this->[01;31m[Kget_logger[m[K(), "No IMU available."); // 输出错误信息
      |                                [01;31m[K^~~~~~~~~~[m[K
[01m[K/home/dsh/Documents/work_logs/code/SFUISE/sfuise_ws/src/sfuise/src/SplineFusion.cpp:572:32:[m[K [01;31m[Kerror: [m[K‘[01m[Kclass SplineFusion[m[K’ has no member named ‘[01m[Kget_logger[m[K’
[01m[K/home/dsh/Documents/work_logs/code/SFUISE/sfuise_ws/src/sfuise/src/SplineFusion.cpp:572:13:[m[K [01;31m[Kerror: [m[Ktemplate argument 1 is invalid
  572 |             [01;31m[KRCLCPP_ERROR[m[K(this->get_logger(), "No IMU available."); // 输出错误信息
      |             [01;31m[K^~~~~~~~~~~~[m[K
[01m[K/home/dsh/Documents/work_logs/code/SFUISE/sfuise_ws/src/sfuise/src/SplineFusion.cpp:572:13:[m[K [01;31m[Kerror: [m[Ktemplate argument 1 is invalid
  572 |             [01;31m[KRCLCPP_ERROR[m[K(this->get_logger(), "No IMU available."); // 输出错误信息
      |             [01;31m[K^~~~~~~~~~~~[m[K
[01m[K/home/dsh/Documents/work_logs/code/SFUISE/sfuise_ws/src/sfuise/src/SplineFusion.cpp:572:13:[m[K [01;31m[Kerror: [m[Ktemplate argument 1 is invalid
  572 |             [01;31m[KRCLCPP_ERROR[m[K(this->get_logger(), "No IMU available."); // 输出错误信息
      |             [01;31m[K^~~~~~~~~~~~[m[K
In file included from [01m[K/opt/ros/humble/include/rclcpp/rclcpp/logging.hpp:24[m[K,
                 from [01m[K/opt/ros/humble/include/rclcpp/rclcpp/client.hpp:40[m[K,
                 from [01m[K/opt/ros/humble/include/rclcpp/rclcpp/callback_group.hpp:24[m[K,
                 from [01m[K/opt/ros/humble/include/rclcpp/rclcpp/any_executable.hpp:20[m[K,
                 from [01m[K/opt/ros/humble/include/rclcpp/rclcpp/memory_strategy.hpp:25[m[K,
                 from [01m[K/opt/ros/humble/include/rclcpp/rclcpp/memory_strategies.hpp:18[m[K,
                 from [01m[K/opt/ros/humble/include/rclcpp/rclcpp/executor_options.hpp:20[m[K,
                 from [01m[K/opt/ros/humble/include/rclcpp/rclcpp/executor.hpp:37[m[K,
                 from [01m[K/opt/ros/humble/include/rclcpp/rclcpp/executors/multi_threaded_executor.hpp:25[m[K,
                 from [01m[K/opt/ros/humble/include/rclcpp/rclcpp/executors.hpp:21[m[K,
                 from [01m[K/opt/ros/humble/include/rclcpp/rclcpp/rclcpp.hpp:155[m[K,
                 from [01m[K/home/dsh/Documents/work_logs/code/SFUISE/sfuise_ws/src/sfuise/src/SplineFusion.cpp:1[m[K:
[01m[K/home/dsh/Documents/work_logs/code/SFUISE/sfuise_ws/src/sfuise/src/SplineFusion.cpp:572:32:[m[K [01;31m[Kerror: [m[K‘[01m[Kclass SplineFusion[m[K’ has no member named ‘[01m[Kget_logger[m[K’
  572 |             RCLCPP_ERROR(this->[01;31m[Kget_logger[m[K(), "No IMU available."); // 输出错误信息
      |                                [01;31m[K^~~~~~~~~~[m[K
[01m[K/home/dsh/Documents/work_logs/code/SFUISE/sfuise_ws/src/sfuise/src/SplineFusion.cpp:572:32:[m[K [01;31m[Kerror: [m[K‘[01m[Kclass SplineFusion[m[K’ has no member named ‘[01m[Kget_logger[m[K’
  572 |             RCLCPP_ERROR(this->[01;31m[Kget_logger[m[K(), "No IMU available."); // 输出错误信息
      |                                [01;31m[K^~~~~~~~~~[m[K
[01m[K/home/dsh/Documents/work_logs/code/SFUISE/sfuise_ws/src/sfuise/src/SplineFusion.cpp:576:16:[m[K [01;31m[Kerror: [m[K‘[01m[Kimu_buff[m[K’ was not declared in this scope; did you mean ‘[01m[Kimu_buff_[m[K’?
  576 |         while ([01;31m[Kimu_buff[m[K.at(idx).time_ns <= std::min(imu_buff.back().time_ns, t1)) { // 遍历IMU缓冲区
      |                [01;31m[K^~~~~~~~[m[K
      |                [32m[Kimu_buff_[m[K
[01m[K/home/dsh/Documents/work_logs/code/SFUISE/sfuise_ws/src/sfuise/src/SplineFusion.cpp:[m[K In member function ‘[01m[Kvoid SplineFusion::displayControlPoints()[m[K’:
[01m[K/home/dsh/Documents/work_logs/code/SFUISE/sfuise_ws/src/sfuise/src/SplineFusion.cpp:589:50:[m[K [01;31m[Kerror: [m[K‘[01m[Kclass SplineFusion[m[K’ has no member named ‘[01m[Know[m[K’
  589 |         points_inactive_msg.header.stamp = this->[01;31m[Know[m[K(); // 设置时间戳
      |                                                  [01;31m[K^~~[m[K
[01m[K/home/dsh/Documents/work_logs/code/SFUISE/sfuise_ws/src/sfuise/src/SplineFusion.cpp:590:58:[m[K [01;31m[Kerror: [m[K‘[01m[Kspline_local[m[K’ was not declared in this scope; did you mean ‘[01m[Kspline_local_[m[K’?
  590 |         points_inactive_msg.points.push_back(getPointMsg([01;31m[Kspline_local[m[K.getIdlePos(0))); // 添加第一个非活动控制点
      |                                                          [01;31m[K^~~~~~~~~~~~[m[K
      |                                                          [32m[Kspline_local_[m[K
[01m[K/home/dsh/Documents/work_logs/code/SFUISE/sfuise_ws/src/sfuise/src/SplineFusion.cpp:597:48:[m[K [01;31m[Kerror: [m[K‘[01m[Kclass SplineFusion[m[K’ has no member named ‘[01m[Know[m[K’
  597 |         points_active_msg.header.stamp = this->[01;31m[Know[m[K(); // 设置时间戳
      |                                                [01;31m[K^~~[m[K
[01m[K/home/dsh/Documents/work_logs/code/SFUISE/sfuise_ws/src/sfuise/src/SplineFusion.cpp:603:9:[m[K [01;31m[Kerror: [m[K‘[01m[Kpub_knots_inactive[m[K’ was not declared in this scope; did you mean ‘[01m[Kpub_knots_inactive_[m[K’?
  603 |         [01;31m[Kpub_knots_inactive[m[K->publish(points_inactive_msg);
      |         [01;31m[K^~~~~~~~~~~~~~~~~~[m[K
      |         [32m[Kpub_knots_inactive_[m[K
[01m[K/home/dsh/Documents/work_logs/code/SFUISE/sfuise_ws/src/sfuise/src/SplineFusion.cpp:604:9:[m[K [01;31m[Kerror: [m[K‘[01m[Kpub_knots_active[m[K’ was not declared in this scope; did you mean ‘[01m[Kpub_knots_active_[m[K’?
  604 |         [01;31m[Kpub_knots_active[m[K->publish(points_active_msg);
      |         [01;31m[K^~~~~~~~~~~~~~~~[m[K
      |         [32m[Kpub_knots_active_[m[K
[01m[K/home/dsh/Documents/work_logs/code/SFUISE/sfuise_ws/src/sfuise/src/SplineFusion.cpp:[m[K In member function ‘[01m[Kgeometry_msgs::msg::Point32 SplineFusion::getPointMsg(Eigen::Vector3d)[m[K’:
[01m[K/home/dsh/Documents/work_logs/code/SFUISE/sfuise_ws/src/sfuise/src/SplineFusion.cpp:610:31:[m[K [01;31m[Kerror: [m[K‘[01m[Kcalib_param[m[K’ was not declared in this scope; did you mean ‘[01m[Kcalib_param_[m[K’?
  610 |         Eigen::Vector3d p_U = [01;31m[Kcalib_param[m[K.q_nav_uwb * p + calib_param.t_nav_uwb; // 计算校准后的点
      |                               [01;31m[K^~~~~~~~~~~[m[K
      |                               [32m[Kcalib_param_[m[K
[01m[K/home/dsh/Documents/work_logs/code/SFUISE/sfuise_ws/src/sfuise/src/SplineFusion.cpp:[m[K In member function ‘[01m[Kbool SplineFusion::optimize(int)[m[K’:
[01m[K/home/dsh/Documents/work_logs/code/SFUISE/sfuise_ws/src/sfuise/src/SplineFusion.cpp:619:25:[m[K [01;31m[Kerror: [m[K‘[01m[Kbias_block_offset[m[K’ was not declared in this scope; did you mean ‘[01m[Kbias_block_offset_[m[K’?
  619 |         Linearizer lopt([01;31m[Kbias_block_offset[m[K, gravity_block_offset, hess_size, &spline_local, &calib_param, &param, pose_fixed);
      |                         [01;31m[K^~~~~~~~~~~~~~~~~[m[K
      |                         [32m[Kbias_block_offset_[m[K
[01m[K/home/dsh/Documents/work_logs/code/SFUISE/sfuise_ws/src/sfuise/src/SplineFusion.cpp:619:44:[m[K [01;31m[Kerror: [m[K‘[01m[Kgravity_block_offset[m[K’ was not declared in this scope; did you mean ‘[01m[Kgravity_block_offset_[m[K’?
  619 |         Linearizer lopt(bias_block_offset, [01;31m[Kgravity_block_offset[m[K, hess_size, &spline_local, &calib_param, &param, pose_fixed);
      |                                            [01;31m[K^~~~~~~~~~~~~~~~~~~~[m[K
      |                                            [32m[Kgravity_block_offset_[m[K
[01m[K/home/dsh/Documents/work_logs/code/SFUISE/sfuise_ws/src/sfuise/src/SplineFusion.cpp:619:66:[m[K [01;31m[Kerror: [m[K‘[01m[Khess_size[m[K’ was not declared in this scope; did you mean ‘[01m[Khess_size_[m[K’?
  619 |         Linearizer lopt(bias_block_offset, gravity_block_offset, [01;31m[Khess_size[m[K, &spline_local, &calib_param, &param, pose_fixed);
      |                                                                  [01;31m[K^~~~~~~~~[m[K
      |                                                                  [32m[Khess_size_[m[K
[01m[K/home/dsh/Documents/work_logs/code/SFUISE/sfuise_ws/src/sfuise/src/SplineFusion.cpp:619:78:[m[K [01;31m[Kerror: [m[K‘[01m[Kspline_local[m[K’ was not declared in this scope; did you mean ‘[01m[Kspline_local_[m[K’?
  619 |         Linearizer lopt(bias_block_offset, gravity_block_offset, hess_size, &[01;31m[Kspline_local[m[K, &calib_param, &param, pose_fixed);
      |                                                                              [01;31m[K^~~~~~~~~~~~[m[K
      |                                                                              [32m[Kspline_local_[m[K
[01m[K/home/dsh/Documents/work_logs/code/SFUISE/sfuise_ws/src/sfuise/src/SplineFusion.cpp:619:93:[m[K [01;31m[Kerror: [m[K‘[01m[Kcalib_param[m[K’ was not declared in this scope; did you mean ‘[01m[Kcalib_param_[m[K’?
  619 |         Linearizer lopt(bias_block_offset, gravity_block_offset, hess_size, &spline_local, &[01;31m[Kcalib_param[m[K, &param, pose_fixed);
      |                                                                                             [01;31m[K^~~~~~~~~~~[m[K
      |                                                                                             [32m[Kcalib_param_[m[K
[01m[K/home/dsh/Documents/work_logs/code/SFUISE/sfuise_ws/src/sfuise/src/SplineFusion.cpp:619:107:[m[K [01;31m[Kerror: [m[K‘[01m[Kparam[m[K’ was not declared in this scope; did you mean ‘[01m[Kparam_[m[K’?
  619 |         Linearizer lopt(bias_block_offset, gravity_block_offset, hess_size, &spline_local, &calib_param, &[01;31m[Kparam[m[K, pose_fixed);
      |                                                                                                           [01;31m[K^~~~~[m[K
      |                                                                                                           [32m[Kparam_[m[K
[01m[K/home/dsh/Documents/work_logs/code/SFUISE/sfuise_ws/src/sfuise/src/SplineFusion.cpp:619:114:[m[K [01;31m[Kerror: [m[K‘[01m[Kpose_fixed[m[K’ was not declared in this scope; did you mean ‘[01m[Kpose_fixed_[m[K’?
  619 |         Linearizer lopt(bias_block_offset, gravity_block_offset, hess_size, &spline_local, &calib_param, &param, [01;31m[Kpose_fixed[m[K);
      |                                                                                                                  [01;31m[K^~~~~~~~~~[m[K
      |                                                                                                                  [32m[Kpose_fixed_[m[K
[01m[K/home/dsh/Documents/work_logs/code/SFUISE/sfuise_ws/src/sfuise/src/SplineFusion.cpp:620:14:[m[K [01;31m[Kerror: [m[K‘[01m[Kimu_window[m[K’ was not declared in this scope; did you mean ‘[01m[Kimu_window_[m[K’?
  620 |         if (![01;31m[Kimu_window[m[K.empty()) lopt(imu_window);
      |              [01;31m[K^~~~~~~~~~[m[K
      |              [32m[Kimu_window_[m[K
[01m[K/home/dsh/Documents/work_logs/code/SFUISE/sfuise_ws/src/sfuise/src/SplineFusion.cpp:621:14:[m[K [01;31m[Kerror: [m[K‘[01m[Ktdoa_window[m[K’ was not declared in this scope; did you mean ‘[01m[Ktdoa_window_[m[K’?
  621 |         if (![01;31m[Ktdoa_window[m[K.empty()) lopt(tdoa_window);
      |              [01;31m[K^~~~~~~~~~~[m[K
      |              [32m[Ktdoa_window_[m[K
[01m[K/home/dsh/Documents/work_logs/code/SFUISE/sfuise_ws/src/sfuise/src/SplineFusion.cpp:622:14:[m[K [01;31m[Kerror: [m[K‘[01m[Ktoa_window[m[K’ was not declared in this scope; did you mean ‘[01m[Ktoa_window_[m[K’?
  622 |         if (![01;31m[Ktoa_window[m[K.empty()) lopt(toa_window);
      |              [01;31m[K^~~~~~~~~~[m[K
      |              [32m[Ktoa_window_[m[K
[01m[K/home/dsh/Documents/work_logs/code/SFUISE/sfuise_ws/src/sfuise/src/SplineFusion.cpp:634:52:[m[K [01;31m[Kerror: [m[K‘[01m[Klambda[m[K’ was not declared in this scope; did you mean ‘[01m[Kboost::mpl::lambda[m[K’?
  634 |             Eigen::VectorXd Hdiag_lambda = Hdiag * [01;31m[Klambda[m[K;
      |                                                    [01;31m[K^~~~~~[m[K
      |                                                    [32m[Kboost::mpl::lambda[m[K
In file included from [01m[K/usr/include/boost/mpl/aux_/na_spec.hpp:18[m[K,
                 from [01m[K/usr/include/boost/mpl/if.hpp:19[m[K,
                 from [01m[K/usr/include/boost/math/tools/precision.hpp:18[m[K,
                 from [01m[K/usr/include/boost/math/special_functions/sinc.hpp:19[m[K,
                 from [01m[K/home/dsh/Documents/work_logs/code/SFUISE/sfuise_ws/src/sfuise/src/../include/utils/math_tools.h:5[m[K,
                 from [01m[K/home/dsh/Documents/work_logs/code/SFUISE/sfuise_ws/src/sfuise/src/../include/Linearizer.h:4[m[K,
                 from [01m[K/home/dsh/Documents/work_logs/code/SFUISE/sfuise_ws/src/sfuise/src/SplineFusion.cpp:2[m[K:
[01m[K/usr/include/boost/mpl/lambda_fwd.hpp:36:8:[m[K [01;36m[Knote: [m[K‘[01m[Kboost::mpl::lambda[m[K’ declared here
   36 | struct [01;36m[Klambda[m[K;
      |        [01;36m[K^~~~~~[m[K
[01m[K/home/dsh/Documents/work_logs/code/SFUISE/sfuise_ws/src/sfuise/src/SplineFusion.cpp:649:18:[m[K [01;31m[Kerror: [m[K‘[01m[Ktoa_window[m[K’ was not declared in this scope; did you mean ‘[01m[Ktoa_window_[m[K’?
  649 |             if (![01;31m[Ktoa_window[m[K.empty()) eopt(toa_window);
      |                  [01;31m[K^~~~~~~~~~[m[K
      |                  [32m[Ktoa_window_[m[K
[01m[K/home/dsh/Documents/work_logs/code/SFUISE/sfuise_ws/src/sfuise/src/SplineFusion.cpp:650:18:[m[K [01;31m[Kerror: [m[K‘[01m[Kimu_window[m[K’ was not declared in this scope; did you mean ‘[01m[Kimu_window_[m[K’?
  650 |             if (![01;31m[Kimu_window[m[K.empty()) eopt(imu_window);
      |                  [01;31m[K^~~~~~~~~~[m[K
      |                  [32m[Kimu_window_[m[K
[01m[K/home/dsh/Documents/work_logs/code/SFUISE/sfuise_ws/src/sfuise/src/SplineFusion.cpp:651:18:[m[K [01;31m[Kerror: [m[K‘[01m[Ktdoa_window[m[K’ was not declared in this scope; did you mean ‘[01m[Ktdoa_window_[m[K’?
  651 |             if (![01;31m[Ktdoa_window[m[K.empty()) eopt(tdoa_window);
      |                  [01;31m[K^~~~~~~~~~~[m[K
      |                  [32m[Ktdoa_window_[m[K
[01m[K/home/dsh/Documents/work_logs/code/SFUISE/sfuise_ws/src/sfuise/src/SplineFusion.cpp:658:42:[m[K [01;31m[Kerror: [m[K‘[01m[Klambda_vee[m[K’ was not declared in this scope; did you mean ‘[01m[Klambda_vee_[m[K’?
  658 |                 lambda = std::min(100.0, [01;31m[Klambda_vee[m[K * lambda);
      |                                          [01;31m[K^~~~~~~~~~[m[K
      |                                          [32m[Klambda_vee_[m[K
[01m[K/home/dsh/Documents/work_logs/code/SFUISE/sfuise_ws/src/sfuise/src/SplineFusion.cpp:670:17:[m[K [01;31m[Kerror: [m[K‘[01m[Klambda_vee[m[K’ was not declared in this scope; did you mean ‘[01m[Klambda_vee_[m[K’?
  670 |                 [01;31m[Klambda_vee[m[K = 2;
      |                 [01;31m[K^~~~~~~~~~[m[K
      |                 [32m[Klambda_vee_[m[K
[01m[K/home/dsh/Documents/work_logs/code/SFUISE/sfuise_ws/src/sfuise/src/SplineFusion.cpp:[m[K In member function ‘[01m[Kvoid SplineFusion::updateLinearizerSize()[m[K’:
[01m[K/home/dsh/Documents/work_logs/code/SFUISE/sfuise_ws/src/sfuise/src/SplineFusion.cpp:679:25:[m[K [01;31m[Kerror: [m[K‘[01m[Kspline_local[m[K’ was not declared in this scope; did you mean ‘[01m[Kspline_local_[m[K’?
  679 |         int num_knots = [01;31m[Kspline_local[m[K.numKnots();
      |                         [01;31m[K^~~~~~~~~~~~[m[K
      |                         [32m[Kspline_local_[m[K
[01m[K/home/dsh/Documents/work_logs/code/SFUISE/sfuise_ws/src/sfuise/src/SplineFusion.cpp:680:9:[m[K [01;31m[Kerror: [m[K‘[01m[Kbias_block_offset[m[K’ was not declared in this scope; did you mean ‘[01m[Kbias_block_offset_[m[K’?
  680 |         [01;31m[Kbias_block_offset[m[K = Linearizer::POSE_SIZE * num_knots;
      |         [01;31m[K^~~~~~~~~~~~~~~~~[m[K
      |         [32m[Kbias_block_offset_[m[K
[01m[K/home/dsh/Documents/work_logs/code/SFUISE/sfuise_ws/src/sfuise/src/SplineFusion.cpp:681:9:[m[K [01;31m[Kerror: [m[K‘[01m[Khess_size[m[K’ was not declared in this scope; did you mean ‘[01m[Khess_size_[m[K’?
  681 |         [01;31m[Khess_size[m[K = bias_block_offset;
      |         [01;31m[K^~~~~~~~~[m[K
      |         [32m[Khess_size_[m[K
[01m[K/home/dsh/Documents/work_logs/code/SFUISE/sfuise_ws/src/sfuise/src/SplineFusion.cpp:682:14:[m[K [01;31m[Kerror: [m[K‘[01m[Kif_uwb_only[m[K’ was not declared in this scope; did you mean ‘[01m[Kif_uwb_only_[m[K’?
  682 |         if (![01;31m[Kif_uwb_only[m[K) {
      |              [01;31m[K^~~~~~~~~~~[m[K
      |              [32m[Kif_uwb_only_[m[K
[01m[K/home/dsh/Documents/work_logs/code/SFUISE/sfuise_ws/src/sfuise/src/SplineFusion.cpp:686:9:[m[K [01;31m[Kerror: [m[K‘[01m[Kgravity_block_offset[m[K’ was not declared in this scope; did you mean ‘[01m[Kgravity_block_offset_[m[K’?
  686 |         [01;31m[Kgravity_block_offset[m[K = hess_size;
      |         [01;31m[K^~~~~~~~~~~~~~~~~~~~[m[K
      |         [32m[Kgravity_block_offset_[m[K
[01m[K/home/dsh/Documents/work_logs/code/SFUISE/sfuise_ws/src/sfuise/src/SplineFusion.cpp:688:13:[m[K [01;31m[Kerror: [m[K‘[01m[Kparam[m[K’ was not declared in this scope; did you mean ‘[01m[Kparam_[m[K’?
  688 |         if ([01;31m[Kparam[m[K.if_opt_transform) {
      |             [01;31m[K^~~~~[m[K
      |             [32m[Kparam_[m[K
[01m[K/home/dsh/Documents/work_logs/code/SFUISE/sfuise_ws/src/sfuise/src/SplineFusion.cpp:[m[K In member function ‘[01m[Kvoid SplineFusion::applyIncFull(Eigen::VectorXd&)[m[K’:
[01m[K/home/dsh/Documents/work_logs/code/SFUISE/sfuise_ws/src/sfuise/src/SplineFusion.cpp:696:28:[m[K [01;31m[Kerror: [m[K‘[01m[Kspline_local[m[K’ was not declared in this scope; did you mean ‘[01m[Kspline_local_[m[K’?
  696 |         size_t num_knots = [01;31m[Kspline_local[m[K.numKnots();
      |                            [01;31m[K^~~~~~~~~~~~[m[K
      |                            [32m[Kspline_local_[m[K
[01m[K/home/dsh/Documents/work_logs/code/SFUISE/sfuise_ws/src/sfuise/src/SplineFusion.cpp:703:14:[m[K [01;31m[Kerror: [m[K‘[01m[Kif_uwb_only[m[K’ was not declared in this scope; did you mean ‘[01m[Kif_uwb_only_[m[K’?
  703 |         if (![01;31m[Kif_uwb_only[m[K) {
      |              [01;31m[K^~~~~~~~~~~[m[K
      |              [32m[Kif_uwb_only_[m[K
[01m[K/home/dsh/Documents/work_logs/code/SFUISE/sfuise_ws/src/sfuise/src/SplineFusion.cpp:705:91:[m[K [01;31m[Kerror: [m[K‘[01m[Kbias_block_offset[m[K’ was not declared in this scope; did you mean ‘[01m[Kbias_block_offset_[m[K’?
  705 |                 Eigen::Matrix<double, 6, 1> inc = inc_full.segment<Linearizer::BIAS_SIZE>([01;31m[Kbias_block_offset[m[K + Linearizer::BIAS_SIZE * i);
      |                                                                                           [01;31m[K^~~~~~~~~~~~~~~~~[m[K
      |                                                                                           [32m[Kbias_block_offset_[m[K
[01m[K/home/dsh/Documents/work_logs/code/SFUISE/sfuise_ws/src/sfuise/src/SplineFusion.cpp:709:17:[m[K [01;31m[Kerror: [m[K‘[01m[Kparam[m[K’ was not declared in this scope; did you mean ‘[01m[Kparam_[m[K’?
  709 |             if ([01;31m[Kparam[m[K.if_opt_g) {
      |                 [01;31m[K^~~~~[m[K
      |                 [32m[Kparam_[m[K
[01m[K/home/dsh/Documents/work_logs/code/SFUISE/sfuise_ws/src/sfuise/src/SplineFusion.cpp:710:75:[m[K [01;31m[Kerror: [m[K‘[01m[Kgravity_block_offset[m[K’ was not declared in this scope; did you mean ‘[01m[Kgravity_block_offset_[m[K’?
  710 |                 Eigen::VectorXd dg = inc_full.segment<Linearizer::G_SIZE>([01;31m[Kgravity_block_offset[m[K);
      |                                                                           [01;31m[K^~~~~~~~~~~~~~~~~~~~[m[K
      |                                                                           [32m[Kgravity_block_offset_[m[K
[01m[K/home/dsh/Documents/work_logs/code/SFUISE/sfuise_ws/src/sfuise/src/SplineFusion.cpp:711:39:[m[K [01;31m[Kerror: [m[K‘[01m[Kcalib_param[m[K’ was not declared in this scope; did you mean ‘[01m[Kcalib_param_[m[K’?
  711 |                 Eigen::Vector3d g0 = ([01;31m[Kcalib_param[m[K.gravity + Sphere::TangentBasis(calib_param.gravity) * dg).normalized() * 9.81;
      |                                       [01;31m[K^~~~~~~~~~~[m[K
      |                                       [32m[Kcalib_param_[m[K
[01m[K/home/dsh/Documents/work_logs/code/SFUISE/sfuise_ws/src/sfuise/src/SplineFusion.cpp:716:13:[m[K [01;31m[Kerror: [m[K‘[01m[Kparam[m[K’ was not declared in this scope; did you mean ‘[01m[Kparam_[m[K’?
  716 |         if ([01;31m[Kparam[m[K.if_opt_transform) {
      |             [01;31m[K^~~~~[m[K
      |             [32m[Kparam_[m[K
[01m[K/home/dsh/Documents/work_logs/code/SFUISE/sfuise_ws/src/sfuise/src/SplineFusion.cpp:717:13:[m[K [01;31m[Kerror: [m[K‘[01m[Kcalib_param[m[K’ was not declared in this scope; did you mean ‘[01m[Kcalib_param_[m[K’?
  717 |             [01;31m[Kcalib_param[m[K.t_nav_uwb += inc_full.segment<Linearizer::OFFSET_SIZE>(gravity_block_offset + Linearizer::TRANS_OFFSET);
      |             [01;31m[K^~~~~~~~~~~[m[K
      |             [32m[Kcalib_param_[m[K
[01m[K/home/dsh/Documents/work_logs/code/SFUISE/sfuise_ws/src/sfuise/src/SplineFusion.cpp:717:80:[m[K [01;31m[Kerror: [m[K‘[01m[Kgravity_block_offset[m[K’ was not declared in this scope; did you mean ‘[01m[Kgravity_block_offset_[m[K’?
  717 |             calib_param.t_nav_uwb += inc_full.segment<Linearizer::OFFSET_SIZE>([01;31m[Kgravity_block_offset[m[K + Linearizer::TRANS_OFFSET);
      |                                                                                [01;31m[K^~~~~~~~~~~~~~~~~~~~[m[K
      |                                                                                [32m[Kgravity_block_offset_[m[K
[01m[K/home/dsh/Documents/work_logs/code/SFUISE/sfuise_ws/src/sfuise/src/SplineFusion.cpp:[m[K In member function ‘[01m[Kbool SplineFusion::initialization()[m[K’:
[01m[K/home/dsh/Documents/work_logs/code/SFUISE/sfuise_ws/src/sfuise/src/SplineFusion.cpp:314:21:[m[K [01;35m[Kwarning: [m[Kcontrol reaches end of non-void function [[01;35m[K]8;;https://gcc.gnu.org/onlinedocs/gcc/Warning-Options.html#index-Wreturn-type-Wreturn-type]8;;[m[K]
  314 |             int64_t [01;35m[Kmin_time[m[K = 1e18; // 初始化最小时间
      |                     [01;35m[K^~~~~~~~[m[K
gmake[2]: *** [CMakeFiles/SplineFusion.dir/build.make:76: CMakeFiles/SplineFusion.dir/src/SplineFusion.cpp.o] Error 1
gmake[1]: *** [CMakeFiles/Makefile2:165: CMakeFiles/SplineFusion.dir/all] Error 2
gmake: *** [Makefile:146: all] Error 2
