In file included from [01m[K/home/dsh/Documents/work_logs/code/SFUISE/sfuise_ws/src/sfuise/src/EstimationInterface.cpp:4[m[K:
[01m[K/home/dsh/Documents/work_logs/code/SFUISE/sfuise_ws/src/sfuise/src/../include/utils/PoseVisualization.h:5:10:[m[K [01;31m[Kfatal error: [m[Kvisualization_msgs/msg/marker.hpp: No such file or directory
    5 | #include [01;31m[K<visualization_msgs/msg/marker.hpp>[m[K
      |          [01;31m[K^~~~~~~~~~~~~~~~~~~~~~~~~~~~~~~~~~~[m[K
compilation terminated.
gmake[2]: *** [CMakeFiles/EstimationInterface.dir/build.make:76: CMakeFiles/EstimationInterface.dir/src/EstimationInterface.cpp.o] Error 1
gmake[1]: *** [CMakeFiles/Makefile2:139: CMakeFiles/EstimationInterface.dir/all] Error 2
gmake[1]: *** Waiting for unfinished jobs....
In file included from [01m[K/home/dsh/Documents/work_logs/code/SFUISE/sfuise_ws/src/sfuise/src/../include/Linearizer.h:6[m[K,
                 from [01m[K/home/dsh/Documents/work_logs/code/SFUISE/sfuise_ws/src/sfuise/src/SplineFusion.cpp:2[m[K:
[01m[K/home/dsh/Documents/work_logs/code/SFUISE/sfuise_ws/src/sfuise/src/../include/SplineState.h:387:23:[m[K [01;31m[Kerror: [m[Kâ€˜[01m[Ksfuise_msgs::Spline[m[Kâ€™ has not been declared
  387 |     void getSplineMsg([01;31m[Ksfuise_msgs[m[K::Spline& spline_msg)
      |                       [01;31m[K^~~~~~~~~~~[m[K
[01m[K/home/dsh/Documents/work_logs/code/SFUISE/sfuise_ws/src/sfuise/src/../include/SplineState.h:[m[K In member function â€˜[01m[Kvoid SplineState::getSplineMsg(int&)[m[Kâ€™:
[01m[K/home/dsh/Documents/work_logs/code/SFUISE/sfuise_ws/src/sfuise/src/../include/SplineState.h:389:20:[m[K [01;31m[Kerror: [m[Krequest for member â€˜[01m[Kdt[m[Kâ€™ in â€˜[01m[Kspline_msg[m[Kâ€™, which is of non-class type â€˜[01m[Kint[m[Kâ€™
  389 |         spline_msg.[01;31m[Kdt[m[K = dt_ns;
      |                    [01;31m[K^~[m[K
[01m[K/home/dsh/Documents/work_logs/code/SFUISE/sfuise_ws/src/sfuise/src/../include/SplineState.h:390:20:[m[K [01;31m[Kerror: [m[Krequest for member â€˜[01m[Kstart_t[m[Kâ€™ in â€˜[01m[Kspline_msg[m[Kâ€™, which is of non-class type â€˜[01m[Kint[m[Kâ€™
  390 |         spline_msg.[01;31m[Kstart_t[m[K = start_t_ns;
      |                    [01;31m[K^~~~~~~[m[K
[01m[K/home/dsh/Documents/work_logs/code/SFUISE/sfuise_ws/src/sfuise/src/../include/SplineState.h:391:20:[m[K [01;31m[Kerror: [m[Krequest for member â€˜[01m[Kstart_idx[m[Kâ€™ in â€˜[01m[Kspline_msg[m[Kâ€™, which is of non-class type â€˜[01m[Kint[m[Kâ€™
  391 |         spline_msg.[01;31m[Kstart_idx[m[K = start_i;
      |                    [01;31m[K^~~~~~~~~[m[K
[01m[K/home/dsh/Documents/work_logs/code/SFUISE/sfuise_ws/src/sfuise/src/../include/SplineState.h:393:26:[m[K [01;31m[Kerror: [m[Kâ€˜[01m[KKnot[m[Kâ€™ is not a member of â€˜[01m[Ksfuise_msgs[m[Kâ€™; did you mean â€˜[01m[Ksfuise_msgs::msg::Knot[m[Kâ€™?
  393 |             sfuise_msgs::[01;31m[KKnot[m[K knot_msg;
      |                          [01;31m[K^~~~[m[K
In file included from [01m[K/home/dsh/Documents/work_logs/code/SFUISE/sfuise_ws/install/sfuise_msgs/include/sfuise_msgs/sfuise_msgs/msg/detail/spline__struct.hpp:21[m[K,
                 from [01m[K/home/dsh/Documents/work_logs/code/SFUISE/sfuise_ws/install/sfuise_msgs/include/sfuise_msgs/sfuise_msgs/msg/spline.hpp:7[m[K,
                 from [01m[K/home/dsh/Documents/work_logs/code/SFUISE/sfuise_ws/src/sfuise/src/../include/SplineState.h:5[m[K,
                 from [01m[K/home/dsh/Documents/work_logs/code/SFUISE/sfuise_ws/src/sfuise/src/../include/Linearizer.h:6[m[K,
                 from [01m[K/home/dsh/Documents/work_logs/code/SFUISE/sfuise_ws/src/sfuise/src/SplineFusion.cpp:2[m[K:
[01m[K/home/dsh/Documents/work_logs/code/SFUISE/sfuise_ws/install/sfuise_msgs/include/sfuise_msgs/sfuise_msgs/msg/detail/knot__struct.hpp:165:7:[m[K [01;36m[Knote: [m[Kâ€˜[01m[Ksfuise_msgs::msg::Knot[m[Kâ€™ declared here
  165 | using [01;36m[KKnot[m[K =
      |       [01;36m[K^~~~[m[K
In file included from [01m[K/home/dsh/Documents/work_logs/code/SFUISE/sfuise_ws/src/sfuise/src/../include/Linearizer.h:6[m[K,
                 from [01m[K/home/dsh/Documents/work_logs/code/SFUISE/sfuise_ws/src/sfuise/src/SplineFusion.cpp:2[m[K:
[01m[K/home/dsh/Documents/work_logs/code/SFUISE/sfuise_ws/src/sfuise/src/../include/SplineState.h:394:13:[m[K [01;31m[Kerror: [m[Kâ€˜[01m[Kknot_msg[m[Kâ€™ was not declared in this scope
  394 |             [01;31m[Kknot_msg[m[K.position.x = t_knots[i].x();
      |             [01;31m[K^~~~~~~~[m[K
[01m[K/home/dsh/Documents/work_logs/code/SFUISE/sfuise_ws/src/sfuise/src/../include/SplineState.h:408:24:[m[K [01;31m[Kerror: [m[Krequest for member â€˜[01m[Kknots[m[Kâ€™ in â€˜[01m[Kspline_msg[m[Kâ€™, which is of non-class type â€˜[01m[Kint[m[Kâ€™
  408 |             spline_msg.[01;31m[Kknots[m[K.push_back(knot_msg);
      |                        [01;31m[K^~~~~[m[K
[01m[K/home/dsh/Documents/work_logs/code/SFUISE/sfuise_ws/src/sfuise/src/../include/SplineState.h:411:26:[m[K [01;31m[Kerror: [m[Kâ€˜[01m[KKnot[m[Kâ€™ is not a member of â€˜[01m[Ksfuise_msgs[m[Kâ€™; did you mean â€˜[01m[Ksfuise_msgs::msg::Knot[m[Kâ€™?
  411 |             sfuise_msgs::[01;31m[KKnot[m[K idle_msg;
      |                          [01;31m[K^~~~[m[K
In file included from [01m[K/home/dsh/Documents/work_logs/code/SFUISE/sfuise_ws/install/sfuise_msgs/include/sfuise_msgs/sfuise_msgs/msg/detail/spline__struct.hpp:21[m[K,
                 from [01m[K/home/dsh/Documents/work_logs/code/SFUISE/sfuise_ws/install/sfuise_msgs/include/sfuise_msgs/sfuise_msgs/msg/spline.hpp:7[m[K,
                 from [01m[K/home/dsh/Documents/work_logs/code/SFUISE/sfuise_ws/src/sfuise/src/../include/SplineState.h:5[m[K,
                 from [01m[K/home/dsh/Documents/work_logs/code/SFUISE/sfuise_ws/src/sfuise/src/../include/Linearizer.h:6[m[K,
                 from [01m[K/home/dsh/Documents/work_logs/code/SFUISE/sfuise_ws/src/sfuise/src/SplineFusion.cpp:2[m[K:
[01m[K/home/dsh/Documents/work_logs/code/SFUISE/sfuise_ws/install/sfuise_msgs/include/sfuise_msgs/sfuise_msgs/msg/detail/knot__struct.hpp:165:7:[m[K [01;36m[Knote: [m[Kâ€˜[01m[Ksfuise_msgs::msg::Knot[m[Kâ€™ declared here
  165 | using [01;36m[KKnot[m[K =
      |       [01;36m[K^~~~[m[K
In file included from [01m[K/home/dsh/Documents/work_logs/code/SFUISE/sfuise_ws/src/sfuise/src/../include/Linearizer.h:6[m[K,
                 from [01m[K/home/dsh/Documents/work_logs/code/SFUISE/sfuise_ws/src/sfuise/src/SplineFusion.cpp:2[m[K:
[01m[K/home/dsh/Documents/work_logs/code/SFUISE/sfuise_ws/src/sfuise/src/../include/SplineState.h:412:13:[m[K [01;31m[Kerror: [m[Kâ€˜[01m[Kidle_msg[m[Kâ€™ was not declared in this scope
  412 |             [01;31m[Kidle_msg[m[K.position.x = t_idle[i].x();
      |             [01;31m[K^~~~~~~~[m[K
[01m[K/home/dsh/Documents/work_logs/code/SFUISE/sfuise_ws/src/sfuise/src/../include/SplineState.h:426:24:[m[K [01;31m[Kerror: [m[Krequest for member â€˜[01m[Kidles[m[Kâ€™ in â€˜[01m[Kspline_msg[m[Kâ€™, which is of non-class type â€˜[01m[Kint[m[Kâ€™
  426 |             spline_msg.[01;31m[Kidles[m[K.push_back(idle_msg);
      |                        [01;31m[K^~~~~[m[K
[01m[K/home/dsh/Documents/work_logs/code/SFUISE/sfuise_ws/src/sfuise/src/SplineFusion.cpp:[m[K In constructor â€˜[01m[KSplineFusion::SplineFusion(std::shared_ptr<rclcpp::Node>)[m[Kâ€™:
[01m[K/home/dsh/Documents/work_logs/code/SFUISE/sfuise_ws/src/sfuise/src/SplineFusion.cpp:26:9:[m[K [01;31m[Kerror: [m[Kâ€˜[01m[Kif_anchor_ini[m[Kâ€™ was not declared in this scope; did you mean â€˜[01m[Kif_anchor_ini_[m[Kâ€™?
   26 |         [01;31m[Kif_anchor_ini[m[K = false;  // åˆå§‹åŒ–é”šç‚¹æ ‡å¿—
      |         [01;31m[K^~~~~~~~~~~~~[m[K
      |         [32m[Kif_anchor_ini_[m[K
[01m[K/home/dsh/Documents/work_logs/code/SFUISE/sfuise_ws/src/sfuise/src/SplineFusion.cpp:27:9:[m[K [01;31m[Kerror: [m[Kâ€˜[01m[Kaverage_runtime[m[Kâ€™ was not declared in this scope; did you mean â€˜[01m[Kaverage_runtime_[m[Kâ€™?
   27 |         [01;31m[Kaverage_runtime[m[K = 0;  // åˆå§‹åŒ–å¹³å‡è¿è¡Œæ—¶é—´
      |         [01;31m[K^~~~~~~~~~~~~~~[m[K
      |         [32m[Kaverage_runtime_[m[K
[01m[K/home/dsh/Documents/work_logs/code/SFUISE/sfuise_ws/src/sfuise/src/SplineFusion.cpp:28:9:[m[K [01;31m[Kerror: [m[Kâ€˜[01m[Kwindow_count[m[Kâ€™ was not declared in this scope; did you mean â€˜[01m[Kwindow_count_[m[Kâ€™?
   28 |         [01;31m[Kwindow_count[m[K = 0;  // åˆå§‹åŒ–çª—å£è®¡æ•°
      |         [01;31m[K^~~~~~~~~~~~[m[K
      |         [32m[Kwindow_count_[m[K
[01m[K/home/dsh/Documents/work_logs/code/SFUISE/sfuise_ws/src/sfuise/src/SplineFusion.cpp:29:9:[m[K [01;31m[Kerror: [m[Kâ€˜[01m[Ksolver_flag[m[Kâ€™ was not declared in this scope; did you mean â€˜[01m[Ksolver_flag_[m[Kâ€™?
   29 |         [01;31m[Ksolver_flag[m[K = INITIAL;  // åˆå§‹åŒ–æ±‚è§£å™¨æ ‡å¿—
      |         [01;31m[K^~~~~~~~~~~[m[K
      |         [32m[Ksolver_flag_[m[K
[01m[K/home/dsh/Documents/work_logs/code/SFUISE/sfuise_ws/src/sfuise/src/SplineFusion.cpp:29:23:[m[K [01;31m[Kerror: [m[Kâ€˜[01m[KINITIAL[m[Kâ€™ was not declared in this scope
   29 |         solver_flag = [01;31m[KINITIAL[m[K;  // åˆå§‹åŒ–æ±‚è§£å™¨æ ‡å¿—
      |                       [01;31m[K^~~~~~~[m[K
[01m[K/home/dsh/Documents/work_logs/code/SFUISE/sfuise_ws/src/sfuise/src/SplineFusion.cpp:33:9:[m[K [01;31m[Kerror: [m[Kâ€˜[01m[Ksub_imu[m[Kâ€™ was not declared in this scope; did you mean â€˜[01m[Ksub_imu_[m[Kâ€™?
   33 |         [01;31m[Ksub_imu[m[K = node->create_subscription<sensor_msgs::msg::Imu>(
      |         [01;31m[K^~~~~~~[m[K
      |         [32m[Ksub_imu_[m[K
[01m[K/home/dsh/Documents/work_logs/code/SFUISE/sfuise_ws/src/sfuise/src/SplineFusion.cpp:36:9:[m[K [01;31m[Kerror: [m[Kâ€˜[01m[Ksub_anchor[m[Kâ€™ was not declared in this scope; did you mean â€˜[01m[Ksub_anchor_[m[Kâ€™?
   36 |         [01;31m[Ksub_anchor[m[K = node->create_subscription<isas_msgs::msg::Anchorlist>(
      |         [01;31m[K^~~~~~~~~~[m[K
      |         [32m[Ksub_anchor_[m[K
[01m[K/home/dsh/Documents/work_logs/code/SFUISE/sfuise_ws/src/sfuise/src/SplineFusion.cpp:40:13:[m[K [01;31m[Kerror: [m[Kâ€˜[01m[Kif_tdoa[m[Kâ€™ was not declared in this scope; did you mean â€˜[01m[Kif_tdoa_[m[Kâ€™?
   40 |         if ([01;31m[Kif_tdoa[m[K) {
      |             [01;31m[K^~~~~~~[m[K
      |             [32m[Kif_tdoa_[m[K
[01m[K/home/dsh/Documents/work_logs/code/SFUISE/sfuise_ws/src/sfuise/src/SplineFusion.cpp:41:13:[m[K [01;31m[Kerror: [m[Kâ€˜[01m[Ksub_uwb[m[Kâ€™ was not declared in this scope; did you mean â€˜[01m[Ksub_uwb_[m[Kâ€™?
   41 |             [01;31m[Ksub_uwb[m[K = node->create_subscription<cf_msgs::msg::Tdoa>(
      |             [01;31m[K^~~~~~~[m[K
      |             [32m[Ksub_uwb_[m[K
[01m[K/home/dsh/Documents/work_logs/code/SFUISE/sfuise_ws/src/sfuise/src/SplineFusion.cpp:44:13:[m[K [01;31m[Kerror: [m[Kâ€˜[01m[Ksub_uwb[m[Kâ€™ was not declared in this scope; did you mean â€˜[01m[Ksub_uwb_[m[Kâ€™?
   44 |             [01;31m[Ksub_uwb[m[K = node->create_subscription<cf_msgs::msg::Toa>(
      |             [01;31m[K^~~~~~~[m[K
      |             [32m[Ksub_uwb_[m[K
[01m[K/home/dsh/Documents/work_logs/code/SFUISE/sfuise_ws/src/sfuise/src/SplineFusion.cpp:44:63:[m[K [01;31m[Kerror: [m[Kâ€˜[01m[KToa[m[Kâ€™ is not a member of â€˜[01m[Kcf_msgs::msg[m[Kâ€™; did you mean â€˜[01m[KTdoa[m[Kâ€™?
   44 |             sub_uwb = node->create_subscription<cf_msgs::msg::[01;31m[KToa[m[K>(
      |                                                               [01;31m[K^~~[m[K
      |                                                               [32m[KTdoa[m[K
[01m[K/home/dsh/Documents/work_logs/code/SFUISE/sfuise_ws/src/sfuise/src/SplineFusion.cpp:44:67:[m[K [01;31m[Kerror: [m[Kno matching function for call to â€˜[01m[Krclcpp::Node::create_subscription<<expression error> >(const char [28], rclcpp::QoS, std::_Bind_helper<false, void (SplineFusion::*)(std::shared_ptr<isas_msgs::msg::RTLSStick_<std::allocator<void> > >), SplineFusion*, const std::_Placeholder<1>&>::type)[m[Kâ€™
   44 |             sub_uwb = [01;31m[Knode->create_subscription<cf_msgs::msg::Toa>([m[K
      |                       [01;31m[K~~~~~~~~~~~~~~~~~~~~~~~~~~~~~~~~~~~~~~~~~~~~^[m[K
   45 | [01;31m[K                "/EstimationInterface/toa_ds", rclcpp::QoS(1000), std::bind(&SplineFusion::getToaCallback, this, std::placeholders::_1))[m[K;
      |                 [01;31m[K~~~~~~~~~~~~~~~~~~~~~~~~~~~~~~~~~~~~~~~~~~~~~~~~~~~~~~~~~~~~~~~~~~~~~~~~~~~~~~~~~~~~~~~~~~~~~~~~~~~~~~~~~~~~~~~~~~~~~~~~[m[K
In file included from [01m[K/opt/ros/humble/include/rclcpp/rclcpp/node.hpp:1321[m[K,
                 from [01m[K/opt/ros/humble/include/rclcpp/rclcpp/executors/single_threaded_executor.hpp:28[m[K,
                 from [01m[K/opt/ros/humble/include/rclcpp/rclcpp/executors.hpp:22[m[K,
                 from [01m[K/opt/ros/humble/include/rclcpp/rclcpp/rclcpp.hpp:155[m[K,
                 from [01m[K/home/dsh/Documents/work_logs/code/SFUISE/sfuise_ws/src/sfuise/src/SplineFusion.cpp:1[m[K:
[01m[K/opt/ros/humble/include/rclcpp/rclcpp/node_impl.hpp:92:1:[m[K [01;36m[Knote: [m[Kcandidate: â€˜[01m[Ktemplate<class MessageT, class CallbackT, class AllocatorT, class SubscriptionT, class MessageMemoryStrategyT> std::shared_ptr<ROSMessageT> rclcpp::Node::create_subscription(const string&, const rclcpp::QoS&, CallbackT&&, const rclcpp::SubscriptionOptionsWithAllocator<AllocatorT>&, typename MessageMemoryStrategyT::SharedPtr)[m[Kâ€™
   92 | [01;36m[KNode[m[K::create_subscription(
      | [01;36m[K^~~~[m[K
[01m[K/opt/ros/humble/include/rclcpp/rclcpp/node_impl.hpp:92:1:[m[K [01;36m[Knote: [m[K  template argument deduction/substitution failed:
[01m[K/home/dsh/Documents/work_logs/code/SFUISE/sfuise_ws/src/sfuise/src/SplineFusion.cpp:44:67:[m[K [01;31m[Kerror: [m[Ktemplate argument 1 is invalid
   44 |             sub_uwb = [01;31m[Knode->create_subscription<cf_msgs::msg::Toa>([m[K
      |                       [01;31m[K~~~~~~~~~~~~~~~~~~~~~~~~~~~~~~~~~~~~~~~~~~~~^[m[K
   45 | [01;31m[K                "/EstimationInterface/toa_ds", rclcpp::QoS(1000), std::bind(&SplineFusion::getToaCallback, this, std::placeholders::_1))[m[K;
      |                 [01;31m[K~~~~~~~~~~~~~~~~~~~~~~~~~~~~~~~~~~~~~~~~~~~~~~~~~~~~~~~~~~~~~~~~~~~~~~~~~~~~~~~~~~~~~~~~~~~~~~~~~~~~~~~~~~~~~~~~~~~~~~~~[m[K
[01m[K/home/dsh/Documents/work_logs/code/SFUISE/sfuise_ws/src/sfuise/src/SplineFusion.cpp:49:9:[m[K [01;31m[Kerror: [m[Kâ€˜[01m[Kpub_knots_active[m[Kâ€™ was not declared in this scope; did you mean â€˜[01m[Kpub_knots_active_[m[Kâ€™?
   49 |         [01;31m[Kpub_knots_active[m[K = node->create_publisher<sensor_msgs::msg::PointCloud>(
      |         [01;31m[K^~~~~~~~~~~~~~~~[m[K
      |         [32m[Kpub_knots_active_[m[K
[01m[K/home/dsh/Documents/work_logs/code/SFUISE/sfuise_ws/src/sfuise/src/SplineFusion.cpp:52:9:[m[K [01;31m[Kerror: [m[Kâ€˜[01m[Kpub_knots_inactive[m[Kâ€™ was not declared in this scope; did you mean â€˜[01m[Kpub_knots_inactive_[m[Kâ€™?
   52 |         [01;31m[Kpub_knots_inactive[m[K = node->create_publisher<sensor_msgs::msg::PointCloud>(
      |         [01;31m[K^~~~~~~~~~~~~~~~~~[m[K
      |         [32m[Kpub_knots_inactive_[m[K
[01m[K/home/dsh/Documents/work_logs/code/SFUISE/sfuise_ws/src/sfuise/src/SplineFusion.cpp:55:9:[m[K [01;31m[Kerror: [m[Kâ€˜[01m[Kpub_calib[m[Kâ€™ was not declared in this scope; did you mean â€˜[01m[Kpub_calib_[m[Kâ€™?
   55 |         [01;31m[Kpub_calib[m[K = node->create_publisher<sfuise_msgs::msg::Calib>(
      |         [01;31m[K^~~~~~~~~[m[K
      |         [32m[Kpub_calib_[m[K
[01m[K/home/dsh/Documents/work_logs/code/SFUISE/sfuise_ws/src/sfuise/src/SplineFusion.cpp:58:9:[m[K [01;31m[Kerror: [m[Kâ€˜[01m[Kpub_est[m[Kâ€™ was not declared in this scope; did you mean â€˜[01m[Kpub_est_[m[Kâ€™?
   58 |         [01;31m[Kpub_est[m[K = node->create_publisher<sfuise_msgs::msg::Estimate>(
      |         [01;31m[K^~~~~~~[m[K
      |         [32m[Kpub_est_[m[K
[01m[K/home/dsh/Documents/work_logs/code/SFUISE/sfuise_ws/src/sfuise/src/SplineFusion.cpp:61:9:[m[K [01;31m[Kerror: [m[Kâ€˜[01m[Kpub_start_time[m[Kâ€™ was not declared in this scope; did you mean â€˜[01m[Kpub_start_time_[m[Kâ€™?
   61 |         [01;31m[Kpub_start_time[m[K = node->create_publisher<std_msgs::msg::Int64>(
      |         [01;31m[K^~~~~~~~~~~~~~[m[K
      |         [32m[Kpub_start_time_[m[K
[01m[K/home/dsh/Documents/work_logs/code/SFUISE/sfuise_ws/src/sfuise/src/SplineFusion.cpp:[m[K In member function â€˜[01m[Kvoid SplineFusion::run()[m[Kâ€™:
[01m[K/home/dsh/Documents/work_logs/code/SFUISE/sfuise_ws/src/sfuise/src/SplineFusion.cpp:68:39:[m[K [01;31m[Kerror: [m[Kâ€˜[01m[Knode_[m[Kâ€™ was not declared in this scope; did you mean â€˜[01m[Kmode_t[m[Kâ€™?
   68 |         rclcpp::Time t_window_start = [01;31m[Knode_[m[K->get_clock()->now();  // è·å–å½“å‰æ—¶é—´
      |                                       [01;31m[K^~~~~[m[K
      |                                       [32m[Kmode_t[m[K
[01m[K/home/dsh/Documents/work_logs/code/SFUISE/sfuise_ws/src/sfuise/src/SplineFusion.cpp:75:13:[m[K [01;31m[Kerror: [m[Kâ€˜[01m[Kaverage_runtime[m[Kâ€™ was not declared in this scope; did you mean â€˜[01m[Kaverage_runtime_[m[Kâ€™?
   75 |             [01;31m[Kaverage_runtime[m[K = (t_consum + double(num_window) * average_runtime) / double(num_window + 1);  // æ›´æ–°å¹³å‡è¿è¡Œæ—¶é—´
      |             [01;31m[K^~~~~~~~~~~~~~~[m[K
      |             [32m[Kaverage_runtime_[m[K
[01m[K/home/dsh/Documents/work_logs/code/SFUISE/sfuise_ws/src/sfuise/src/SplineFusion.cpp:78:22:[m[K [01;31m[Kerror: [m[Kâ€˜[01m[Kwindow_count[m[Kâ€™ was not declared in this scope; did you mean â€˜[01m[Kwindow_count_[m[Kâ€™?
   78 |             if ((int)[01;31m[Kwindow_count[m[K <= n_window_calib) {  // å¦‚æœçª—å£è®¡æ•°å°äºç­‰äºæ ¡å‡†çª—å£æ•°
      |                      [01;31m[K^~~~~~~~~~~~[m[K
      |                      [32m[Kwindow_count_[m[K
[01m[K/home/dsh/Documents/work_logs/code/SFUISE/sfuise_ws/src/sfuise/src/SplineFusion.cpp:78:38:[m[K [01;31m[Kerror: [m[Kâ€˜[01m[Kn_window_calib[m[Kâ€™ was not declared in this scope; did you mean â€˜[01m[Kn_window_calib_[m[Kâ€™?
   78 |             if ((int)window_count <= [01;31m[Kn_window_calib[m[K) {  // å¦‚æœçª—å£è®¡æ•°å°äºç­‰äºæ ¡å‡†çª—å£æ•°
      |                                      [01;31m[K^~~~~~~~~~~~~~[m[K
      |                                      [32m[Kn_window_calib_[m[K
[01m[K/home/dsh/Documents/work_logs/code/SFUISE/sfuise_ws/src/sfuise/src/SplineFusion.cpp:81:41:[m[K [01;31m[Kerror: [m[Kâ€˜[01m[Kcalib_param[m[Kâ€™ was not declared in this scope; did you mean â€˜[01m[Kcalib_param_[m[Kâ€™?
   81 |                 calib_msg.q_nav_uwb.w = [01;31m[Kcalib_param[m[K.q_nav_uwb.w();
      |                                         [01;31m[K^~~~~~~~~~~[m[K
      |                                         [32m[Kcalib_param_[m[K
[01m[K/home/dsh/Documents/work_logs/code/SFUISE/sfuise_ws/src/sfuise/src/SplineFusion.cpp:98:17:[m[K [01;31m[Kerror: [m[Kâ€˜[01m[Kspline_local[m[Kâ€™ was not declared in this scope; did you mean â€˜[01m[Kspline_local_[m[Kâ€™?
   98 |             if ([01;31m[Kspline_local[m[K.numKnots() >= (size_t)window_size) {  // å¦‚æœæ ·æ¡èŠ‚ç‚¹æ•°è¾¾åˆ°çª—å£å¤§å°
      |                 [01;31m[K^~~~~~~~~~~~[m[K
      |                 [32m[Kspline_local_[m[K
[01m[K/home/dsh/Documents/work_logs/code/SFUISE/sfuise_ws/src/sfuise/src/SplineFusion.cpp:98:52:[m[K [01;31m[Kerror: [m[Kâ€˜[01m[Kwindow_size[m[Kâ€™ was not declared in this scope; did you mean â€˜[01m[Kwindow_size_[m[Kâ€™?
   98 |             if (spline_local.numKnots() >= (size_t)[01;31m[Kwindow_size[m[K) {  // å¦‚æœæ ·æ¡èŠ‚ç‚¹æ•°è¾¾åˆ°çª—å£å¤§å°
      |                                                    [01;31m[K^~~~~~~~~~~[m[K
      |                                                    [32m[Kwindow_size_[m[K
[01m[K/home/dsh/Documents/work_logs/code/SFUISE/sfuise_ws/src/sfuise/src/SplineFusion.cpp:99:17:[m[K [01;31m[Kerror: [m[Kâ€˜[01m[Kwindow_count[m[Kâ€™ was not declared in this scope; did you mean â€˜[01m[Kwindow_count_[m[Kâ€™?
   99 |                 [01;31m[Kwindow_count[m[K++;  // å¢åŠ çª—å£è®¡æ•°
      |                 [01;31m[K^~~~~~~~~~~~[m[K
      |                 [32m[Kwindow_count_[m[K
[01m[K/home/dsh/Documents/work_logs/code/SFUISE/sfuise_ws/src/sfuise/src/SplineFusion.cpp:100:21:[m[K [01;31m[Kerror: [m[Kâ€˜[01m[Ksolver_flag[m[Kâ€™ was not declared in this scope; did you mean â€˜[01m[Ksolver_flag_[m[Kâ€™?
  100 |                 if ([01;31m[Ksolver_flag[m[K == INITIAL) {  // å¦‚æœæ±‚è§£å™¨æ ‡å¿—ä¸ºåˆå§‹çŠ¶æ€
      |                     [01;31m[K^~~~~~~~~~~[m[K
      |                     [32m[Ksolver_flag_[m[K
[01m[K/home/dsh/Documents/work_logs/code/SFUISE/sfuise_ws/src/sfuise/src/SplineFusion.cpp:100:36:[m[K [01;31m[Kerror: [m[Kâ€˜[01m[KINITIAL[m[Kâ€™ was not declared in this scope
  100 |                 if (solver_flag == [01;31m[KINITIAL[m[K) {  // å¦‚æœæ±‚è§£å™¨æ ‡å¿—ä¸ºåˆå§‹çŠ¶æ€
      |                                    [01;31m[K^~~~~~~[m[K
[01m[K/home/dsh/Documents/work_logs/code/SFUISE/sfuise_ws/src/sfuise/src/SplineFusion.cpp:101:35:[m[K [01;31m[Kerror: [m[Kâ€˜[01m[KFULLSIZE[m[Kâ€™ was not declared in this scope
  101 |                     solver_flag = [01;31m[KFULLSIZE[m[K;  // è®¾ç½®ä¸ºå…¨å°ºå¯¸çŠ¶æ€
      |                                   [01;31m[K^~~~~~~~[m[K
[01m[K/home/dsh/Documents/work_logs/code/SFUISE/sfuise_ws/src/sfuise/src/SplineFusion.cpp:106:13:[m[K [01;31m[Kerror: [m[Kâ€˜[01m[Kspline_local[m[Kâ€™ was not declared in this scope; did you mean â€˜[01m[Kspline_local_[m[Kâ€™?
  106 |             [01;31m[Kspline_local[m[K.getSplineMsg(spline_msg);  // è·å–æ ·æ¡æ¶ˆæ¯
      |             [01;31m[K^~~~~~~~~~~~[m[K
      |             [32m[Kspline_local_[m[K
[01m[K/home/dsh/Documents/work_logs/code/SFUISE/sfuise_ws/src/sfuise/src/SplineFusion.cpp:110:44:[m[K [01;31m[Kerror: [m[Kâ€˜[01m[Ksolver_flag[m[Kâ€™ was not declared in this scope; did you mean â€˜[01m[Ksolver_flag_[m[Kâ€™?
  110 |             est_msg.if_full_window.data = ([01;31m[Ksolver_flag[m[K != INITIAL);  // è®¾ç½®æ˜¯å¦ä¸ºå…¨çª—å£
      |                                            [01;31m[K^~~~~~~~~~~[m[K
      |                                            [32m[Ksolver_flag_[m[K
[01m[K/home/dsh/Documents/work_logs/code/SFUISE/sfuise_ws/src/sfuise/src/SplineFusion.cpp:110:59:[m[K [01;31m[Kerror: [m[Kâ€˜[01m[KINITIAL[m[Kâ€™ was not declared in this scope
  110 |             est_msg.if_full_window.data = (solver_flag != [01;31m[KINITIAL[m[K);  // è®¾ç½®æ˜¯å¦ä¸ºå…¨çª—å£
      |                                                           [01;31m[K^~~~~~~[m[K
[01m[K/home/dsh/Documents/work_logs/code/SFUISE/sfuise_ws/src/sfuise/src/SplineFusion.cpp:116:32:[m[K [01;31m[Kerror: [m[Kâ€˜[01m[KFULLSIZE[m[Kâ€™ was not declared in this scope
  116 |             if (solver_flag == [01;31m[KFULLSIZE[m[K) {
      |                                [01;31m[K^~~~~~~~[m[K
[01m[K/home/dsh/Documents/work_logs/code/SFUISE/sfuise_ws/src/sfuise/src/SplineFusion.cpp:[m[K In member function â€˜[01m[Kvoid SplineFusion::readParameters(rclcpp::Node::SharedPtr)[m[Kâ€™:
[01m[K/home/dsh/Documents/work_logs/code/SFUISE/sfuise_ws/src/sfuise/src/SplineFusion.cpp:182:13:[m[K [01;31m[Kerror: [m[Kâ€˜[01m[Kif_uwb_only[m[Kâ€™ was not declared in this scope; did you mean â€˜[01m[Kif_uwb_only_[m[Kâ€™?
  182 |             [01;31m[Kif_uwb_only[m[K = true; // å¦‚æœç³»æ•°ä¸º0ï¼Œåˆ™ä»…ä½¿ç”¨UWB
      |             [01;31m[K^~~~~~~~~~~[m[K
      |             [32m[Kif_uwb_only_[m[K
[01m[K/home/dsh/Documents/work_logs/code/SFUISE/sfuise_ws/src/sfuise/src/SplineFusion.cpp:184:13:[m[K [01;31m[Kerror: [m[Kâ€˜[01m[Kif_uwb_only[m[Kâ€™ was not declared in this scope; did you mean â€˜[01m[Kif_uwb_only_[m[Kâ€™?
  184 |             [01;31m[Kif_uwb_only[m[K = false; // å¦åˆ™ä¸åªä½¿ç”¨UWB
      |             [01;31m[K^~~~~~~~~~~[m[K
      |             [32m[Kif_uwb_only_[m[K
[01m[K/home/dsh/Documents/work_logs/code/SFUISE/sfuise_ws/src/sfuise/src/SplineFusion.cpp:187:9:[m[K [01;31m[Kerror: [m[Kâ€˜[01m[Kparam[m[Kâ€™ was not declared in this scope; did you mean â€˜[01m[Kparam_[m[Kâ€™?
  187 |         [01;31m[Kparam[m[K.if_opt_g = true; // è®¾ç½®ä¼˜åŒ–é‡åŠ›æ ‡å¿—
      |         [01;31m[K^~~~~[m[K
      |         [32m[Kparam_[m[K
[01m[K/home/dsh/Documents/work_logs/code/SFUISE/sfuise_ws/src/sfuise/src/SplineFusion.cpp:190:9:[m[K [01;31m[Kerror: [m[Kâ€˜[01m[Kmax_iter[m[Kâ€™ was not declared in this scope; did you mean â€˜[01m[Kmax_iter_[m[Kâ€™?
  190 |         [01;31m[Kmax_iter[m[K = CommonUtils::readParam<int>(node, "max_iter"); // è¯»å–æœ€å¤§è¿­ä»£æ¬¡æ•°
      |         [01;31m[K^~~~~~~~[m[K
      |         [32m[Kmax_iter_[m[K
[01m[K/home/dsh/Documents/work_logs/code/SFUISE/sfuise_ws/src/sfuise/src/SplineFusion.cpp:191:9:[m[K [01;31m[Kerror: [m[Kâ€˜[01m[Kdt_ns[m[Kâ€™ was not declared in this scope; did you mean â€˜[01m[Kdt_ns_[m[Kâ€™?
  191 |         [01;31m[Kdt_ns[m[K = 1e9 / CommonUtils::readParam<int>(node, "control_point_fps"); // è®¡ç®—æ—¶é—´é—´éš”
      |         [01;31m[K^~~~~[m[K
      |         [32m[Kdt_ns_[m[K
[01m[K/home/dsh/Documents/work_logs/code/SFUISE/sfuise_ws/src/sfuise/src/SplineFusion.cpp:192:9:[m[K [01;31m[Kerror: [m[Kâ€˜[01m[Kif_tdoa[m[Kâ€™ was not declared in this scope; did you mean â€˜[01m[Kif_tdoa_[m[Kâ€™?
  192 |         [01;31m[Kif_tdoa[m[K = CommonUtils::readParam<bool>(node, "if_tdoa"); // è¯»å–æ˜¯å¦ä½¿ç”¨TDOAæ ‡å¿—
      |         [01;31m[K^~~~~~~[m[K
      |         [32m[Kif_tdoa_[m[K
[01m[K/home/dsh/Documents/work_logs/code/SFUISE/sfuise_ws/src/sfuise/src/SplineFusion.cpp:193:9:[m[K [01;31m[Kerror: [m[Kâ€˜[01m[Kbag_start_time[m[Kâ€™ was not declared in this scope; did you mean â€˜[01m[Kbag_start_time_[m[Kâ€™?
  193 |         [01;31m[Kbag_start_time[m[K = 0; // åˆå§‹åŒ–è¡Œæå¼€å§‹æ—¶é—´
      |         [01;31m[K^~~~~~~~~~~~~~[m[K
      |         [32m[Kbag_start_time_[m[K
[01m[K/home/dsh/Documents/work_logs/code/SFUISE/sfuise_ws/src/sfuise/src/SplineFusion.cpp:194:9:[m[K [01;31m[Kerror: [m[Kâ€˜[01m[Kn_window_calib[m[Kâ€™ was not declared in this scope; did you mean â€˜[01m[Kn_window_calib_[m[Kâ€™?
  194 |         [01;31m[Kn_window_calib[m[K = CommonUtils::readParam<int>(node, "n_window_calib"); // è¯»å–æ ¡å‡†çª—å£æ•°
      |         [01;31m[K^~~~~~~~~~~~~~[m[K
      |         [32m[Kn_window_calib_[m[K
[01m[K/home/dsh/Documents/work_logs/code/SFUISE/sfuise_ws/src/sfuise/src/SplineFusion.cpp:195:9:[m[K [01;31m[Kerror: [m[Kâ€˜[01m[Kwindow_size[m[Kâ€™ was not declared in this scope; did you mean â€˜[01m[Kwindow_size_[m[Kâ€™?
  195 |         [01;31m[Kwindow_size[m[K = CommonUtils::readParam<int>(node, "window_size"); // è¯»å–çª—å£å¤§å°
      |         [01;31m[K^~~~~~~~~~~[m[K
      |         [32m[Kwindow_size_[m[K
[01m[K/home/dsh/Documents/work_logs/code/SFUISE/sfuise_ws/src/sfuise/src/SplineFusion.cpp:232:9:[m[K [01;31m[Kerror: [m[Kâ€˜[01m[Kcalib_param[m[Kâ€™ was not declared in this scope; did you mean â€˜[01m[Kcalib_param_[m[Kâ€™?
  232 |         [01;31m[Kcalib_param[m[K.offset = Eigen::Vector3d(v_offset.at(0), v_offset.at(1), v_offset.at(2)); // è®¾ç½®æ ¡å‡†åç§»
      |         [01;31m[K^~~~~~~~~~~[m[K
      |         [32m[Kcalib_param_[m[K
[01m[K/home/dsh/Documents/work_logs/code/SFUISE/sfuise_ws/src/sfuise/src/SplineFusion.cpp:235:13:[m[K [01;31m[Kerror: [m[Kâ€˜[01m[Kv_toa_offset[m[Kâ€™ was not declared in this scope; did you mean â€˜[01m[Kv_toa_offset_[m[Kâ€™?
  235 |             [01;31m[Kv_toa_offset[m[K = CommonUtils::readParam<std::vector<double>>(node, "toa_offset"); // è¯»å–TOAåç§»é‡
      |             [01;31m[K^~~~~~~~~~~~[m[K
      |             [32m[Kv_toa_offset_[m[K
[01m[K/home/dsh/Documents/work_logs/code/SFUISE/sfuise_ws/src/sfuise/src/SplineFusion.cpp:[m[K In member function â€˜[01m[Kvoid SplineFusion::getImuCallback(sensor_msgs::msg::Imu_<std::allocator<void> >::SharedPtr)[m[Kâ€™:
[01m[K/home/dsh/Documents/work_logs/code/SFUISE/sfuise_ws/src/sfuise/src/SplineFusion.cpp:246:9:[m[K [01;31m[Kerror: [m[Kâ€˜[01m[Kimu_buff[m[Kâ€™ was not declared in this scope; did you mean â€˜[01m[Kimu_buff_[m[Kâ€™?
  246 |         [01;31m[Kimu_buff[m[K.push_back(imu); // å°†IMUæ•°æ®æ·»åŠ åˆ°ç¼“å†²åŒº
      |         [01;31m[K^~~~~~~~[m[K
      |         [32m[Kimu_buff_[m[K
[01m[K/home/dsh/Documents/work_logs/code/SFUISE/sfuise_ws/src/sfuise/src/SplineFusion.cpp:[m[K In member function â€˜[01m[Kvoid SplineFusion::getTdoaCallback(cf_msgs::msg::Tdoa_<std::allocator<void> >::SharedPtr)[m[Kâ€™:
[01m[K/home/dsh/Documents/work_logs/code/SFUISE/sfuise_ws/src/sfuise/src/SplineFusion.cpp:252:54:[m[K [01;31m[Kerror: [m[Kâ€˜[01m[Kusing element_type = struct cf_msgs::msg::Tdoa_<std::allocator<void> >[m[Kâ€™ {aka â€˜[01m[Kstruct cf_msgs::msg::Tdoa_<std::allocator<void> >[m[Kâ€™} has no member named â€˜[01m[KidA[m[Kâ€™
  252 |         TDOAData uwb(msg->header.stamp.nanosec, msg->[01;31m[KidA[m[K, msg->idB, msg->data); // åˆ›å»ºTDOAæ•°æ®å¯¹è±¡
      |                                                      [01;31m[K^~~[m[K
[01m[K/home/dsh/Documents/work_logs/code/SFUISE/sfuise_ws/src/sfuise/src/SplineFusion.cpp:252:64:[m[K [01;31m[Kerror: [m[Kâ€˜[01m[Kusing element_type = struct cf_msgs::msg::Tdoa_<std::allocator<void> >[m[Kâ€™ {aka â€˜[01m[Kstruct cf_msgs::msg::Tdoa_<std::allocator<void> >[m[Kâ€™} has no member named â€˜[01m[KidB[m[Kâ€™
  252 |         TDOAData uwb(msg->header.stamp.nanosec, msg->idA, msg->[01;31m[KidB[m[K, msg->data); // åˆ›å»ºTDOAæ•°æ®å¯¹è±¡
      |                                                                [01;31m[K^~~[m[K
[01m[K/home/dsh/Documents/work_logs/code/SFUISE/sfuise_ws/src/sfuise/src/SplineFusion.cpp:253:9:[m[K [01;31m[Kerror: [m[Kâ€˜[01m[Ktdoa_buff[m[Kâ€™ was not declared in this scope; did you mean â€˜[01m[Ktdoa_buff_[m[Kâ€™?
  253 |         [01;31m[Ktdoa_buff[m[K.push_back(uwb); // å°†TDOAæ•°æ®æ·»åŠ åˆ°ç¼“å†²åŒº
      |         [01;31m[K^~~~~~~~~[m[K
      |         [32m[Ktdoa_buff_[m[K
[01m[K/home/dsh/Documents/work_logs/code/SFUISE/sfuise_ws/src/sfuise/src/SplineFusion.cpp:[m[K In member function â€˜[01m[Kvoid SplineFusion::getToaCallback(isas_msgs::msg::RTLSStick_<std::allocator<void> >::SharedPtr)[m[Kâ€™:
[01m[K/home/dsh/Documents/work_logs/code/SFUISE/sfuise_ws/src/sfuise/src/SplineFusion.cpp:263:13:[m[K [01;31m[Kerror: [m[Kâ€˜[01m[Ktoa_buff[m[Kâ€™ was not declared in this scope; did you mean â€˜[01m[Ktoa_buff_[m[Kâ€™?
  263 |             [01;31m[Ktoa_buff[m[K.push_back(uwb); // å°†TOAæ•°æ®æ·»åŠ åˆ°ç¼“å†²åŒº
      |             [01;31m[K^~~~~~~~[m[K
      |             [32m[Ktoa_buff_[m[K
[01m[K/home/dsh/Documents/work_logs/code/SFUISE/sfuise_ws/src/sfuise/src/SplineFusion.cpp:[m[K In member function â€˜[01m[Kvoid SplineFusion::getAnchorCallback(isas_msgs::msg::Anchorlist_<std::allocator<void> >::SharedPtr)[m[Kâ€™:
[01m[K/home/dsh/Documents/work_logs/code/SFUISE/sfuise_ws/src/sfuise/src/SplineFusion.cpp:270:13:[m[K [01;31m[Kerror: [m[Kâ€˜[01m[Kif_anchor_ini[m[Kâ€™ was not declared in this scope; did you mean â€˜[01m[Kif_anchor_ini_[m[Kâ€™?
  270 |         if ([01;31m[Kif_anchor_ini[m[K) return; // å¦‚æœé”šç‚¹å·²åˆå§‹åŒ–ï¼Œè¿”å›
      |             [01;31m[K^~~~~~~~~~~~~[m[K
      |             [32m[Kif_anchor_ini_[m[K
[01m[K/home/dsh/Documents/work_logs/code/SFUISE/sfuise_ws/src/sfuise/src/SplineFusion.cpp:272:13:[m[K [01;31m[Kerror: [m[Kâ€˜[01m[Kparam[m[Kâ€™ was not declared in this scope; did you mean â€˜[01m[Kparam_[m[Kâ€™?
  272 |             [01;31m[Kparam[m[K.anchor_list[anchor.id] = Eigen::Vector3d(anchor.position.x, anchor.position.y, anchor.position.z); // æ·»åŠ é”šç‚¹åˆ°åˆ—è¡¨
      |             [01;31m[K^~~~~[m[K
      |             [32m[Kparam_[m[K
[01m[K/home/dsh/Documents/work_logs/code/SFUISE/sfuise_ws/src/sfuise/src/SplineFusion.cpp:274:9:[m[K [01;31m[Kerror: [m[Kâ€˜[01m[Kif_anchor_ini[m[Kâ€™ was not declared in this scope; did you mean â€˜[01m[Kif_anchor_ini_[m[Kâ€™?
  274 |         [01;31m[Kif_anchor_ini[m[K = true; // è®¾ç½®é”šç‚¹åˆå§‹åŒ–æ ‡å¿—
      |         [01;31m[K^~~~~~~~~~~~~[m[K
      |         [32m[Kif_anchor_ini_[m[K
[01m[K/home/dsh/Documents/work_logs/code/SFUISE/sfuise_ws/src/sfuise/src/SplineFusion.cpp:275:14:[m[K [01;31m[Kerror: [m[Kâ€˜[01m[Kif_tdoa[m[Kâ€™ was not declared in this scope; did you mean â€˜[01m[Kif_tdoa_[m[Kâ€™?
  275 |         if (![01;31m[Kif_tdoa[m[K) { // å¦‚æœä¸ä½¿ç”¨TDOA
      |              [01;31m[K^~~~~~~[m[K
      |              [32m[Kif_tdoa_[m[K
[01m[K/home/dsh/Documents/work_logs/code/SFUISE/sfuise_ws/src/sfuise/src/SplineFusion.cpp:277:28:[m[K [01;31m[Kerror: [m[Kâ€˜[01m[Kparam[m[Kâ€™ was not declared in this scope; did you mean â€˜[01m[Kparam_[m[Kâ€™?
  277 |             for (auto it = [01;31m[Kparam[m[K.anchor_list.begin(); it != param.anchor_list.end(); it++) { // éå†é”šç‚¹åˆ—è¡¨
      |                            [01;31m[K^~~~~[m[K
      |                            [32m[Kparam_[m[K
[01m[K/home/dsh/Documents/work_logs/code/SFUISE/sfuise_ws/src/sfuise/src/SplineFusion.cpp:278:47:[m[K [01;31m[Kerror: [m[Kâ€˜[01m[Kv_toa_offset[m[Kâ€™ was not declared in this scope; did you mean â€˜[01m[Kv_toa_offset_[m[Kâ€™?
  278 |                 param.toa_offset[it->first] = [01;31m[Kv_toa_offset[m[K[i]; // è®¾ç½®TOAåç§»
      |                                               [01;31m[K^~~~~~~~~~~~[m[K
      |                                               [32m[Kv_toa_offset_[m[K
[01m[K/home/dsh/Documents/work_logs/code/SFUISE/sfuise_ws/src/sfuise/src/SplineFusion.cpp:[m[K In member function â€˜[01m[Kvoid SplineFusion::updateMeasurements(Eigen::aligned_deque<_KnotT>&, Eigen::aligned_deque<_KnotT>&)[m[Kâ€™:
[01m[K/home/dsh/Documents/work_logs/code/SFUISE/sfuise_ws/src/sfuise/src/SplineFusion.cpp:288:30:[m[K [01;31m[Kerror: [m[Kâ€˜[01m[Kspline_local[m[Kâ€™ was not declared in this scope; did you mean â€˜[01m[Kspline_local_[m[Kâ€™?
  288 |         int64_t t_window_l = [01;31m[Kspline_local[m[K.minTimeNs(); // è·å–çª—å£å·¦è¾¹ç•Œ
      |                              [01;31m[K^~~~~~~~~~~~[m[K
      |                              [32m[Kspline_local_[m[K
[01m[K/home/dsh/Documents/work_logs/code/SFUISE/sfuise_ws/src/sfuise/src/SplineFusion.cpp:[m[K In member function â€˜[01m[Kbool SplineFusion::initialization()[m[Kâ€™:
[01m[K/home/dsh/Documents/work_logs/code/SFUISE/sfuise_ws/src/sfuise/src/SplineFusion.cpp:315:18:[m[K [01;31m[Kerror: [m[Kâ€˜[01m[Kimu_buff[m[Kâ€™ was not declared in this scope; did you mean â€˜[01m[Kimu_buff_[m[Kâ€™?
  315 |             if (![01;31m[Kimu_buff[m[K.empty()) min_time = imu_buff.back().time_ns; // è·å–IMUç¼“å†²åŒºçš„æ—¶é—´
      |                  [01;31m[K^~~~~~~~[m[K
      |                  [32m[Kimu_buff_[m[K
[01m[K/home/dsh/Documents/work_logs/code/SFUISE/sfuise_ws/src/sfuise/src/SplineFusion.cpp:316:18:[m[K [01;31m[Kerror: [m[Kâ€˜[01m[Ktoa_buff[m[Kâ€™ was not declared in this scope; did you mean â€˜[01m[Ktoa_buff_[m[Kâ€™?
  316 |             if (![01;31m[Ktoa_buff[m[K.empty()) min_time = std::min(toa_buff.back().time_ns, min_time); // è·å–TOAç¼“å†²åŒºçš„æ—¶é—´
      |                  [01;31m[K^~~~~~~~[m[K
      |                  [32m[Ktoa_buff_[m[K
[01m[K/home/dsh/Documents/work_logs/code/SFUISE/sfuise_ws/src/sfuise/src/SplineFusion.cpp:317:18:[m[K [01;31m[Kerror: [m[Kâ€˜[01m[Ktdoa_buff[m[Kâ€™ was not declared in this scope; did you mean â€˜[01m[Ktdoa_buff_[m[Kâ€™?
  317 |             if (![01;31m[Ktdoa_buff[m[K.empty()) min_time = std::min(tdoa_buff.back().time_ns, min_time); // è·å–TDOAç¼“å†²åŒºçš„æ—¶é—´
      |                  [01;31m[K^~~~~~~~~[m[K
      |                  [32m[Ktdoa_buff_[m[K
[01m[K/home/dsh/Documents/work_logs/code/SFUISE/sfuise_ws/src/sfuise/src/SplineFusion.cpp:318:28:[m[K [01;31m[Kerror: [m[Kâ€˜[01m[Kspline_local[m[Kâ€™ was not declared in this scope; did you mean â€˜[01m[Kspline_local_[m[Kâ€™?
  318 |             if (min_time > [01;31m[Kspline_local[m[K.nextMaxTimeNs()) { // å¦‚æœæœ€å°æ—¶é—´å¤§äºæ ·æ¡çš„æœ€å¤§æ—¶é—´
      |                            [01;31m[K^~~~~~~~~~~~[m[K
      |                            [32m[Kspline_local_[m[K
[01m[K/home/dsh/Documents/work_logs/code/SFUISE/sfuise_ws/src/sfuise/src/SplineFusion.cpp:323:22:[m[K [01;31m[Kerror: [m[Kâ€˜[01m[Kif_uwb_only[m[Kâ€™ was not declared in this scope; did you mean â€˜[01m[Kif_uwb_only_[m[Kâ€™?
  323 |                 if (![01;31m[Kif_uwb_only[m[K) { // å¦‚æœä¸åªä½¿ç”¨UWB
      |                      [01;31m[K^~~~~~~~~~~[m[K
      |                      [32m[Kif_uwb_only_[m[K
[01m[K/home/dsh/Documents/work_logs/code/SFUISE/sfuise_ws/src/sfuise/src/SplineFusion.cpp:325:25:[m[K [01;31m[Kerror: [m[Kâ€˜[01m[Klast_imu_t_ns[m[Kâ€™ was not declared in this scope; did you mean â€˜[01m[Klast_imu_t_ns_[m[Kâ€™?
  325 |                         [01;31m[Klast_imu_t_ns[m[K = bag_start_time; // è®¾ç½®æœ€åIMUæ—¶é—´ä¸ºè¡Œæå¼€å§‹æ—¶é—´
      |                         [01;31m[K^~~~~~~~~~~~~[m[K
      |                         [32m[Klast_imu_t_ns_[m[K
[01m[K/home/dsh/Documents/work_logs/code/SFUISE/sfuise_ws/src/sfuise/src/SplineFusion.cpp:325:41:[m[K [01;31m[Kerror: [m[Kâ€˜[01m[Kbag_start_time[m[Kâ€™ was not declared in this scope; did you mean â€˜[01m[Kbag_start_time_[m[Kâ€™?
  325 |                         last_imu_t_ns = [01;31m[Kbag_start_time[m[K; // è®¾ç½®æœ€åIMUæ—¶é—´ä¸ºè¡Œæå¼€å§‹æ—¶é—´
      |                                         [01;31m[K^~~~~~~~~~~~~~[m[K
      |                                         [32m[Kbag_start_time_[m[K
[01m[K/home/dsh/Documents/work_logs/code/SFUISE/sfuise_ws/src/sfuise/src/SplineFusion.cpp:327:25:[m[K [01;31m[Kerror: [m[Kâ€˜[01m[Klast_imu_t_ns[m[Kâ€™ was not declared in this scope; did you mean â€˜[01m[Klast_imu_t_ns_[m[Kâ€™?
  327 |                         [01;31m[Klast_imu_t_ns[m[K = imu_window.back().time_ns; // è·å–IMUçª—å£çš„æœ€åæ—¶é—´
      |                         [01;31m[K^~~~~~~~~~~~~[m[K
      |                         [32m[Klast_imu_t_ns_[m[K
[01m[K/home/dsh/Documents/work_logs/code/SFUISE/sfuise_ws/src/sfuise/src/SplineFusion.cpp:327:41:[m[K [01;31m[Kerror: [m[Kâ€˜[01m[Kimu_window[m[Kâ€™ was not declared in this scope; did you mean â€˜[01m[Kimu_window_[m[Kâ€™?
  327 |                         last_imu_t_ns = [01;31m[Kimu_window[m[K.back().time_ns; // è·å–IMUçª—å£çš„æœ€åæ—¶é—´
      |                                         [01;31m[K^~~~~~~~~~[m[K
      |                                         [32m[Kimu_window_[m[K
[01m[K/home/dsh/Documents/work_logs/code/SFUISE/sfuise_ws/src/sfuise/src/SplineFusion.cpp:329:33:[m[K [01;31m[Kerror: [m[Kâ€˜[01m[Knext_knot_TimeNs[m[Kâ€™ was not declared in this scope; did you mean â€˜[01m[Knext_knot_time_ns_[m[Kâ€™?
  329 |                     integration([01;31m[Knext_knot_TimeNs[m[K, q_ini, pos_ini); // æ‰§è¡Œç§¯åˆ†
      |                                 [01;31m[K^~~~~~~~~~~~~~~~[m[K
      |                                 [32m[Knext_knot_time_ns_[m[K
[01m[K/home/dsh/Documents/work_logs/code/SFUISE/sfuise_ws/src/sfuise/src/SplineFusion.cpp:331:25:[m[K [01;31m[Kerror: [m[Kâ€˜[01m[Kif_tdoa[m[Kâ€™ was not declared in this scope; did you mean â€˜[01m[Kif_tdoa_[m[Kâ€™?
  331 |                     if ([01;31m[Kif_tdoa[m[K) { // å¦‚æœä½¿ç”¨TDOA
      |                         [01;31m[K^~~~~~~[m[K
      |                         [32m[Kif_tdoa_[m[K
[01m[K/home/dsh/Documents/work_logs/code/SFUISE/sfuise_ws/src/sfuise/src/SplineFusion.cpp:332:55:[m[K [01;31m[Kerror: [m[Kâ€˜[01m[Knext_knot_TimeNs[m[Kâ€™ was not declared in this scope; did you mean â€˜[01m[Knext_knot_time_ns_[m[Kâ€™?
  332 |                         pos_ini = tdoaMultilateration([01;31m[Knext_knot_TimeNs[m[K * NS_TO_S); // æ‰§è¡ŒTDOAå¤šè¾¹å®šä½
      |                                                       [01;31m[K^~~~~~~~~~~~~~~~[m[K
      |                                                       [32m[Knext_knot_time_ns_[m[K
In file included from [01m[K/opt/ros/humble/include/rclcpp/rclcpp/client.hpp:40[m[K,
                 from [01m[K/opt/ros/humble/include/rclcpp/rclcpp/callback_group.hpp:24[m[K,
                 from [01m[K/opt/ros/humble/include/rclcpp/rclcpp/any_executable.hpp:20[m[K,
                 from [01m[K/opt/ros/humble/include/rclcpp/rclcpp/memory_strategy.hpp:25[m[K,
                 from [01m[K/opt/ros/humble/include/rclcpp/rclcpp/memory_strategies.hpp:18[m[K,
                 from [01m[K/opt/ros/humble/include/rclcpp/rclcpp/executor_options.hpp:20[m[K,
                 from [01m[K/opt/ros/humble/include/rclcpp/rclcpp/executor.hpp:37[m[K,
                 from [01m[K/opt/ros/humble/include/rclcpp/rclcpp/executors/multi_threaded_executor.hpp:25[m[K,
                 from [01m[K/opt/ros/humble/include/rclcpp/rclcpp/executors.hpp:21[m[K,
                 from [01m[K/opt/ros/humble/include/rclcpp/rclcpp/rclcpp.hpp:155[m[K,
                 from [01m[K/home/dsh/Documents/work_logs/code/SFUISE/sfuise_ws/src/sfuise/src/SplineFusion.cpp:1[m[K:
[01m[K/home/dsh/Documents/work_logs/code/SFUISE/sfuise_ws/src/sfuise/src/SplineFusion.cpp:335:44:[m[K [01;31m[Kerror: [m[Kâ€˜[01m[Kclass SplineFusion[m[Kâ€™ has no member named â€˜[01m[Kget_logger[m[Kâ€™
  335 |                         RCLCPP_ERROR(this->[01;31m[Kget_logger[m[K(), "UWB-only tracking only supported for TDOA data!"); // è¾“å‡ºé”™è¯¯ä¿¡æ¯
      |                                            [01;31m[K^~~~~~~~~~[m[K
[01m[K/home/dsh/Documents/work_logs/code/SFUISE/sfuise_ws/src/sfuise/src/SplineFusion.cpp:335:44:[m[K [01;31m[Kerror: [m[Kâ€˜[01m[Kclass SplineFusion[m[Kâ€™ has no member named â€˜[01m[Kget_logger[m[Kâ€™
[01m[K/home/dsh/Documents/work_logs/code/SFUISE/sfuise_ws/src/sfuise/src/SplineFusion.cpp:335:25:[m[K [01;31m[Kerror: [m[Ktemplate argument 1 is invalid
  335 |                         [01;31m[KRCLCPP_ERROR[m[K(this->get_logger(), "UWB-only tracking only supported for TDOA data!"); // è¾“å‡ºé”™è¯¯ä¿¡æ¯
      |                         [01;31m[K^~~~~~~~~~~~[m[K
[01m[K/home/dsh/Documents/work_logs/code/SFUISE/sfuise_ws/src/sfuise/src/SplineFusion.cpp:335:25:[m[K [01;31m[Kerror: [m[Ktemplate argument 1 is invalid
  335 |                         [01;31m[KRCLCPP_ERROR[m[K(this->get_logger(), "UWB-only tracking only supported for TDOA data!"); // è¾“å‡ºé”™è¯¯ä¿¡æ¯
      |                         [01;31m[K^~~~~~~~~~~~[m[K
[01m[K/home/dsh/Documents/work_logs/code/SFUISE/sfuise_ws/src/sfuise/src/SplineFusion.cpp:335:25:[m[K [01;31m[Kerror: [m[Ktemplate argument 1 is invalid
  335 |                         [01;31m[KRCLCPP_ERROR[m[K(this->get_logger(), "UWB-only tracking only supported for TDOA data!"); // è¾“å‡ºé”™è¯¯ä¿¡æ¯
      |                         [01;31m[K^~~~~~~~~~~~[m[K
In file included from [01m[K/opt/ros/humble/include/rclcpp/rclcpp/logging.hpp:24[m[K,
                 from [01m[K/opt/ros/humble/include/rclcpp/rclcpp/client.hpp:40[m[K,
                 from [01m[K/opt/ros/humble/include/rclcpp/rclcpp/callback_group.hpp:24[m[K,
                 from [01m[K/opt/ros/humble/include/rclcpp/rclcpp/any_executable.hpp:20[m[K,
                 from [01m[K/opt/ros/humble/include/rclcpp/rclcpp/memory_strategy.hpp:25[m[K,
                 from [01m[K/opt/ros/humble/include/rclcpp/rclcpp/memory_strategies.hpp:18[m[K,
                 from [01m[K/opt/ros/humble/include/rclcpp/rclcpp/executor_options.hpp:20[m[K,
                 from [01m[K/opt/ros/humble/include/rclcpp/rclcpp/executor.hpp:37[m[K,
                 from [01m[K/opt/ros/humble/include/rclcpp/rclcpp/executors/multi_threaded_executor.hpp:25[m[K,
                 from [01m[K/opt/ros/humble/include/rclcpp/rclcpp/executors.hpp:21[m[K,
                 from [01m[K/opt/ros/humble/include/rclcpp/rclcpp/rclcpp.hpp:155[m[K,
                 from [01m[K/home/dsh/Documents/work_logs/code/SFUISE/sfuise_ws/src/sfuise/src/SplineFusion.cpp:1[m[K:
[01m[K/home/dsh/Documents/work_logs/code/SFUISE/sfuise_ws/src/sfuise/src/SplineFusion.cpp:335:44:[m[K [01;31m[Kerror: [m[Kâ€˜[01m[Kclass SplineFusion[m[Kâ€™ has no member named â€˜[01m[Kget_logger[m[Kâ€™
  335 |                         RCLCPP_ERROR(this->[01;31m[Kget_logger[m[K(), "UWB-only tracking only supported for TDOA data!"); // è¾“å‡ºé”™è¯¯ä¿¡æ¯
      |                                            [01;31m[K^~~~~~~~~~[m[K
[01m[K/home/dsh/Documents/work_logs/code/SFUISE/sfuise_ws/src/sfuise/src/SplineFusion.cpp:335:44:[m[K [01;31m[Kerror: [m[Kâ€˜[01m[Kclass SplineFusion[m[Kâ€™ has no member named â€˜[01m[Kget_logger[m[Kâ€™
  335 |                         RCLCPP_ERROR(this->[01;31m[Kget_logger[m[K(), "UWB-only tracking only supported for TDOA data!"); // è¾“å‡ºé”™è¯¯ä¿¡æ¯
      |                                            [01;31m[K^~~~~~~~~~[m[K
[01m[K/home/dsh/Documents/work_logs/code/SFUISE/sfuise_ws/src/sfuise/src/SplineFusion.cpp:341:17:[m[K [01;31m[Kerror: [m[Kâ€˜[01m[Knext_knot_TimeNs[m[Kâ€™ was not declared in this scope; did you mean â€˜[01m[Knext_knot_time_ns_[m[Kâ€™?
  341 |                 [01;31m[Knext_knot_TimeNs[m[K += dt_ns; // æ›´æ–°ä¸‹ä¸€ä¸ªèŠ‚ç‚¹æ—¶é—´
      |                 [01;31m[K^~~~~~~~~~~~~~~~[m[K
      |                 [32m[Knext_knot_time_ns_[m[K
[01m[K/home/dsh/Documents/work_logs/code/SFUISE/sfuise_ws/src/sfuise/src/SplineFusion.cpp:341:37:[m[K [01;31m[Kerror: [m[Kâ€˜[01m[Kdt_ns[m[Kâ€™ was not declared in this scope; did you mean â€˜[01m[Kdt_ns_[m[Kâ€™?
  341 |                 next_knot_TimeNs += [01;31m[Kdt_ns[m[K; // æ›´æ–°ä¸‹ä¸€ä¸ªèŠ‚ç‚¹æ—¶é—´
      |                                     [01;31m[K^~~~~[m[K
      |                                     [32m[Kdt_ns_[m[K
[01m[K/home/dsh/Documents/work_logs/code/SFUISE/sfuise_ws/src/sfuise/src/SplineFusion.cpp:350:35:[m[K [01;31m[Kerror: [m[Kâ€˜[01m[Kbag_start_time[m[Kâ€™ was not declared in this scope; did you mean â€˜[01m[Kbag_start_time_[m[Kâ€™?
  350 |                 start_time.data = [01;31m[Kbag_start_time[m[K; // è®¾ç½®å¯åŠ¨æ—¶é—´
      |                                   [01;31m[K^~~~~~~~~~~~~~[m[K
      |                                   [32m[Kbag_start_time_[m[K
[01m[K/home/dsh/Documents/work_logs/code/SFUISE/sfuise_ws/src/sfuise/src/SplineFusion.cpp:353:30:[m[K [01;31m[Kerror: [m[Kâ€˜[01m[Kif_anchor_ini[m[Kâ€™ was not declared in this scope; did you mean â€˜[01m[Kif_anchor_ini_[m[Kâ€™?
  353 |             if (param_set && [01;31m[Kif_anchor_ini[m[K) { // å¦‚æœå‚æ•°å·²è®¾ç½®ä¸”é”šç‚¹å·²åˆå§‹åŒ–
      |                              [01;31m[K^~~~~~~~~~~~~[m[K
      |                              [32m[Kif_anchor_ini_[m[K
[01m[K/home/dsh/Documents/work_logs/code/SFUISE/sfuise_ws/src/sfuise/src/SplineFusion.cpp:354:17:[m[K [01;31m[Kerror: [m[Kâ€˜[01m[Kspline_local[m[Kâ€™ was not declared in this scope; did you mean â€˜[01m[Kspline_local_[m[Kâ€™?
  354 |                 [01;31m[Kspline_local[m[K.init(dt_ns, 0, bag_start_time); // åˆå§‹åŒ–æ ·æ¡
      |                 [01;31m[K^~~~~~~~~~~~[m[K
      |                 [32m[Kspline_local_[m[K
[01m[K/home/dsh/Documents/work_logs/code/SFUISE/sfuise_ws/src/sfuise/src/SplineFusion.cpp:354:35:[m[K [01;31m[Kerror: [m[Kâ€˜[01m[Kdt_ns[m[Kâ€™ was not declared in this scope; did you mean â€˜[01m[Kdt_ns_[m[Kâ€™?
  354 |                 spline_local.init([01;31m[Kdt_ns[m[K, 0, bag_start_time); // åˆå§‹åŒ–æ ·æ¡
      |                                   [01;31m[K^~~~~[m[K
      |                                   [32m[Kdt_ns_[m[K
[01m[K/home/dsh/Documents/work_logs/code/SFUISE/sfuise_ws/src/sfuise/src/SplineFusion.cpp:354:45:[m[K [01;31m[Kerror: [m[Kâ€˜[01m[Kbag_start_time[m[Kâ€™ was not declared in this scope; did you mean â€˜[01m[Kbag_start_time_[m[Kâ€™?
  354 |                 spline_local.init(dt_ns, 0, [01;31m[Kbag_start_time[m[K); // åˆå§‹åŒ–æ ·æ¡
      |                                             [01;31m[K^~~~~~~~~~~~~~[m[K
      |                                             [32m[Kbag_start_time_[m[K
[01m[K/home/dsh/Documents/work_logs/code/SFUISE/sfuise_ws/src/sfuise/src/SplineFusion.cpp:355:22:[m[K [01;31m[Kerror: [m[Kâ€˜[01m[Kif_uwb_only[m[Kâ€™ was not declared in this scope; did you mean â€˜[01m[Kif_uwb_only_[m[Kâ€™?
  355 |                 if (![01;31m[Kif_uwb_only[m[K) { // å¦‚æœä¸åªä½¿ç”¨UWB
      |                      [01;31m[K^~~~~~~~~~~[m[K
      |                      [32m[Kif_uwb_only_[m[K
[01m[K/home/dsh/Documents/work_logs/code/SFUISE/sfuise_ws/src/sfuise/src/SplineFusion.cpp:357:36:[m[K [01;31m[Kerror: [m[Kâ€˜[01m[Kimu_buff[m[Kâ€™ was not declared in this scope; did you mean â€˜[01m[Kimu_buff_[m[Kâ€™?
  357 |                     size_t n_imu = [01;31m[Kimu_buff[m[K.size(); // è·å–IMUç¼“å†²åŒºå¤§å°
      |                                    [01;31m[K^~~~~~~~[m[K
      |                                    [32m[Kimu_buff_[m[K
[01m[K/home/dsh/Documents/work_logs/code/SFUISE/sfuise_ws/src/sfuise/src/SplineFusion.cpp:363:21:[m[K [01;31m[Kerror: [m[Kâ€˜[01m[Kcalib_param[m[Kâ€™ was not declared in this scope; did you mean â€˜[01m[Kcalib_param_[m[Kâ€™?
  363 |                     [01;31m[Kcalib_param[m[K.gravity = gravity_ave; // è®¾ç½®æ ¡å‡†é‡åŠ›
      |                     [01;31m[K^~~~~~~~~~~[m[K
      |                     [32m[Kcalib_param_[m[K
[01m[K/home/dsh/Documents/work_logs/code/SFUISE/sfuise_ws/src/sfuise/src/SplineFusion.cpp:365:17:[m[K [01;31m[Kerror: [m[Kâ€˜[01m[Kcalib_param[m[Kâ€™ was not declared in this scope; did you mean â€˜[01m[Kcalib_param_[m[Kâ€™?
  365 |                 [01;31m[Kcalib_param[m[K.q_nav_uwb = param.q_nav_uwb_init; // è®¾ç½®å¯¼èˆªå››å…ƒæ•°
      |                 [01;31m[K^~~~~~~~~~~[m[K
      |                 [32m[Kcalib_param_[m[K
[01m[K/home/dsh/Documents/work_logs/code/SFUISE/sfuise_ws/src/sfuise/src/SplineFusion.cpp:365:41:[m[K [01;31m[Kerror: [m[Kâ€˜[01m[Kparam[m[Kâ€™ was not declared in this scope; did you mean â€˜[01m[Kparam_[m[Kâ€™?
  365 |                 calib_param.q_nav_uwb = [01;31m[Kparam[m[K.q_nav_uwb_init; // è®¾ç½®å¯¼èˆªå››å…ƒæ•°
      |                                         [01;31m[K^~~~~[m[K
      |                                         [32m[Kparam_[m[K
[01m[K/home/dsh/Documents/work_logs/code/SFUISE/sfuise_ws/src/sfuise/src/SplineFusion.cpp:374:21:[m[K [01;31m[Kerror: [m[Kâ€˜[01m[Knext_knot_TimeNs[m[Kâ€™ was not declared in this scope; did you mean â€˜[01m[Knext_knot_time_ns_[m[Kâ€™?
  374 |                     [01;31m[Knext_knot_TimeNs[m[K += dt_ns; // æ›´æ–°ä¸‹ä¸€ä¸ªèŠ‚ç‚¹æ—¶é—´
      |                     [01;31m[K^~~~~~~~~~~~~~~~[m[K
      |                     [32m[Knext_knot_time_ns_[m[K
[01m[K/home/dsh/Documents/work_logs/code/SFUISE/sfuise_ws/src/sfuise/src/SplineFusion.cpp:[m[K In member function â€˜[01m[KEigen::Vector3d SplineFusion::tdoaMultilateration(double) const[m[Kâ€™:
[01m[K/home/dsh/Documents/work_logs/code/SFUISE/sfuise_ws/src/sfuise/src/SplineFusion.cpp:390:35:[m[K [01;31m[Kerror: [m[Kâ€˜[01m[Kparam[m[Kâ€™ was not declared in this scope; did you mean â€˜[01m[Kparam_[m[Kâ€™?
  390 |         Eigen::Vector3d anchor0 = [01;31m[Kparam[m[K.anchor_list.at(0); // è·å–ç¬¬ä¸€ä¸ªé”šç‚¹
      |                                   [01;31m[K^~~~~[m[K
      |                                   [32m[Kparam_[m[K
[01m[K/home/dsh/Documents/work_logs/code/SFUISE/sfuise_ws/src/sfuise/src/SplineFusion.cpp:392:25:[m[K [01;31m[Kerror: [m[Kâ€˜[01m[Ktdoa_buff[m[Kâ€™ was not declared in this scope; did you mean â€˜[01m[Ktdoa_buff_[m[Kâ€™?
  392 |         range.push_back([01;31m[Ktdoa_buff[m[K.at(idx[0]).data); // æ·»åŠ ç¬¬ä¸€ä¸ªèŒƒå›´
      |                         [01;31m[K^~~~~~~~~[m[K
      |                         [32m[Ktdoa_buff_[m[K
[01m[K/home/dsh/Documents/work_logs/code/SFUISE/sfuise_ws/src/sfuise/src/SplineFusion.cpp:406:14:[m[K [01;31m[Kerror: [m[Kâ€˜[01m[Kset_origin[m[Kâ€™ was not declared in this scope; did you mean â€˜[01m[Ksetlogin[m[Kâ€™?
  406 |         if (![01;31m[Kset_origin[m[K) { // å¦‚æœæœªè®¾ç½®åŸç‚¹
      |              [01;31m[K^~~~~~~~~~[m[K
      |              [32m[Ksetlogin[m[K
[01m[K/home/dsh/Documents/work_logs/code/SFUISE/sfuise_ws/src/sfuise/src/SplineFusion.cpp:410:19:[m[K [01;31m[Kerror: [m[Kâ€˜[01m[Kcalib_param[m[Kâ€™ was not declared in this scope; did you mean â€˜[01m[Kcalib_param_[m[Kâ€™?
  410 |             pos = [01;31m[Kcalib_param[m[K.q_nav_uwb.inverse() * (pos - calib_param.t_nav_uwb); // è®¡ç®—æœ€ç»ˆä½ç½®
      |                   [01;31m[K^~~~~~~~~~~[m[K
      |                   [32m[Kcalib_param_[m[K
[01m[K/home/dsh/Documents/work_logs/code/SFUISE/sfuise_ws/src/sfuise/src/SplineFusion.cpp:[m[K In member function â€˜[01m[Kvoid SplineFusion::findClosestNWithOrderedID(double, int, size_t*) const[m[Kâ€™:
[01m[K/home/dsh/Documents/work_logs/code/SFUISE/sfuise_ws/src/sfuise/src/SplineFusion.cpp:418:24:[m[K [01;31m[Kerror: [m[Kâ€˜[01m[Ktdoa_buff[m[Kâ€™ was not declared in this scope; did you mean â€˜[01m[Ktdoa_buff_[m[Kâ€™?
  418 |         for (auto it = [01;31m[Ktdoa_buff[m[K.begin(); it != tdoa_buff.end(); it++) { // éå†TDOAç¼“å†²åŒº
      |                        [01;31m[K^~~~~~~~~[m[K
      |                        [32m[Ktdoa_buff_[m[K
[01m[K/home/dsh/Documents/work_logs/code/SFUISE/sfuise_ws/src/sfuise/src/SplineFusion.cpp:[m[K In member function â€˜[01m[Kbool SplineFusion::optimization()[m[Kâ€™:
[01m[K/home/dsh/Documents/work_logs/code/SFUISE/sfuise_ws/src/sfuise/src/SplineFusion.cpp:443:13:[m[K [01;31m[Kerror: [m[Kâ€˜[01m[Kspline_local[m[Kâ€™ was not declared in this scope; did you mean â€˜[01m[Kspline_local_[m[Kâ€™?
  443 |         if ([01;31m[Kspline_local[m[K.numKnots() < 2) return false; // å¦‚æœæ ·æ¡èŠ‚ç‚¹æ•°å°äº2ï¼Œè¿”å›å¤±è´¥
      |             [01;31m[K^~~~~~~~~~~~[m[K
      |             [32m[Kspline_local_[m[K
[01m[K/home/dsh/Documents/work_logs/code/SFUISE/sfuise_ws/src/sfuise/src/SplineFusion.cpp:445:13:[m[K [01;31m[Kerror: [m[Kâ€˜[01m[Kparam[m[Kâ€™ was not declared in this scope; did you mean â€˜[01m[Kparam_[m[Kâ€™?
  445 |         if ([01;31m[Kparam[m[K.if_reject_uwb) { // å¦‚æœéœ€è¦æ‹’ç»UWB
      |             [01;31m[K^~~~~[m[K
      |             [32m[Kparam_[m[K
[01m[K/home/dsh/Documents/work_logs/code/SFUISE/sfuise_ws/src/sfuise/src/SplineFusion.cpp:446:17:[m[K [01;31m[Kerror: [m[Kâ€˜[01m[Ksolver_flag[m[Kâ€™ was not declared in this scope; did you mean â€˜[01m[Ksolver_flag_[m[Kâ€™?
  446 |             if ([01;31m[Ksolver_flag[m[K == INITIAL && spline_local.numKnots() < int(param.reject_uwb_window_width * window_size))
      |                 [01;31m[K^~~~~~~~~~~[m[K
      |                 [32m[Ksolver_flag_[m[K
[01m[K/home/dsh/Documents/work_logs/code/SFUISE/sfuise_ws/src/sfuise/src/SplineFusion.cpp:446:32:[m[K [01;31m[Kerror: [m[Kâ€˜[01m[KINITIAL[m[Kâ€™ was not declared in this scope
  446 |             if (solver_flag == [01;31m[KINITIAL[m[K && spline_local.numKnots() < int(param.reject_uwb_window_width * window_size))
      |                                [01;31m[K^~~~~~~[m[K
[01m[K/home/dsh/Documents/work_logs/code/SFUISE/sfuise_ws/src/sfuise/src/SplineFusion.cpp:446:43:[m[K [01;31m[Kerror: [m[Kâ€˜[01m[Kspline_local[m[Kâ€™ was not declared in this scope; did you mean â€˜[01m[Kspline_local_[m[Kâ€™?
  446 |             if (solver_flag == INITIAL && [01;31m[Kspline_local[m[K.numKnots() < int(param.reject_uwb_window_width * window_size))
      |                                           [01;31m[K^~~~~~~~~~~~[m[K
      |                                           [32m[Kspline_local_[m[K
[01m[K/home/dsh/Documents/work_logs/code/SFUISE/sfuise_ws/src/sfuise/src/SplineFusion.cpp:446:105:[m[K [01;31m[Kerror: [m[Kâ€˜[01m[Kwindow_size[m[Kâ€™ was not declared in this scope; did you mean â€˜[01m[Kwindow_size_[m[Kâ€™?
  446 |             if (solver_flag == INITIAL && spline_local.numKnots() < int(param.reject_uwb_window_width * [01;31m[Kwindow_size[m[K))
      |                                                                                                         [01;31m[K^~~~~~~~~~~[m[K
      |                                                                                                         [32m[Kwindow_size_[m[K
[01m[K/home/dsh/Documents/work_logs/code/SFUISE/sfuise_ws/src/sfuise/src/SplineFusion.cpp:454:18:[m[K [01;31m[Kerror: [m[Kâ€˜[01m[Kwindow_count[m[Kâ€™ was not declared in this scope; did you mean â€˜[01m[Kwindow_count_[m[Kâ€™?
  454 |         if ((int)[01;31m[Kwindow_count[m[K >= n_window_calib) { // å¦‚æœçª—å£è®¡æ•°è¾¾åˆ°æ ¡å‡†çª—å£æ•°
      |                  [01;31m[K^~~~~~~~~~~~[m[K
      |                  [32m[Kwindow_count_[m[K
[01m[K/home/dsh/Documents/work_logs/code/SFUISE/sfuise_ws/src/sfuise/src/SplineFusion.cpp:454:34:[m[K [01;31m[Kerror: [m[Kâ€˜[01m[Kn_window_calib[m[Kâ€™ was not declared in this scope; did you mean â€˜[01m[Kn_window_calib_[m[Kâ€™?
  454 |         if ((int)window_count >= [01;31m[Kn_window_calib[m[K) { // å¦‚æœçª—å£è®¡æ•°è¾¾åˆ°æ ¡å‡†çª—å£æ•°
      |                                  [01;31m[K^~~~~~~~~~~~~~[m[K
      |                                  [32m[Kn_window_calib_[m[K
[01m[K/home/dsh/Documents/work_logs/code/SFUISE/sfuise_ws/src/sfuise/src/SplineFusion.cpp:455:13:[m[K [01;31m[Kerror: [m[Kâ€˜[01m[Kparam[m[Kâ€™ was not declared in this scope; did you mean â€˜[01m[Kparam_[m[Kâ€™?
  455 |             [01;31m[Kparam[m[K.if_opt_g = false; // ä¸ä¼˜åŒ–é‡åŠ›
      |             [01;31m[K^~~~~[m[K
      |             [32m[Kparam_[m[K
[01m[K/home/dsh/Documents/work_logs/code/SFUISE/sfuise_ws/src/sfuise/src/SplineFusion.cpp:459:14:[m[K [01;31m[Kerror: [m[Kâ€˜[01m[Kif_uwb_only[m[Kâ€™ was not declared in this scope; did you mean â€˜[01m[Kif_uwb_only_[m[Kâ€™?
  459 |         if (![01;31m[Kif_uwb_only[m[K) updateMeasurements(imu_window, imu_buff); // æ›´æ–°IMUæµ‹é‡
      |              [01;31m[K^~~~~~~~~~~[m[K
      |              [32m[Kif_uwb_only_[m[K
[01m[K/home/dsh/Documents/work_logs/code/SFUISE/sfuise_ws/src/sfuise/src/SplineFusion.cpp:459:46:[m[K [01;31m[Kerror: [m[Kâ€˜[01m[Kimu_window[m[Kâ€™ was not declared in this scope; did you mean â€˜[01m[Kimu_window_[m[Kâ€™?
  459 |         if (!if_uwb_only) updateMeasurements([01;31m[Kimu_window[m[K, imu_buff); // æ›´æ–°IMUæµ‹é‡
      |                                              [01;31m[K^~~~~~~~~~[m[K
      |                                              [32m[Kimu_window_[m[K
[01m[K/home/dsh/Documents/work_logs/code/SFUISE/sfuise_ws/src/sfuise/src/SplineFusion.cpp:459:58:[m[K [01;31m[Kerror: [m[Kâ€˜[01m[Kimu_buff[m[Kâ€™ was not declared in this scope; did you mean â€˜[01m[Kimu_buff_[m[Kâ€™?
  459 |         if (!if_uwb_only) updateMeasurements(imu_window, [01;31m[Kimu_buff[m[K); // æ›´æ–°IMUæµ‹é‡
      |                                                          [01;31m[K^~~~~~~~[m[K
      |                                                          [32m[Kimu_buff_[m[K
[01m[K/home/dsh/Documents/work_logs/code/SFUISE/sfuise_ws/src/sfuise/src/SplineFusion.cpp:460:13:[m[K [01;31m[Kerror: [m[Kâ€˜[01m[Kif_tdoa[m[Kâ€™ was not declared in this scope; did you mean â€˜[01m[Kif_tdoa_[m[Kâ€™?
  460 |         if ([01;31m[Kif_tdoa[m[K) {
      |             [01;31m[K^~~~~~~[m[K
      |             [32m[Kif_tdoa_[m[K
[01m[K/home/dsh/Documents/work_logs/code/SFUISE/sfuise_ws/src/sfuise/src/SplineFusion.cpp:461:32:[m[K [01;31m[Kerror: [m[Kâ€˜[01m[Ktdoa_window[m[Kâ€™ was not declared in this scope; did you mean â€˜[01m[Ktdoa_window_[m[Kâ€™?
  461 |             updateMeasurements([01;31m[Ktdoa_window[m[K, tdoa_buff); // æ›´æ–°TDOAæµ‹é‡
      |                                [01;31m[K^~~~~~~~~~~[m[K
      |                                [32m[Ktdoa_window_[m[K
[01m[K/home/dsh/Documents/work_logs/code/SFUISE/sfuise_ws/src/sfuise/src/SplineFusion.cpp:461:45:[m[K [01;31m[Kerror: [m[Kâ€˜[01m[Ktdoa_buff[m[Kâ€™ was not declared in this scope; did you mean â€˜[01m[Ktdoa_buff_[m[Kâ€™?
  461 |             updateMeasurements(tdoa_window, [01;31m[Ktdoa_buff[m[K); // æ›´æ–°TDOAæµ‹é‡
      |                                             [01;31m[K^~~~~~~~~[m[K
      |                                             [32m[Ktdoa_buff_[m[K
[01m[K/home/dsh/Documents/work_logs/code/SFUISE/sfuise_ws/src/sfuise/src/SplineFusion.cpp:463:32:[m[K [01;31m[Kerror: [m[Kâ€˜[01m[Ktoa_window[m[Kâ€™ was not declared in this scope; did you mean â€˜[01m[Ktoa_window_[m[Kâ€™?
  463 |             updateMeasurements([01;31m[Ktoa_window[m[K, toa_buff); // æ›´æ–°TOAæµ‹é‡
      |                                [01;31m[K^~~~~~~~~~[m[K
      |                                [32m[Ktoa_window_[m[K
[01m[K/home/dsh/Documents/work_logs/code/SFUISE/sfuise_ws/src/sfuise/src/SplineFusion.cpp:463:44:[m[K [01;31m[Kerror: [m[Kâ€˜[01m[Ktoa_buff[m[Kâ€™ was not declared in this scope; did you mean â€˜[01m[Ktoa_buff_[m[Kâ€™?
  463 |             updateMeasurements(toa_window, [01;31m[Ktoa_buff[m[K); // æ›´æ–°TOAæµ‹é‡
      |                                            [01;31m[K^~~~~~~~[m[K
      |                                            [32m[Ktoa_buff_[m[K
[01m[K/home/dsh/Documents/work_logs/code/SFUISE/sfuise_ws/src/sfuise/src/SplineFusion.cpp:468:9:[m[K [01;31m[Kerror: [m[Kâ€˜[01m[Kpose_fixed[m[Kâ€™ was not declared in this scope; did you mean â€˜[01m[Kpose_fixed_[m[Kâ€™?
  468 |         [01;31m[Kpose_fixed[m[K = false; // ä½å§¿å›ºå®šæ ‡å¿—
      |         [01;31m[K^~~~~~~~~~[m[K
      |         [32m[Kpose_fixed_[m[K
[01m[K/home/dsh/Documents/work_logs/code/SFUISE/sfuise_ws/src/sfuise/src/SplineFusion.cpp:470:13:[m[K [01;31m[Kerror: [m[Kâ€˜[01m[Ksolver_flag[m[Kâ€™ was not declared in this scope; did you mean â€˜[01m[Ksolver_flag_[m[Kâ€™?
  470 |         if ([01;31m[Ksolver_flag[m[K == INITIAL) {
      |             [01;31m[K^~~~~~~~~~~[m[K
      |             [32m[Ksolver_flag_[m[K
[01m[K/home/dsh/Documents/work_logs/code/SFUISE/sfuise_ws/src/sfuise/src/SplineFusion.cpp:470:28:[m[K [01;31m[Kerror: [m[Kâ€˜[01m[KINITIAL[m[Kâ€™ was not declared in this scope
  470 |         if (solver_flag == [01;31m[KINITIAL[m[K) {
      |                            [01;31m[K^~~~~~~[m[K
[01m[K/home/dsh/Documents/work_logs/code/SFUISE/sfuise_ws/src/sfuise/src/SplineFusion.cpp:473:9:[m[K [01;31m[Kerror: [m[Kâ€˜[01m[Klambda[m[Kâ€™ was not declared in this scope; did you mean â€˜[01m[Kboost::mpl::lambda[m[Kâ€™?
  473 |         [01;31m[Klambda[m[K = 1e-6; // åˆå§‹åŒ–æ­¥é•¿
      |         [01;31m[K^~~~~~[m[K
      |         [32m[Kboost::mpl::lambda[m[K
In file included from [01m[K/usr/include/boost/mpl/aux_/na_spec.hpp:18[m[K,
                 from [01m[K/usr/include/boost/mpl/if.hpp:19[m[K,
                 from [01m[K/usr/include/boost/math/tools/precision.hpp:18[m[K,
                 from [01m[K/usr/include/boost/math/special_functions/sinc.hpp:19[m[K,
                 from [01m[K/home/dsh/Documents/work_logs/code/SFUISE/sfuise_ws/src/sfuise/src/../include/utils/math_tools.h:5[m[K,
                 from [01m[K/home/dsh/Documents/work_logs/code/SFUISE/sfuise_ws/src/sfuise/src/../include/Linearizer.h:4[m[K,
                 from [01m[K/home/dsh/Documents/work_logs/code/SFUISE/sfuise_ws/src/sfuise/src/SplineFusion.cpp:2[m[K:
[01m[K/usr/include/boost/mpl/lambda_fwd.hpp:36:8:[m[K [01;36m[Knote: [m[Kâ€˜[01m[Kboost::mpl::lambda[m[Kâ€™ declared here
   36 | struct [01;36m[Klambda[m[K;
      |        [01;36m[K^~~~~~[m[K
[01m[K/home/dsh/Documents/work_logs/code/SFUISE/sfuise_ws/src/sfuise/src/SplineFusion.cpp:474:9:[m[K [01;31m[Kerror: [m[Kâ€˜[01m[Klambda_vee[m[Kâ€™ was not declared in this scope; did you mean â€˜[01m[Klambda_vee_[m[Kâ€™?
  474 |         [01;31m[Klambda_vee[m[K = 2; // åˆå§‹åŒ–æ­¥é•¿å€å¢å› å­
      |         [01;31m[K^~~~~~~~~~[m[K
      |         [32m[Klambda_vee_[m[K
[01m[K/home/dsh/Documents/work_logs/code/SFUISE/sfuise_ws/src/sfuise/src/SplineFusion.cpp:477:41:[m[K [01;31m[Kerror: [m[Kâ€˜[01m[Kmax_iter[m[Kâ€™ was not declared in this scope; did you mean â€˜[01m[Kmax_iter_[m[Kâ€™?
  477 |         while (!converged && opt_iter < [01;31m[Kmax_iter[m[K) { // è¿­ä»£ä¼˜åŒ–
      |                                         [01;31m[K^~~~~~~~[m[K
      |                                         [32m[Kmax_iter_[m[K
[01m[K/home/dsh/Documents/work_logs/code/SFUISE/sfuise_ws/src/sfuise/src/SplineFusion.cpp:[m[K In member function â€˜[01m[Kbool SplineFusion::setParameters()[m[Kâ€™:
[01m[K/home/dsh/Documents/work_logs/code/SFUISE/sfuise_ws/src/sfuise/src/SplineFusion.cpp:487:13:[m[K [01;31m[Kerror: [m[Kâ€˜[01m[Kimu_buff[m[Kâ€™ was not declared in this scope; did you mean â€˜[01m[Kimu_buff_[m[Kâ€™?
  487 |         if ([01;31m[Kimu_buff[m[K.empty() && !if_uwb_only) return false; // å¦‚æœIMUç¼“å†²åŒºä¸ºç©ºä¸”ä¸åªä½¿ç”¨UWBï¼Œè¿”å›å¤±è´¥
      |             [01;31m[K^~~~~~~~[m[K
      |             [32m[Kimu_buff_[m[K
[01m[K/home/dsh/Documents/work_logs/code/SFUISE/sfuise_ws/src/sfuise/src/SplineFusion.cpp:487:34:[m[K [01;31m[Kerror: [m[Kâ€˜[01m[Kif_uwb_only[m[Kâ€™ was not declared in this scope; did you mean â€˜[01m[Kif_uwb_only_[m[Kâ€™?
  487 |         if (imu_buff.empty() && ![01;31m[Kif_uwb_only[m[K) return false; // å¦‚æœIMUç¼“å†²åŒºä¸ºç©ºä¸”ä¸åªä½¿ç”¨UWBï¼Œè¿”å›å¤±è´¥
      |                                  [01;31m[K^~~~~~~~~~~[m[K
      |                                  [32m[Kif_uwb_only_[m[K
[01m[K/home/dsh/Documents/work_logs/code/SFUISE/sfuise_ws/src/sfuise/src/SplineFusion.cpp:488:13:[m[K [01;31m[Kerror: [m[Kâ€˜[01m[Kimu_buff[m[Kâ€™ was not declared in this scope; did you mean â€˜[01m[Kimu_buff_[m[Kâ€™?
  488 |         if ([01;31m[Kimu_buff[m[K.empty() && toa_buff.empty() && tdoa_buff.empty()) { // å¦‚æœæ‰€æœ‰ç¼“å†²åŒºéƒ½ä¸ºç©º
      |             [01;31m[K^~~~~~~~[m[K
      |             [32m[Kimu_buff_[m[K
[01m[K/home/dsh/Documents/work_logs/code/SFUISE/sfuise_ws/src/sfuise/src/SplineFusion.cpp:488:33:[m[K [01;31m[Kerror: [m[Kâ€˜[01m[Ktoa_buff[m[Kâ€™ was not declared in this scope; did you mean â€˜[01m[Ktoa_buff_[m[Kâ€™?
  488 |         if (imu_buff.empty() && [01;31m[Ktoa_buff[m[K.empty() && tdoa_buff.empty()) { // å¦‚æœæ‰€æœ‰ç¼“å†²åŒºéƒ½ä¸ºç©º
      |                                 [01;31m[K^~~~~~~~[m[K
      |                                 [32m[Ktoa_buff_[m[K
[01m[K/home/dsh/Documents/work_logs/code/SFUISE/sfuise_ws/src/sfuise/src/SplineFusion.cpp:488:53:[m[K [01;31m[Kerror: [m[Kâ€˜[01m[Ktdoa_buff[m[Kâ€™ was not declared in this scope; did you mean â€˜[01m[Ktdoa_buff_[m[Kâ€™?
  488 |         if (imu_buff.empty() && toa_buff.empty() && [01;31m[Ktdoa_buff[m[K.empty()) { // å¦‚æœæ‰€æœ‰ç¼“å†²åŒºéƒ½ä¸ºç©º
      |                                                     [01;31m[K^~~~~~~~~[m[K
      |                                                     [32m[Ktdoa_buff_[m[K
[01m[K/home/dsh/Documents/work_logs/code/SFUISE/sfuise_ws/src/sfuise/src/SplineFusion.cpp:492:17:[m[K [01;31m[Kerror: [m[Kâ€˜[01m[Kbag_start_time[m[Kâ€™ was not declared in this scope; did you mean â€˜[01m[Kbag_start_time_[m[Kâ€™?
  492 |                 [01;31m[Kbag_start_time[m[K += imu_buff.front().time_ns; // æ›´æ–°è¡Œæå¼€å§‹æ—¶é—´
      |                 [01;31m[K^~~~~~~~~~~~~~[m[K
      |                 [32m[Kbag_start_time_[m[K
[01m[K/home/dsh/Documents/work_logs/code/SFUISE/sfuise_ws/src/sfuise/src/SplineFusion.cpp:494:17:[m[K [01;31m[Kerror: [m[Kâ€˜[01m[Kbag_start_time[m[Kâ€™ was not declared in this scope; did you mean â€˜[01m[Kbag_start_time_[m[Kâ€™?
  494 |                 [01;31m[Kbag_start_time[m[K += toa_buff.front().time_ns; // æ›´æ–°è¡Œæå¼€å§‹æ—¶é—´
      |                 [01;31m[K^~~~~~~~~~~~~~[m[K
      |                 [32m[Kbag_start_time_[m[K
[01m[K/home/dsh/Documents/work_logs/code/SFUISE/sfuise_ws/src/sfuise/src/SplineFusion.cpp:496:17:[m[K [01;31m[Kerror: [m[Kâ€˜[01m[Kbag_start_time[m[Kâ€™ was not declared in this scope; did you mean â€˜[01m[Kbag_start_time_[m[Kâ€™?
  496 |                 [01;31m[Kbag_start_time[m[K += tdoa_buff.front().time_ns; // æ›´æ–°è¡Œæå¼€å§‹æ—¶é—´
      |                 [01;31m[K^~~~~~~~~~~~~~[m[K
      |                 [32m[Kbag_start_time_[m[K
[01m[K/home/dsh/Documents/work_logs/code/SFUISE/sfuise_ws/src/sfuise/src/SplineFusion.cpp:499:9:[m[K [01;31m[Kerror: [m[Kâ€˜[01m[Knext_knot_TimeNs[m[Kâ€™ was not declared in this scope; did you mean â€˜[01m[Knext_knot_time_ns_[m[Kâ€™?
  499 |         [01;31m[Knext_knot_TimeNs[m[K = bag_start_time; // è®¾ç½®ä¸‹ä¸€ä¸ªèŠ‚ç‚¹æ—¶é—´
      |         [01;31m[K^~~~~~~~~~~~~~~~[m[K
      |         [32m[Knext_knot_time_ns_[m[K
[01m[K/home/dsh/Documents/work_logs/code/SFUISE/sfuise_ws/src/sfuise/src/SplineFusion.cpp:499:28:[m[K [01;31m[Kerror: [m[Kâ€˜[01m[Kbag_start_time[m[Kâ€™ was not declared in this scope; did you mean â€˜[01m[Kbag_start_time_[m[Kâ€™?
  499 |         next_knot_TimeNs = [01;31m[Kbag_start_time[m[K; // è®¾ç½®ä¸‹ä¸€ä¸ªèŠ‚ç‚¹æ—¶é—´
      |                            [01;31m[K^~~~~~~~~~~~~~[m[K
      |                            [32m[Kbag_start_time_[m[K
[01m[K/home/dsh/Documents/work_logs/code/SFUISE/sfuise_ws/src/sfuise/src/SplineFusion.cpp:[m[K In member function â€˜[01m[Kvoid SplineFusion::integrateStep(int64_t, int64_t, const ImuData&, Eigen::Matrix3d&, Eigen::Vector3d&, Eigen::Vector3d&)[m[Kâ€™:
[01m[K/home/dsh/Documents/work_logs/code/SFUISE/sfuise_ws/src/sfuise/src/SplineFusion.cpp:517:29:[m[K [01;31m[Kerror: [m[Kâ€˜[01m[Kcalib_param[m[Kâ€™ was not declared in this scope; did you mean â€˜[01m[Kcalib_param_[m[Kâ€™?
  517 |         Eigen::Vector3d g = [01;31m[Kcalib_param[m[K.gravity; // è·å–é‡åŠ›
      |                             [01;31m[K^~~~~~~~~~~[m[K
      |                             [32m[Kcalib_param_[m[K
[01m[K/home/dsh/Documents/work_logs/code/SFUISE/sfuise_ws/src/sfuise/src/SplineFusion.cpp:520:44:[m[K [01;31m[Kerror: [m[Kâ€˜[01m[Kspline_local[m[Kâ€™ was not declared in this scope; did you mean â€˜[01m[Kspline_local_[m[Kâ€™?
  520 |         Eigen::Matrix<double, 6, 1> bias = [01;31m[Kspline_local[m[K.itpBias(prevTime); // è·å–åå·®
      |                                            [01;31m[K^~~~~~~~~~~~[m[K
      |                                            [32m[Kspline_local_[m[K
[01m[K/home/dsh/Documents/work_logs/code/SFUISE/sfuise_ws/src/sfuise/src/SplineFusion.cpp:[m[K In member function â€˜[01m[Kvoid SplineFusion::integration(int64_t, Eigen::Quaterniond&, Eigen::Vector3d&)[m[Kâ€™:
[01m[K/home/dsh/Documents/work_logs/code/SFUISE/sfuise_ws/src/sfuise/src/SplineFusion.cpp:542:24:[m[K [01;31m[Kerror: [m[Kâ€˜[01m[Klast_imu_t_ns[m[Kâ€™ was not declared in this scope; did you mean â€˜[01m[Klast_imu_t_ns_[m[Kâ€™?
  542 |         getIMUInterval([01;31m[Klast_imu_t_ns[m[K, curTime, imu_vec); // è·å–IMUæ—¶é—´åŒºé—´æ•°æ®
      |                        [01;31m[K^~~~~~~~~~~~~[m[K
      |                        [32m[Klast_imu_t_ns_[m[K
[01m[K/home/dsh/Documents/work_logs/code/SFUISE/sfuise_ws/src/sfuise/src/SplineFusion.cpp:546:13:[m[K [01;31m[Kerror: [m[Kâ€˜[01m[Kspline_local[m[Kâ€™ was not declared in this scope; did you mean â€˜[01m[Kspline_local_[m[Kâ€™?
  546 |             [01;31m[Kspline_local[m[K.itpQuaternion(last_imu_t_ns, &qs0); // è·å–æ’å€¼å››å…ƒæ•°
      |             [01;31m[K^~~~~~~~~~~~[m[K
      |             [32m[Kspline_local_[m[K
[01m[K/home/dsh/Documents/work_logs/code/SFUISE/sfuise_ws/src/sfuise/src/SplineFusion.cpp:564:18:[m[K [01;31m[Kerror: [m[Kâ€˜[01m[Kspline_local[m[Kâ€™ was not declared in this scope; did you mean â€˜[01m[Kspline_local_[m[Kâ€™?
  564 |             qs = [01;31m[Kspline_local[m[K.extrapolateOrtKnot(1); // å¤–æ¨å››å…ƒæ•°
      |                  [01;31m[K^~~~~~~~~~~~[m[K
      |                  [32m[Kspline_local_[m[K
[01m[K/home/dsh/Documents/work_logs/code/SFUISE/sfuise_ws/src/sfuise/src/SplineFusion.cpp:[m[K In member function â€˜[01m[Kbool SplineFusion::getIMUInterval(int64_t, int64_t, std::vector<ImuData>&)[m[Kâ€™:
[01m[K/home/dsh/Documents/work_logs/code/SFUISE/sfuise_ws/src/sfuise/src/SplineFusion.cpp:571:13:[m[K [01;31m[Kerror: [m[Kâ€˜[01m[Kimu_buff[m[Kâ€™ was not declared in this scope; did you mean â€˜[01m[Kimu_buff_[m[Kâ€™?
  571 |         if ([01;31m[Kimu_buff[m[K.empty()) { // å¦‚æœIMUç¼“å†²åŒºä¸ºç©º
      |             [01;31m[K^~~~~~~~[m[K
      |             [32m[Kimu_buff_[m[K
In file included from [01m[K/opt/ros/humble/include/rclcpp/rclcpp/client.hpp:40[m[K,
                 from [01m[K/opt/ros/humble/include/rclcpp/rclcpp/callback_group.hpp:24[m[K,
                 from [01m[K/opt/ros/humble/include/rclcpp/rclcpp/any_executable.hpp:20[m[K,
                 from [01m[K/opt/ros/humble/include/rclcpp/rclcpp/memory_strategy.hpp:25[m[K,
                 from [01m[K/opt/ros/humble/include/rclcpp/rclcpp/memory_strategies.hpp:18[m[K,
                 from [01m[K/opt/ros/humble/include/rclcpp/rclcpp/executor_options.hpp:20[m[K,
                 from [01m[K/opt/ros/humble/include/rclcpp/rclcpp/executor.hpp:37[m[K,
                 from [01m[K/opt/ros/humble/include/rclcpp/rclcpp/executors/multi_threaded_executor.hpp:25[m[K,
                 from [01m[K/opt/ros/humble/include/rclcpp/rclcpp/executors.hpp:21[m[K,
                 from [01m[K/opt/ros/humble/include/rclcpp/rclcpp/rclcpp.hpp:155[m[K,
                 from [01m[K/home/dsh/Documents/work_logs/code/SFUISE/sfuise_ws/src/sfuise/src/SplineFusion.cpp:1[m[K:
[01m[K/home/dsh/Documents/work_logs/code/SFUISE/sfuise_ws/src/sfuise/src/SplineFusion.cpp:572:32:[m[K [01;31m[Kerror: [m[Kâ€˜[01m[Kclass SplineFusion[m[Kâ€™ has no member named â€˜[01m[Kget_logger[m[Kâ€™
  572 |             RCLCPP_ERROR(this->[01;31m[Kget_logger[m[K(), "No IMU available."); // è¾“å‡ºé”™è¯¯ä¿¡æ¯
      |                                [01;31m[K^~~~~~~~~~[m[K
[01m[K/home/dsh/Documents/work_logs/code/SFUISE/sfuise_ws/src/sfuise/src/SplineFusion.cpp:572:32:[m[K [01;31m[Kerror: [m[Kâ€˜[01m[Kclass SplineFusion[m[Kâ€™ has no member named â€˜[01m[Kget_logger[m[Kâ€™
[01m[K/home/dsh/Documents/work_logs/code/SFUISE/sfuise_ws/src/sfuise/src/SplineFusion.cpp:572:13:[m[K [01;31m[Kerror: [m[Ktemplate argument 1 is invalid
  572 |             [01;31m[KRCLCPP_ERROR[m[K(this->get_logger(), "No IMU available."); // è¾“å‡ºé”™è¯¯ä¿¡æ¯
      |             [01;31m[K^~~~~~~~~~~~[m[K
[01m[K/home/dsh/Documents/work_logs/code/SFUISE/sfuise_ws/src/sfuise/src/SplineFusion.cpp:572:13:[m[K [01;31m[Kerror: [m[Ktemplate argument 1 is invalid
  572 |             [01;31m[KRCLCPP_ERROR[m[K(this->get_logger(), "No IMU available."); // è¾“å‡ºé”™è¯¯ä¿¡æ¯
      |             [01;31m[K^~~~~~~~~~~~[m[K
[01m[K/home/dsh/Documents/work_logs/code/SFUISE/sfuise_ws/src/sfuise/src/SplineFusion.cpp:572:13:[m[K [01;31m[Kerror: [m[Ktemplate argument 1 is invalid
  572 |             [01;31m[KRCLCPP_ERROR[m[K(this->get_logger(), "No IMU available."); // è¾“å‡ºé”™è¯¯ä¿¡æ¯
      |             [01;31m[K^~~~~~~~~~~~[m[K
In file included from [01m[K/opt/ros/humble/include/rclcpp/rclcpp/logging.hpp:24[m[K,
                 from [01m[K/opt/ros/humble/include/rclcpp/rclcpp/client.hpp:40[m[K,
                 from [01m[K/opt/ros/humble/include/rclcpp/rclcpp/callback_group.hpp:24[m[K,
                 from [01m[K/opt/ros/humble/include/rclcpp/rclcpp/any_executable.hpp:20[m[K,
                 from [01m[K/opt/ros/humble/include/rclcpp/rclcpp/memory_strategy.hpp:25[m[K,
                 from [01m[K/opt/ros/humble/include/rclcpp/rclcpp/memory_strategies.hpp:18[m[K,
                 from [01m[K/opt/ros/humble/include/rclcpp/rclcpp/executor_options.hpp:20[m[K,
                 from [01m[K/opt/ros/humble/include/rclcpp/rclcpp/executor.hpp:37[m[K,
                 from [01m[K/opt/ros/humble/include/rclcpp/rclcpp/executors/multi_threaded_executor.hpp:25[m[K,
                 from [01m[K/opt/ros/humble/include/rclcpp/rclcpp/executors.hpp:21[m[K,
                 from [01m[K/opt/ros/humble/include/rclcpp/rclcpp/rclcpp.hpp:155[m[K,
                 from [01m[K/home/dsh/Documents/work_logs/code/SFUISE/sfuise_ws/src/sfuise/src/SplineFusion.cpp:1[m[K:
[01m[K/home/dsh/Documents/work_logs/code/SFUISE/sfuise_ws/src/sfuise/src/SplineFusion.cpp:572:32:[m[K [01;31m[Kerror: [m[Kâ€˜[01m[Kclass SplineFusion[m[Kâ€™ has no member named â€˜[01m[Kget_logger[m[Kâ€™
  572 |             RCLCPP_ERROR(this->[01;31m[Kget_logger[m[K(), "No IMU available."); // è¾“å‡ºé”™è¯¯ä¿¡æ¯
      |                                [01;31m[K^~~~~~~~~~[m[K
[01m[K/home/dsh/Documents/work_logs/code/SFUISE/sfuise_ws/src/sfuise/src/SplineFusion.cpp:572:32:[m[K [01;31m[Kerror: [m[Kâ€˜[01m[Kclass SplineFusion[m[Kâ€™ has no member named â€˜[01m[Kget_logger[m[Kâ€™
  572 |             RCLCPP_ERROR(this->[01;31m[Kget_logger[m[K(), "No IMU available."); // è¾“å‡ºé”™è¯¯ä¿¡æ¯
      |                                [01;31m[K^~~~~~~~~~[m[K
[01m[K/home/dsh/Documents/work_logs/code/SFUISE/sfuise_ws/src/sfuise/src/SplineFusion.cpp:576:16:[m[K [01;31m[Kerror: [m[Kâ€˜[01m[Kimu_buff[m[Kâ€™ was not declared in this scope; did you mean â€˜[01m[Kimu_buff_[m[Kâ€™?
  576 |         while ([01;31m[Kimu_buff[m[K.at(idx).time_ns <= std::min(imu_buff.back().time_ns, t1)) { // éå†IMUç¼“å†²åŒº
      |                [01;31m[K^~~~~~~~[m[K
      |                [32m[Kimu_buff_[m[K
[01m[K/home/dsh/Documents/work_logs/code/SFUISE/sfuise_ws/src/sfuise/src/SplineFusion.cpp:[m[K In member function â€˜[01m[Kvoid SplineFusion::displayControlPoints()[m[Kâ€™:
[01m[K/home/dsh/Documents/work_logs/code/SFUISE/sfuise_ws/src/sfuise/src/SplineFusion.cpp:589:50:[m[K [01;31m[Kerror: [m[Kâ€˜[01m[Kclass SplineFusion[m[Kâ€™ has no member named â€˜[01m[Know[m[Kâ€™
  589 |         points_inactive_msg.header.stamp = this->[01;31m[Know[m[K(); // è®¾ç½®æ—¶é—´æˆ³
      |                                                  [01;31m[K^~~[m[K
[01m[K/home/dsh/Documents/work_logs/code/SFUISE/sfuise_ws/src/sfuise/src/SplineFusion.cpp:590:58:[m[K [01;31m[Kerror: [m[Kâ€˜[01m[Kspline_local[m[Kâ€™ was not declared in this scope; did you mean â€˜[01m[Kspline_local_[m[Kâ€™?
  590 |         points_inactive_msg.points.push_back(getPointMsg([01;31m[Kspline_local[m[K.getIdlePos(0))); // æ·»åŠ ç¬¬ä¸€ä¸ªéæ´»åŠ¨æ§åˆ¶ç‚¹
      |                                                          [01;31m[K^~~~~~~~~~~~[m[K
      |                                                          [32m[Kspline_local_[m[K
[01m[K/home/dsh/Documents/work_logs/code/SFUISE/sfuise_ws/src/sfuise/src/SplineFusion.cpp:597:48:[m[K [01;31m[Kerror: [m[Kâ€˜[01m[Kclass SplineFusion[m[Kâ€™ has no member named â€˜[01m[Know[m[Kâ€™
  597 |         points_active_msg.header.stamp = this->[01;31m[Know[m[K(); // è®¾ç½®æ—¶é—´æˆ³
      |                                                [01;31m[K^~~[m[K
[01m[K/home/dsh/Documents/work_logs/code/SFUISE/sfuise_ws/src/sfuise/src/SplineFusion.cpp:603:9:[m[K [01;31m[Kerror: [m[Kâ€˜[01m[Kpub_knots_inactive[m[Kâ€™ was not declared in this scope; did you mean â€˜[01m[Kpub_knots_inactive_[m[Kâ€™?
  603 |         [01;31m[Kpub_knots_inactive[m[K->publish(points_inactive_msg);
      |         [01;31m[K^~~~~~~~~~~~~~~~~~[m[K
      |         [32m[Kpub_knots_inactive_[m[K
[01m[K/home/dsh/Documents/work_logs/code/SFUISE/sfuise_ws/src/sfuise/src/SplineFusion.cpp:604:9:[m[K [01;31m[Kerror: [m[Kâ€˜[01m[Kpub_knots_active[m[Kâ€™ was not declared in this scope; did you mean â€˜[01m[Kpub_knots_active_[m[Kâ€™?
  604 |         [01;31m[Kpub_knots_active[m[K->publish(points_active_msg);
      |         [01;31m[K^~~~~~~~~~~~~~~~[m[K
      |         [32m[Kpub_knots_active_[m[K
[01m[K/home/dsh/Documents/work_logs/code/SFUISE/sfuise_ws/src/sfuise/src/SplineFusion.cpp:[m[K In member function â€˜[01m[Kgeometry_msgs::msg::Point32 SplineFusion::getPointMsg(Eigen::Vector3d)[m[Kâ€™:
[01m[K/home/dsh/Documents/work_logs/code/SFUISE/sfuise_ws/src/sfuise/src/SplineFusion.cpp:610:31:[m[K [01;31m[Kerror: [m[Kâ€˜[01m[Kcalib_param[m[Kâ€™ was not declared in this scope; did you mean â€˜[01m[Kcalib_param_[m[Kâ€™?
  610 |         Eigen::Vector3d p_U = [01;31m[Kcalib_param[m[K.q_nav_uwb * p + calib_param.t_nav_uwb; // è®¡ç®—æ ¡å‡†åçš„ç‚¹
      |                               [01;31m[K^~~~~~~~~~~[m[K
      |                               [32m[Kcalib_param_[m[K
[01m[K/home/dsh/Documents/work_logs/code/SFUISE/sfuise_ws/src/sfuise/src/SplineFusion.cpp:[m[K In member function â€˜[01m[Kbool SplineFusion::optimize(int)[m[Kâ€™:
[01m[K/home/dsh/Documents/work_logs/code/SFUISE/sfuise_ws/src/sfuise/src/SplineFusion.cpp:619:25:[m[K [01;31m[Kerror: [m[Kâ€˜[01m[Kbias_block_offset[m[Kâ€™ was not declared in this scope; did you mean â€˜[01m[Kbias_block_offset_[m[Kâ€™?
  619 |         Linearizer lopt([01;31m[Kbias_block_offset[m[K, gravity_block_offset, hess_size, &spline_local, &calib_param, &param, pose_fixed);
      |                         [01;31m[K^~~~~~~~~~~~~~~~~[m[K
      |                         [32m[Kbias_block_offset_[m[K
[01m[K/home/dsh/Documents/work_logs/code/SFUISE/sfuise_ws/src/sfuise/src/SplineFusion.cpp:619:44:[m[K [01;31m[Kerror: [m[Kâ€˜[01m[Kgravity_block_offset[m[Kâ€™ was not declared in this scope; did you mean â€˜[01m[Kgravity_block_offset_[m[Kâ€™?
  619 |         Linearizer lopt(bias_block_offset, [01;31m[Kgravity_block_offset[m[K, hess_size, &spline_local, &calib_param, &param, pose_fixed);
      |                                            [01;31m[K^~~~~~~~~~~~~~~~~~~~[m[K
      |                                            [32m[Kgravity_block_offset_[m[K
[01m[K/home/dsh/Documents/work_logs/code/SFUISE/sfuise_ws/src/sfuise/src/SplineFusion.cpp:619:66:[m[K [01;31m[Kerror: [m[Kâ€˜[01m[Khess_size[m[Kâ€™ was not declared in this scope; did you mean â€˜[01m[Khess_size_[m[Kâ€™?
  619 |         Linearizer lopt(bias_block_offset, gravity_block_offset, [01;31m[Khess_size[m[K, &spline_local, &calib_param, &param, pose_fixed);
      |                                                                  [01;31m[K^~~~~~~~~[m[K
      |                                                                  [32m[Khess_size_[m[K
[01m[K/home/dsh/Documents/work_logs/code/SFUISE/sfuise_ws/src/sfuise/src/SplineFusion.cpp:619:78:[m[K [01;31m[Kerror: [m[Kâ€˜[01m[Kspline_local[m[Kâ€™ was not declared in this scope; did you mean â€˜[01m[Kspline_local_[m[Kâ€™?
  619 |         Linearizer lopt(bias_block_offset, gravity_block_offset, hess_size, &[01;31m[Kspline_local[m[K, &calib_param, &param, pose_fixed);
      |                                                                              [01;31m[K^~~~~~~~~~~~[m[K
      |                                                                              [32m[Kspline_local_[m[K
[01m[K/home/dsh/Documents/work_logs/code/SFUISE/sfuise_ws/src/sfuise/src/SplineFusion.cpp:619:93:[m[K [01;31m[Kerror: [m[Kâ€˜[01m[Kcalib_param[m[Kâ€™ was not declared in this scope; did you mean â€˜[01m[Kcalib_param_[m[Kâ€™?
  619 |         Linearizer lopt(bias_block_offset, gravity_block_offset, hess_size, &spline_local, &[01;31m[Kcalib_param[m[K, &param, pose_fixed);
      |                                                                                             [01;31m[K^~~~~~~~~~~[m[K
      |                                                                                             [32m[Kcalib_param_[m[K
[01m[K/home/dsh/Documents/work_logs/code/SFUISE/sfuise_ws/src/sfuise/src/SplineFusion.cpp:619:107:[m[K [01;31m[Kerror: [m[Kâ€˜[01m[Kparam[m[Kâ€™ was not declared in this scope; did you mean â€˜[01m[Kparam_[m[Kâ€™?
  619 |         Linearizer lopt(bias_block_offset, gravity_block_offset, hess_size, &spline_local, &calib_param, &[01;31m[Kparam[m[K, pose_fixed);
      |                                                                                                           [01;31m[K^~~~~[m[K
      |                                                                                                           [32m[Kparam_[m[K
[01m[K/home/dsh/Documents/work_logs/code/SFUISE/sfuise_ws/src/sfuise/src/SplineFusion.cpp:619:114:[m[K [01;31m[Kerror: [m[Kâ€˜[01m[Kpose_fixed[m[Kâ€™ was not declared in this scope; did you mean â€˜[01m[Kpose_fixed_[m[Kâ€™?
  619 |         Linearizer lopt(bias_block_offset, gravity_block_offset, hess_size, &spline_local, &calib_param, &param, [01;31m[Kpose_fixed[m[K);
      |                                                                                                                  [01;31m[K^~~~~~~~~~[m[K
      |                                                                                                                  [32m[Kpose_fixed_[m[K
[01m[K/home/dsh/Documents/work_logs/code/SFUISE/sfuise_ws/src/sfuise/src/SplineFusion.cpp:620:14:[m[K [01;31m[Kerror: [m[Kâ€˜[01m[Kimu_window[m[Kâ€™ was not declared in this scope; did you mean â€˜[01m[Kimu_window_[m[Kâ€™?
  620 |         if (![01;31m[Kimu_window[m[K.empty()) lopt(imu_window);
      |              [01;31m[K^~~~~~~~~~[m[K
      |              [32m[Kimu_window_[m[K
[01m[K/home/dsh/Documents/work_logs/code/SFUISE/sfuise_ws/src/sfuise/src/SplineFusion.cpp:621:14:[m[K [01;31m[Kerror: [m[Kâ€˜[01m[Ktdoa_window[m[Kâ€™ was not declared in this scope; did you mean â€˜[01m[Ktdoa_window_[m[Kâ€™?
  621 |         if (![01;31m[Ktdoa_window[m[K.empty()) lopt(tdoa_window);
      |              [01;31m[K^~~~~~~~~~~[m[K
      |              [32m[Ktdoa_window_[m[K
[01m[K/home/dsh/Documents/work_logs/code/SFUISE/sfuise_ws/src/sfuise/src/SplineFusion.cpp:622:14:[m[K [01;31m[Kerror: [m[Kâ€˜[01m[Ktoa_window[m[Kâ€™ was not declared in this scope; did you mean â€˜[01m[Ktoa_window_[m[Kâ€™?
  622 |         if (![01;31m[Ktoa_window[m[K.empty()) lopt(toa_window);
      |              [01;31m[K^~~~~~~~~~[m[K
      |              [32m[Ktoa_window_[m[K
[01m[K/home/dsh/Documents/work_logs/code/SFUISE/sfuise_ws/src/sfuise/src/SplineFusion.cpp:634:52:[m[K [01;31m[Kerror: [m[Kâ€˜[01m[Klambda[m[Kâ€™ was not declared in this scope; did you mean â€˜[01m[Kboost::mpl::lambda[m[Kâ€™?
  634 |             Eigen::VectorXd Hdiag_lambda = Hdiag * [01;31m[Klambda[m[K;
      |                                                    [01;31m[K^~~~~~[m[K
      |                                                    [32m[Kboost::mpl::lambda[m[K
In file included from [01m[K/usr/include/boost/mpl/aux_/na_spec.hpp:18[m[K,
                 from [01m[K/usr/include/boost/mpl/if.hpp:19[m[K,
                 from [01m[K/usr/include/boost/math/tools/precision.hpp:18[m[K,
                 from [01m[K/usr/include/boost/math/special_functions/sinc.hpp:19[m[K,
                 from [01m[K/home/dsh/Documents/work_logs/code/SFUISE/sfuise_ws/src/sfuise/src/../include/utils/math_tools.h:5[m[K,
                 from [01m[K/home/dsh/Documents/work_logs/code/SFUISE/sfuise_ws/src/sfuise/src/../include/Linearizer.h:4[m[K,
                 from [01m[K/home/dsh/Documents/work_logs/code/SFUISE/sfuise_ws/src/sfuise/src/SplineFusion.cpp:2[m[K:
[01m[K/usr/include/boost/mpl/lambda_fwd.hpp:36:8:[m[K [01;36m[Knote: [m[Kâ€˜[01m[Kboost::mpl::lambda[m[Kâ€™ declared here
   36 | struct [01;36m[Klambda[m[K;
      |        [01;36m[K^~~~~~[m[K
[01m[K/home/dsh/Documents/work_logs/code/SFUISE/sfuise_ws/src/sfuise/src/SplineFusion.cpp:649:18:[m[K [01;31m[Kerror: [m[Kâ€˜[01m[Ktoa_window[m[Kâ€™ was not declared in this scope; did you mean â€˜[01m[Ktoa_window_[m[Kâ€™?
  649 |             if (![01;31m[Ktoa_window[m[K.empty()) eopt(toa_window);
      |                  [01;31m[K^~~~~~~~~~[m[K
      |                  [32m[Ktoa_window_[m[K
[01m[K/home/dsh/Documents/work_logs/code/SFUISE/sfuise_ws/src/sfuise/src/SplineFusion.cpp:650:18:[m[K [01;31m[Kerror: [m[Kâ€˜[01m[Kimu_window[m[Kâ€™ was not declared in this scope; did you mean â€˜[01m[Kimu_window_[m[Kâ€™?
  650 |             if (![01;31m[Kimu_window[m[K.empty()) eopt(imu_window);
      |                  [01;31m[K^~~~~~~~~~[m[K
      |                  [32m[Kimu_window_[m[K
[01m[K/home/dsh/Documents/work_logs/code/SFUISE/sfuise_ws/src/sfuise/src/SplineFusion.cpp:651:18:[m[K [01;31m[Kerror: [m[Kâ€˜[01m[Ktdoa_window[m[Kâ€™ was not declared in this scope; did you mean â€˜[01m[Ktdoa_window_[m[Kâ€™?
  651 |             if (![01;31m[Ktdoa_window[m[K.empty()) eopt(tdoa_window);
      |                  [01;31m[K^~~~~~~~~~~[m[K
      |                  [32m[Ktdoa_window_[m[K
[01m[K/home/dsh/Documents/work_logs/code/SFUISE/sfuise_ws/src/sfuise/src/SplineFusion.cpp:658:42:[m[K [01;31m[Kerror: [m[Kâ€˜[01m[Klambda_vee[m[Kâ€™ was not declared in this scope; did you mean â€˜[01m[Klambda_vee_[m[Kâ€™?
  658 |                 lambda = std::min(100.0, [01;31m[Klambda_vee[m[K * lambda);
      |                                          [01;31m[K^~~~~~~~~~[m[K
      |                                          [32m[Klambda_vee_[m[K
[01m[K/home/dsh/Documents/work_logs/code/SFUISE/sfuise_ws/src/sfuise/src/SplineFusion.cpp:670:17:[m[K [01;31m[Kerror: [m[Kâ€˜[01m[Klambda_vee[m[Kâ€™ was not declared in this scope; did you mean â€˜[01m[Klambda_vee_[m[Kâ€™?
  670 |                 [01;31m[Klambda_vee[m[K = 2;
      |                 [01;31m[K^~~~~~~~~~[m[K
      |                 [32m[Klambda_vee_[m[K
[01m[K/home/dsh/Documents/work_logs/code/SFUISE/sfuise_ws/src/sfuise/src/SplineFusion.cpp:[m[K In member function â€˜[01m[Kvoid SplineFusion::updateLinearizerSize()[m[Kâ€™:
[01m[K/home/dsh/Documents/work_logs/code/SFUISE/sfuise_ws/src/sfuise/src/SplineFusion.cpp:679:25:[m[K [01;31m[Kerror: [m[Kâ€˜[01m[Kspline_local[m[Kâ€™ was not declared in this scope; did you mean â€˜[01m[Kspline_local_[m[Kâ€™?
  679 |         int num_knots = [01;31m[Kspline_local[m[K.numKnots();
      |                         [01;31m[K^~~~~~~~~~~~[m[K
      |                         [32m[Kspline_local_[m[K
[01m[K/home/dsh/Documents/work_logs/code/SFUISE/sfuise_ws/src/sfuise/src/SplineFusion.cpp:680:9:[m[K [01;31m[Kerror: [m[Kâ€˜[01m[Kbias_block_offset[m[Kâ€™ was not declared in this scope; did you mean â€˜[01m[Kbias_block_offset_[m[Kâ€™?
  680 |         [01;31m[Kbias_block_offset[m[K = Linearizer::POSE_SIZE * num_knots;
      |         [01;31m[K^~~~~~~~~~~~~~~~~[m[K
      |         [32m[Kbias_block_offset_[m[K
[01m[K/home/dsh/Documents/work_logs/code/SFUISE/sfuise_ws/src/sfuise/src/SplineFusion.cpp:681:9:[m[K [01;31m[Kerror: [m[Kâ€˜[01m[Khess_size[m[Kâ€™ was not declared in this scope; did you mean â€˜[01m[Khess_size_[m[Kâ€™?
  681 |         [01;31m[Khess_size[m[K = bias_block_offset;
      |         [01;31m[K^~~~~~~~~[m[K
      |         [32m[Khess_size_[m[K
[01m[K/home/dsh/Documents/work_logs/code/SFUISE/sfuise_ws/src/sfuise/src/SplineFusion.cpp:682:14:[m[K [01;31m[Kerror: [m[Kâ€˜[01m[Kif_uwb_only[m[Kâ€™ was not declared in this scope; did you mean â€˜[01m[Kif_uwb_only_[m[Kâ€™?
  682 |         if (![01;31m[Kif_uwb_only[m[K) {
      |              [01;31m[K^~~~~~~~~~~[m[K
      |              [32m[Kif_uwb_only_[m[K
[01m[K/home/dsh/Documents/work_logs/code/SFUISE/sfuise_ws/src/sfuise/src/SplineFusion.cpp:686:9:[m[K [01;31m[Kerror: [m[Kâ€˜[01m[Kgravity_block_offset[m[Kâ€™ was not declared in this scope; did you mean â€˜[01m[Kgravity_block_offset_[m[Kâ€™?
  686 |         [01;31m[Kgravity_block_offset[m[K = hess_size;
      |         [01;31m[K^~~~~~~~~~~~~~~~~~~~[m[K
      |         [32m[Kgravity_block_offset_[m[K
[01m[K/home/dsh/Documents/work_logs/code/SFUISE/sfuise_ws/src/sfuise/src/SplineFusion.cpp:688:13:[m[K [01;31m[Kerror: [m[Kâ€˜[01m[Kparam[m[Kâ€™ was not declared in this scope; did you mean â€˜[01m[Kparam_[m[Kâ€™?
  688 |         if ([01;31m[Kparam[m[K.if_opt_transform) {
      |             [01;31m[K^~~~~[m[K
      |             [32m[Kparam_[m[K
[01m[K/home/dsh/Documents/work_logs/code/SFUISE/sfuise_ws/src/sfuise/src/SplineFusion.cpp:[m[K In member function â€˜[01m[Kvoid SplineFusion::applyIncFull(Eigen::VectorXd&)[m[Kâ€™:
[01m[K/home/dsh/Documents/work_logs/code/SFUISE/sfuise_ws/src/sfuise/src/SplineFusion.cpp:696:28:[m[K [01;31m[Kerror: [m[Kâ€˜[01m[Kspline_local[m[Kâ€™ was not declared in this scope; did you mean â€˜[01m[Kspline_local_[m[Kâ€™?
  696 |         size_t num_knots = [01;31m[Kspline_local[m[K.numKnots();
      |                            [01;31m[K^~~~~~~~~~~~[m[K
      |                            [32m[Kspline_local_[m[K
[01m[K/home/dsh/Documents/work_logs/code/SFUISE/sfuise_ws/src/sfuise/src/SplineFusion.cpp:703:14:[m[K [01;31m[Kerror: [m[Kâ€˜[01m[Kif_uwb_only[m[Kâ€™ was not declared in this scope; did you mean â€˜[01m[Kif_uwb_only_[m[Kâ€™?
  703 |         if (![01;31m[Kif_uwb_only[m[K) {
      |              [01;31m[K^~~~~~~~~~~[m[K
      |              [32m[Kif_uwb_only_[m[K
[01m[K/home/dsh/Documents/work_logs/code/SFUISE/sfuise_ws/src/sfuise/src/SplineFusion.cpp:705:91:[m[K [01;31m[Kerror: [m[Kâ€˜[01m[Kbias_block_offset[m[Kâ€™ was not declared in this scope; did you mean â€˜[01m[Kbias_block_offset_[m[Kâ€™?
  705 |                 Eigen::Matrix<double, 6, 1> inc = inc_full.segment<Linearizer::BIAS_SIZE>([01;31m[Kbias_block_offset[m[K + Linearizer::BIAS_SIZE * i);
      |                                                                                           [01;31m[K^~~~~~~~~~~~~~~~~[m[K
      |                                                                                           [32m[Kbias_block_offset_[m[K
[01m[K/home/dsh/Documents/work_logs/code/SFUISE/sfuise_ws/src/sfuise/src/SplineFusion.cpp:709:17:[m[K [01;31m[Kerror: [m[Kâ€˜[01m[Kparam[m[Kâ€™ was not declared in this scope; did you mean â€˜[01m[Kparam_[m[Kâ€™?
  709 |             if ([01;31m[Kparam[m[K.if_opt_g) {
      |                 [01;31m[K^~~~~[m[K
      |                 [32m[Kparam_[m[K
[01m[K/home/dsh/Documents/work_logs/code/SFUISE/sfuise_ws/src/sfuise/src/SplineFusion.cpp:710:75:[m[K [01;31m[Kerror: [m[Kâ€˜[01m[Kgravity_block_offset[m[Kâ€™ was not declared in this scope; did you mean â€˜[01m[Kgravity_block_offset_[m[Kâ€™?
  710 |                 Eigen::VectorXd dg = inc_full.segment<Linearizer::G_SIZE>([01;31m[Kgravity_block_offset[m[K);
      |                                                                           [01;31m[K^~~~~~~~~~~~~~~~~~~~[m[K
      |                                                                           [32m[Kgravity_block_offset_[m[K
[01m[K/home/dsh/Documents/work_logs/code/SFUISE/sfuise_ws/src/sfuise/src/SplineFusion.cpp:711:39:[m[K [01;31m[Kerror: [m[Kâ€˜[01m[Kcalib_param[m[Kâ€™ was not declared in this scope; did you mean â€˜[01m[Kcalib_param_[m[Kâ€™?
  711 |                 Eigen::Vector3d g0 = ([01;31m[Kcalib_param[m[K.gravity + Sphere::TangentBasis(calib_param.gravity) * dg).normalized() * 9.81;
      |                                       [01;31m[K^~~~~~~~~~~[m[K
      |                                       [32m[Kcalib_param_[m[K
[01m[K/home/dsh/Documents/work_logs/code/SFUISE/sfuise_ws/src/sfuise/src/SplineFusion.cpp:716:13:[m[K [01;31m[Kerror: [m[Kâ€˜[01m[Kparam[m[Kâ€™ was not declared in this scope; did you mean â€˜[01m[Kparam_[m[Kâ€™?
  716 |         if ([01;31m[Kparam[m[K.if_opt_transform) {
      |             [01;31m[K^~~~~[m[K
      |             [32m[Kparam_[m[K
[01m[K/home/dsh/Documents/work_logs/code/SFUISE/sfuise_ws/src/sfuise/src/SplineFusion.cpp:717:13:[m[K [01;31m[Kerror: [m[Kâ€˜[01m[Kcalib_param[m[Kâ€™ was not declared in this scope; did you mean â€˜[01m[Kcalib_param_[m[Kâ€™?
  717 |             [01;31m[Kcalib_param[m[K.t_nav_uwb += inc_full.segment<Linearizer::OFFSET_SIZE>(gravity_block_offset + Linearizer::TRANS_OFFSET);
      |             [01;31m[K^~~~~~~~~~~[m[K
      |             [32m[Kcalib_param_[m[K
[01m[K/home/dsh/Documents/work_logs/code/SFUISE/sfuise_ws/src/sfuise/src/SplineFusion.cpp:717:80:[m[K [01;31m[Kerror: [m[Kâ€˜[01m[Kgravity_block_offset[m[Kâ€™ was not declared in this scope; did you mean â€˜[01m[Kgravity_block_offset_[m[Kâ€™?
  717 |             calib_param.t_nav_uwb += inc_full.segment<Linearizer::OFFSET_SIZE>([01;31m[Kgravity_block_offset[m[K + Linearizer::TRANS_OFFSET);
      |                                                                                [01;31m[K^~~~~~~~~~~~~~~~~~~~[m[K
      |                                                                                [32m[Kgravity_block_offset_[m[K
[01m[K/home/dsh/Documents/work_logs/code/SFUISE/sfuise_ws/src/sfuise/src/SplineFusion.cpp:[m[K In member function â€˜[01m[Kbool SplineFusion::initialization()[m[Kâ€™:
[01m[K/home/dsh/Documents/work_logs/code/SFUISE/sfuise_ws/src/sfuise/src/SplineFusion.cpp:314:21:[m[K [01;35m[Kwarning: [m[Kcontrol reaches end of non-void function [[01;35m[K]8;;https://gcc.gnu.org/onlinedocs/gcc/Warning-Options.html#index-Wreturn-type-Wreturn-type]8;;[m[K]
  314 |             int64_t [01;35m[Kmin_time[m[K = 1e18; // åˆå§‹åŒ–æœ€å°æ—¶é—´
      |                     [01;35m[K^~~~~~~~[m[K
gmake[2]: *** [CMakeFiles/SplineFusion.dir/build.make:76: CMakeFiles/SplineFusion.dir/src/SplineFusion.cpp.o] Error 1
gmake[1]: *** [CMakeFiles/Makefile2:165: CMakeFiles/SplineFusion.dir/all] Error 2
gmake: *** [Makefile:146: all] Error 2
