[0.024s] Invoking command in '/home/dsh/Documents/work_logs/code/SFUISE/sfuise_ws/build/sfuise': AMENT_PREFIX_PATH=/home/dsh/Documents/work_logs/code/SFUISE/sfuise_ws/install/sfuise_msgs:/home/dsh/Documents/work_logs/code/SFUISE/sfuise_ws/install/isas_msgs:/home/dsh/Documents/work_logs/code/SFUISE/sfuise_ws/install/cf_msgs:${AMENT_PREFIX_PATH} CMAKE_PREFIX_PATH=/home/dsh/Documents/work_logs/code/SFUISE/sfuise_ws/install/sfuise_msgs:/home/dsh/Documents/work_logs/code/SFUISE/sfuise_ws/install/isas_msgs:/home/dsh/Documents/work_logs/code/SFUISE/sfuise_ws/install/cf_msgs:/opt/ros/humble LD_LIBRARY_PATH=/home/dsh/Documents/work_logs/code/SFUISE/sfuise_ws/install/sfuise_msgs/lib:/home/dsh/Documents/work_logs/code/SFUISE/sfuise_ws/install/isas_msgs/lib:/home/dsh/Documents/work_logs/code/SFUISE/sfuise_ws/install/cf_msgs/lib:${LD_LIBRARY_PATH} PYTHONPATH=/home/dsh/Documents/work_logs/code/SFUISE/sfuise_ws/install/sfuise_msgs/local/lib/python3.10/dist-packages:/home/dsh/Documents/work_logs/code/SFUISE/sfuise_ws/install/isas_msgs/local/lib/python3.10/dist-packages:/home/dsh/Documents/work_logs/code/SFUISE/sfuise_ws/install/cf_msgs/local/lib/python3.10/dist-packages:${PYTHONPATH} /usr/bin/cmake --build /home/dsh/Documents/work_logs/code/SFUISE/sfuise_ws/build/sfuise -- -j20 -l20
[0.107s] [35m[1mConsolidate compiler generated dependencies of target SplineFusion[0m
[0.108s] [35m[1mConsolidate compiler generated dependencies of target EstimationInterface[0m
[0.155s] [ 25%] [32m[1mLinking CXX executable SplineFusion[0m
[0.156s] [ 50%] [32mBuilding CXX object CMakeFiles/EstimationInterface.dir/src/EstimationInterface.cpp.o[0m
[0.608s] /usr/bin/ld: CMakeFiles/SplineFusion.dir/src/SplineFusion.cpp.o: in function `Eigen::CholmodBase<Eigen::SparseMatrix<double, 0, int>, 1, Eigen::CholmodSupernodalLLT<Eigen::SparseMatrix<double, 0, int>, 1> >::~CholmodBase()':
[0.608s] SplineFusion.cpp:(.text._ZN5Eigen11CholmodBaseINS_12SparseMatrixIdLi0EiEELi1ENS_20CholmodSupernodalLLTIS2_Li1EEEED2Ev[_ZN5Eigen11CholmodBaseINS_12SparseMatrixIdLi0EiEELi1ENS_20CholmodSupernodalLLTIS2_Li1EEEED5Ev]+0x1e): undefined reference to `cholmod_free_factor'
[0.608s] /usr/bin/ld: SplineFusion.cpp:(.text._ZN5Eigen11CholmodBaseINS_12SparseMatrixIdLi0EiEELi1ENS_20CholmodSupernodalLLTIS2_Li1EEEED2Ev[_ZN5Eigen11CholmodBaseINS_12SparseMatrixIdLi0EiEELi1ENS_20CholmodSupernodalLLTIS2_Li1EEEED5Ev]+0x26): undefined reference to `cholmod_finish'
[0.610s] /usr/bin/ld: CMakeFiles/SplineFusion.dir/src/SplineFusion.cpp.o: in function `SplineFusion::optimize(int)':
[0.610s] SplineFusion.cpp:(.text._ZN12SplineFusion8optimizeEi[_ZN12SplineFusion8optimizeEi]+0x7d8): undefined reference to `cholmod_start'
[0.611s] /usr/bin/ld: SplineFusion.cpp:(.text._ZN12SplineFusion8optimizeEi[_ZN12SplineFusion8optimizeEi]+0x80f): undefined reference to `cholmod_free_factor'
[0.611s] /usr/bin/ld: SplineFusion.cpp:(.text._ZN12SplineFusion8optimizeEi[_ZN12SplineFusion8optimizeEi]+0x864): undefined reference to `cholmod_analyze'
[0.611s] /usr/bin/ld: SplineFusion.cpp:(.text._ZN12SplineFusion8optimizeEi[_ZN12SplineFusion8optimizeEi]+0x8dc): undefined reference to `cholmod_factorize_p'
[0.611s] /usr/bin/ld: SplineFusion.cpp:(.text._ZN12SplineFusion8optimizeEi[_ZN12SplineFusion8optimizeEi]+0x9ea): undefined reference to `cholmod_solve'
[0.611s] /usr/bin/ld: SplineFusion.cpp:(.text._ZN12SplineFusion8optimizeEi[_ZN12SplineFusion8optimizeEi]+0xa49): undefined reference to `cholmod_free_dense'
[0.612s] /usr/bin/ld: SplineFusion.cpp:(.text._ZN12SplineFusion8optimizeEi[_ZN12SplineFusion8optimizeEi]+0xa69): undefined reference to `cholmod_free_factor'
[0.612s] /usr/bin/ld: SplineFusion.cpp:(.text._ZN12SplineFusion8optimizeEi[_ZN12SplineFusion8optimizeEi]+0xa71): undefined reference to `cholmod_finish'
[0.648s] collect2: error: ld returned 1 exit status
[0.651s] gmake[2]: *** [CMakeFiles/SplineFusion.dir/build.make:215: SplineFusion] Error 1
[0.652s] gmake[1]: *** [CMakeFiles/Makefile2:165: CMakeFiles/SplineFusion.dir/all] Error 2
[0.652s] gmake[1]: *** Waiting for unfinished jobs....
[7.083s] [01m[K/home/dsh/Documents/work_logs/code/SFUISE/sfuise_ws/src/sfuise/src/EstimationInterface.cpp:[m[K In member function ‚Äò[01m[Kvoid EstimationInterface::getToaISASCallback(isas_msgs::msg::RTLSStick_<std::allocator<void> >::SharedPtr)[m[K‚Äô:
[7.083s] [01m[K/home/dsh/Documents/work_logs/code/SFUISE/sfuise_ws/src/sfuise/src/EstimationInterface.cpp:309:22:[m[K [01;31m[Kerror: [m[K‚Äò[01m[Kusing element_type = class rclcpp::PublisherBase[m[K‚Äô {aka ‚Äò[01m[Kclass rclcpp::PublisherBase[m[K‚Äô} has no member named ‚Äò[01m[Kpublish[m[K‚Äô
[7.083s]   309 |             pub_uwb->[01;31m[Kpublish[m[K(*uwb_msg); // ÂèëÂ∏ÉUWBÊï∞ÊçÆ
[7.083s]       |                      [01;31m[K^~~~~~~[m[K
[7.087s] [01m[K/home/dsh/Documents/work_logs/code/SFUISE/sfuise_ws/src/sfuise/src/EstimationInterface.cpp:[m[K In member function ‚Äò[01m[Kvoid EstimationInterface::getTdoaUTILCallback(cf_msgs::msg::Tdoa_<std::allocator<void> >::SharedPtr)[m[K‚Äô:
[7.087s] [01m[K/home/dsh/Documents/work_logs/code/SFUISE/sfuise_ws/src/sfuise/src/EstimationInterface.cpp:323:35:[m[K [01;31m[Kerror: [m[K‚Äò[01m[Kusing element_type = class rclcpp::PublisherBase[m[K‚Äô {aka ‚Äò[01m[Kclass rclcpp::PublisherBase[m[K‚Äô} has no member named ‚Äò[01m[Kpublish[m[K‚Äô
[7.087s]   323 |             if (pub_uwb) pub_uwb->[01;31m[Kpublish[m[K(*msg); // ÂèëÂ∏ÉTDOAÊï∞ÊçÆ
[7.087s]       |                                   [01;31m[K^~~~~~~[m[K
[22.098s] gmake[2]: *** [CMakeFiles/EstimationInterface.dir/build.make:76: CMakeFiles/EstimationInterface.dir/src/EstimationInterface.cpp.o] Error 1
[22.098s] gmake[1]: *** [CMakeFiles/Makefile2:139: CMakeFiles/EstimationInterface.dir/all] Error 2
[22.099s] gmake: *** [Makefile:146: all] Error 2
[22.101s] Invoked command in '/home/dsh/Documents/work_logs/code/SFUISE/sfuise_ws/build/sfuise' returned '2': AMENT_PREFIX_PATH=/home/dsh/Documents/work_logs/code/SFUISE/sfuise_ws/install/sfuise_msgs:/home/dsh/Documents/work_logs/code/SFUISE/sfuise_ws/install/isas_msgs:/home/dsh/Documents/work_logs/code/SFUISE/sfuise_ws/install/cf_msgs:${AMENT_PREFIX_PATH} CMAKE_PREFIX_PATH=/home/dsh/Documents/work_logs/code/SFUISE/sfuise_ws/install/sfuise_msgs:/home/dsh/Documents/work_logs/code/SFUISE/sfuise_ws/install/isas_msgs:/home/dsh/Documents/work_logs/code/SFUISE/sfuise_ws/install/cf_msgs:/opt/ros/humble LD_LIBRARY_PATH=/home/dsh/Documents/work_logs/code/SFUISE/sfuise_ws/install/sfuise_msgs/lib:/home/dsh/Documents/work_logs/code/SFUISE/sfuise_ws/install/isas_msgs/lib:/home/dsh/Documents/work_logs/code/SFUISE/sfuise_ws/install/cf_msgs/lib:${LD_LIBRARY_PATH} PYTHONPATH=/home/dsh/Documents/work_logs/code/SFUISE/sfuise_ws/install/sfuise_msgs/local/lib/python3.10/dist-packages:/home/dsh/Documents/work_logs/code/SFUISE/sfuise_ws/install/isas_msgs/local/lib/python3.10/dist-packages:/home/dsh/Documents/work_logs/code/SFUISE/sfuise_ws/install/cf_msgs/local/lib/python3.10/dist-packages:${PYTHONPATH} /usr/bin/cmake --build /home/dsh/Documents/work_logs/code/SFUISE/sfuise_ws/build/sfuise -- -j20 -l20
