[35m[1mConsolidate compiler generated dependencies of target EstimationInterface[0m
[ 50%] Built target SplineFusion
[ 75%] [32mBuilding CXX object CMakeFiles/EstimationInterface.dir/src/EstimationInterface.cpp.o[0m
[01m[K/home/dsh/Documents/work_logs/code/SFUISE/sfuise_ws/src/sfuise/src/EstimationInterface.cpp:[m[K In constructor â€˜[01m[KEstimationInterface::EstimationInterface()[m[Kâ€™:
[01m[K/home/dsh/Documents/work_logs/code/SFUISE/sfuise_ws/src/sfuise/src/EstimationInterface.cpp:34:9:[m[K [01;31m[Kerror: [m[Kâ€˜[01m[Kinitialized_anchor[m[Kâ€™ was not declared in this scope
   34 |         [01;31m[Kinitialized_anchor[m[K = false;
      |         [01;31m[K^~~~~~~~~~~~~~~~~~[m[K
[01m[K/home/dsh/Documents/work_logs/code/SFUISE/sfuise_ws/src/sfuise/src/EstimationInterface.cpp:35:9:[m[K [01;31m[Kerror: [m[Kâ€˜[01m[Kif_nav_uwb[m[Kâ€™ was not declared in this scope
   35 |         [01;31m[Kif_nav_uwb[m[K = false;
      |         [01;31m[K^~~~~~~~~~[m[K
[01m[K/home/dsh/Documents/work_logs/code/SFUISE/sfuise_ws/src/sfuise/src/EstimationInterface.cpp:38:9:[m[K [01;31m[Kerror: [m[Kâ€˜[01m[KreadParamsInterface[m[Kâ€™ was not declared in this scope
   38 |         [01;31m[KreadParamsInterface[m[K();
      |         [01;31m[K^~~~~~~~~~~~~~~~~~~[m[K
gmake[2]: *** [CMakeFiles/EstimationInterface.dir/build.make:76: CMakeFiles/EstimationInterface.dir/src/EstimationInterface.cpp.o] Error 1
gmake[1]: *** [CMakeFiles/Makefile2:139: CMakeFiles/EstimationInterface.dir/all] Error 2
gmake: *** [Makefile:146: all] Error 2
