[0.031s] Invoking command in '/home/dsh/Documents/work_logs/code/SFUISE/sfuise_ws/build/sfuise': CMAKE_PREFIX_PATH=/home/dsh/Documents/work_logs/code/SFUISE/sfuise_ws/install/sfuise_msgs:/home/dsh/Documents/work_logs/code/SFUISE/sfuise_ws/install/isas_msgs:/home/dsh/Documents/work_logs/code/SFUISE/sfuise_ws/install/cf_msgs:/home/dsh/Documents/work_logs/code/SFUISE/sfuise_ws/install/sfuise:/opt/ros/humble /usr/bin/cmake --build /home/dsh/Documents/work_logs/code/SFUISE/sfuise_ws/build/sfuise -- -j20 -l20
[0.111s] [35m[1mConsolidate compiler generated dependencies of target EstimationInterface[0m
[0.140s] [ 50%] Built target SplineFusion
[0.154s] [ 75%] [32mBuilding CXX object CMakeFiles/EstimationInterface.dir/src/EstimationInterface.cpp.o[0m
[6.354s] [01m[K/home/dsh/Documents/work_logs/code/SFUISE/sfuise_ws/src/sfuise/src/EstimationInterface.cpp:[m[K In constructor â€˜[01m[KEstimationInterface::EstimationInterface()[m[Kâ€™:
[6.355s] [01m[K/home/dsh/Documents/work_logs/code/SFUISE/sfuise_ws/src/sfuise/src/EstimationInterface.cpp:34:9:[m[K [01;31m[Kerror: [m[Kâ€˜[01m[Kinitialized_anchor[m[Kâ€™ was not declared in this scope
[6.355s]    34 |         [01;31m[Kinitialized_anchor[m[K = false;
[6.355s]       |         [01;31m[K^~~~~~~~~~~~~~~~~~[m[K
[6.371s] [01m[K/home/dsh/Documents/work_logs/code/SFUISE/sfuise_ws/src/sfuise/src/EstimationInterface.cpp:35:9:[m[K [01;31m[Kerror: [m[Kâ€˜[01m[Kif_nav_uwb[m[Kâ€™ was not declared in this scope
[6.372s]    35 |         [01;31m[Kif_nav_uwb[m[K = false;
[6.372s]       |         [01;31m[K^~~~~~~~~~[m[K
[6.397s] [01m[K/home/dsh/Documents/work_logs/code/SFUISE/sfuise_ws/src/sfuise/src/EstimationInterface.cpp:38:9:[m[K [01;31m[Kerror: [m[Kâ€˜[01m[KreadParamsInterface[m[Kâ€™ was not declared in this scope
[6.397s]    38 |         [01;31m[KreadParamsInterface[m[K();
[6.397s]       |         [01;31m[K^~~~~~~~~~~~~~~~~~~[m[K
[11.997s] gmake[2]: *** [CMakeFiles/EstimationInterface.dir/build.make:76: CMakeFiles/EstimationInterface.dir/src/EstimationInterface.cpp.o] Error 1
[11.997s] gmake[1]: *** [CMakeFiles/Makefile2:139: CMakeFiles/EstimationInterface.dir/all] Error 2
[11.998s] gmake: *** [Makefile:146: all] Error 2
[12.001s] Invoked command in '/home/dsh/Documents/work_logs/code/SFUISE/sfuise_ws/build/sfuise' returned '2': CMAKE_PREFIX_PATH=/home/dsh/Documents/work_logs/code/SFUISE/sfuise_ws/install/sfuise_msgs:/home/dsh/Documents/work_logs/code/SFUISE/sfuise_ws/install/isas_msgs:/home/dsh/Documents/work_logs/code/SFUISE/sfuise_ws/install/cf_msgs:/home/dsh/Documents/work_logs/code/SFUISE/sfuise_ws/install/sfuise:/opt/ros/humble /usr/bin/cmake --build /home/dsh/Documents/work_logs/code/SFUISE/sfuise_ws/build/sfuise -- -j20 -l20
